#
# A fatal error has been detected by the Java Runtime Environment:
#
#  EXCEPTION_ACCESS_VIOLATION (0xc0000005) at pc=0x0000000180035c55, pid=5828, tid=8248
#
# JRE version: Java(TM) SE Runtime Environment (8.0_73-b02) (build 1.8.0_73-b02)
# Java VM: Java HotSpot(TM) 64-Bit Server VM (25.73-b02 mixed mode windows-amd64 compressed oops)
# Problematic frame:
# C  [ASProxy64.dll+0x35c55]
#
# Failed to write core dump. Minidumps are not enabled by default on client versions of Windows
#
# If you would like to submit a bug report, please visit:
#   http://bugreport.java.com/bugreport/crash.jsp
# The crash happened outside the Java Virtual Machine in native code.
# See problematic frame for where to report the bug.
#

---------------  T H R E A D  ---------------

Current thread (0x000000002009c000):  JavaThread "Daemon worker Thread 7" [_thread_in_native, id=8248, stack(0x000000005d7c0000,0x000000005d8c0000)]

siginfo: ExceptionCode=0xc0000005, writing address 0xffffffffffffffba

Registers:
RAX=0x0000000000000000, RBX=0x000000000064cb00, RCX=0x000000000064cb00, RDX=0x0000000018766b00
RSP=0x000000005d8b5c70, RBP=0x0000000000000000, RSI=0x0000000000000000, RDI=0x000000001d0237d8
R8 =0x0000000180080358, R9 =0x0000000180069ffa, R10=0x0000000000000000, R11=0x000000005d8b5c18
R12=0x000000001d0238c8, R13=0x00000000204f0fb0, R14=0x000000005d8b5e28, R15=0x0000000000000008
RIP=0x0000000180035c55, EFLAGS=0x0000000000010246

Top of Stack: (sp=0x000000005d8b5c70)
0x000000005d8b5c70:   ff000000001d0237 000000018006a080
0x000000005d8b5c80:   0000000180069ffb 000000001d0237d8
0x000000005d8b5c90:   000000002009c1f8 0000000180036e57
0x000000005d8b5ca0:   0000000180080290 000000000064cb00
0x000000005d8b5cb0:   0000000180069ffa 00000000588b8d94
0x000000005d8b5cc0:   000000002009c1f8 000000001d0237d8
0x000000005d8b5cd0:   000000001e40c300 000000001e40c1c0
0x000000005d8b5ce0:   000000002009c1f8 00000000587d3d4a
0x000000005d8b5cf0:   000000000064cb00 000000002009c1f8
0x000000005d8b5d00:   000000001e40c1c0 000000001e40c300
0x000000005d8b5d10:   000088e900000003 000000000064cb00
0x000000005d8b5d20:   000000001e40c300 0000000000000002
0x000000005d8b5d30:   0000000000000000 0000000000000000
0x000000005d8b5d40:   0000000000000000 0000000000000000
0x000000005d8b5d50:   0000000000000000 0000000000000000
0x000000005d8b5d60:   000000002009c000 000000005d8b5e30 

Instructions: (pc=0x0000000180035c55)
0x0000000180035c35:   ff 25 00 00 00 00 5b 40 ba 7a fd 7f 00 00 53 48
0x0000000180035c45:   83 ec 20 48 8b d9 48 89 7c 24 ff 25 00 00 00 00
0x0000000180035c55:   11 40 ba 7a fd 7f 00 00 01 89 04 24 8b 44 24 04
0x0000000180035c65:   0f af 04 24 83 c0 02 89 04 24 8b 44 24 04 0f af 


Register to memory mapping:

RAX=0x0000000000000000 is an unknown value
RBX=0x000000000064cb00 is an unknown value
RCX=0x000000000064cb00 is an unknown value
RDX=0x0000000018766b00 is an unknown value
RSP=0x000000005d8b5c70 is pointing into the stack for thread: 0x000000002009c000
RBP=0x0000000000000000 is an unknown value
RSI=0x0000000000000000 is an unknown value
RDI=0x000000001d0237d8 is an unknown value
R8 =0x0000000180080358 is an unknown value
R9 =0x0000000180069ffa is an unknown value
R10=0x0000000000000000 is an unknown value
R11=0x000000005d8b5c18 is pointing into the stack for thread: 0x000000002009c000
R12=0x000000001d0238c8 is an unknown value
R13=0x00000000204f0fb0 is an unknown value
R14=0x000000005d8b5e28 is pointing into the stack for thread: 0x000000002009c000
R15=0x0000000000000008 is an unknown value


Stack: [0x000000005d7c0000,0x000000005d8c0000],  sp=0x000000005d8b5c70,  free space=983k
Native frames: (J=compiled Java code, j=interpreted, Vv=VM code, C=native code)

Java frames: (J=compiled Java code, j=interpreted, Vv=VM code)
j  java.net.Inet6AddressImpl.lookupAllHostAddr(Ljava/lang/String;)[Ljava/net/InetAddress;+0
j  java.net.InetAddress$2.lookupAllHostAddr(Ljava/lang/String;)[Ljava/net/InetAddress;+4
j  java.net.InetAddress.getAddressesFromNameService(Ljava/lang/String;Ljava/net/InetAddress;)[Ljava/net/InetAddress;+51
j  java.net.InetAddress.getLocalHost()Ljava/net/InetAddress;+90
j  javax.crypto.JarVerifier.getSystemEntropy()[B+91
j  javax.crypto.JarVerifier.testSignatures(Ljava/security/cert/X509Certificate;Ljava/security/cert/CertificateFactory;)V+3
j  javax.crypto.JarVerifier.access$400(Ljava/security/cert/X509Certificate;Ljava/security/cert/CertificateFactory;)V+2
j  javax.crypto.JarVerifier$1.run()Ljava/lang/Void;+71
j  javax.crypto.JarVerifier$1.run()Ljava/lang/Object;+1
v  ~StubRoutines::call_stub
J 533  java.security.AccessController.doPrivileged(Ljava/security/PrivilegedExceptionAction;)Ljava/lang/Object; (0 bytes) @ 0x0000000002930e52 [0x0000000002930e00+0x52]
j  javax.crypto.JarVerifier.<clinit>()V+7
v  ~StubRoutines::call_stub
j  javax.crypto.JceSecurity.loadPolicies(Ljava/io/File;Ljavax/crypto/CryptoPermissions;Ljavax/crypto/CryptoPermissions;)V+146
j  javax.crypto.JceSecurity.setupJurisdictionPolicies()V+130
j  javax.crypto.JceSecurity.access$000()V+0
j  javax.crypto.JceSecurity$1.run()Ljava/lang/Object;+0
v  ~StubRoutines::call_stub
J 533  java.security.AccessController.doPrivileged(Ljava/security/PrivilegedExceptionAction;)Ljava/lang/Object; (0 bytes) @ 0x0000000002930e52 [0x0000000002930e00+0x52]
j  javax.crypto.JceSecurity.<clinit>()V+49
v  ~StubRoutines::call_stub
j  javax.crypto.JceSecurityManager.<clinit>()V+31
v  ~StubRoutines::call_stub
j  javax.crypto.Cipher.getConfiguredPermission(Ljava/lang/String;)Ljavax/crypto/CryptoPermission;+17
j  javax.crypto.Cipher.getMaxAllowedKeyLength(Ljava/lang/String;)I+1
j  sun.security.ssl.CipherSuite$BulkCipher.isAvailable(Lsun/security/ssl/CipherSuite$BulkCipher;)Z+36
j  sun.security.ssl.CipherSuite$BulkCipher.isAvailable()Z+27
j  sun.security.ssl.CipherSuite.isAvailable()Z+21
j  sun.security.ssl.SSLContextImpl.getApplicableCipherSuiteList(Lsun/security/ssl/ProtocolList;Z)Lsun/security/ssl/CipherSuiteList;+105
j  sun.security.ssl.SSLContextImpl.getDefaultCipherSuiteList(Z)Lsun/security/ssl/CipherSuiteList;+55
j  sun.security.ssl.SSLSocketImpl.init(Lsun/security/ssl/SSLContextImpl;Z)V+88
j  sun.security.ssl.SSLSocketImpl.<init>(Lsun/security/ssl/SSLContextImpl;)V+96
j  sun.security.ssl.SSLSocketFactoryImpl.createSocket()Ljava/net/Socket;+8
j  org.apache.http.conn.ssl.SSLSocketFactory.createSocket(Lorg/apache/http/params/HttpParams;)Ljava/net/Socket;+4
j  org.apache.http.impl.conn.DefaultClientConnectionOperator.openConnection(Lorg/apache/http/conn/OperatedClientConnection;Lorg/apache/http/HttpHost;Ljava/net/InetAddress;Lorg/apache/http/protocol/HttpContext;Lorg/apache/http/params/HttpParams;)V+142
j  org.apache.http.impl.conn.ManagedClientConnectionImpl.open(Lorg/apache/http/conn/routing/HttpRoute;Lorg/apache/http/protocol/HttpContext;Lorg/apache/http/params/HttpParams;)V+133
j  org.apache.http.impl.client.DefaultRequestDirector.tryConnect(Lorg/apache/http/impl/client/RoutedRequest;Lorg/apache/http/protocol/HttpContext;)V+49
j  org.apache.http.impl.client.DefaultRequestDirector.execute(Lorg/apache/http/HttpHost;Lorg/apache/http/HttpRequest;Lorg/apache/http/protocol/HttpContext;)Lorg/apache/http/HttpResponse;+367
j  org.apache.http.impl.client.AbstractHttpClient.execute(Lorg/apache/http/HttpHost;Lorg/apache/http/HttpRequest;Lorg/apache/http/protocol/HttpContext;)Lorg/apache/http/HttpResponse;+344
j  org.apache.http.impl.client.DecompressingHttpClient.execute(Lorg/apache/http/HttpHost;Lorg/apache/http/HttpRequest;Lorg/apache/http/protocol/HttpContext;)Lorg/apache/http/HttpResponse;+65
j  org.apache.http.impl.client.DecompressingHttpClient.execute(Lorg/apache/http/client/methods/HttpUriRequest;Lorg/apache/http/protocol/HttpContext;)Lorg/apache/http/HttpResponse;+8
j  org.gradle.internal.resource.transport.http.HttpClientHelper.performHttpRequest(Lorg/apache/http/client/methods/HttpRequestBase;)Lorg/apache/http/HttpResponse;+37
j  org.gradle.internal.resource.transport.http.HttpClientHelper.executeGetOrHead(Lorg/apache/http/client/methods/HttpRequestBase;)Lorg/apache/http/HttpResponse;+2
j  org.gradle.internal.resource.transport.http.HttpClientHelper.performRequest(Lorg/apache/http/client/methods/HttpRequestBase;)Lorg/apache/http/HttpResponse;+7
j  org.gradle.internal.resource.transport.http.HttpClientHelper.performRawGet(Ljava/lang/String;)Lorg/apache/http/HttpResponse;+9
j  org.gradle.internal.resource.transport.http.HttpClientHelper.performGet(Ljava/lang/String;)Lorg/apache/http/HttpResponse;+6
j  org.gradle.internal.resource.transport.http.HttpResourceAccessor.openResource(Ljava/net/URI;)Lorg/gradle/internal/resource/transport/http/HttpResponseResource;+25
j  org.gradle.internal.resource.transport.http.HttpResourceAccessor.openResource(Ljava/net/URI;)Lorg/gradle/internal/resource/transfer/ExternalResourceReadResponse;+2
j  org.gradle.internal.resource.transfer.DefaultExternalResourceConnector.openResource(Ljava/net/URI;)Lorg/gradle/internal/resource/transfer/ExternalResourceReadResponse;+5
j  org.gradle.internal.resource.transfer.ProgressLoggingExternalResourceAccessor.openResource(Ljava/net/URI;)Lorg/gradle/internal/resource/transfer/ExternalResourceReadResponse;+5
j  org.gradle.internal.resource.transport.DefaultExternalResourceRepository.getResource(Ljava/net/URI;)Lorg/gradle/internal/resource/ExternalResource;+5
j  org.gradle.internal.resource.transfer.DefaultCacheAwareExternalResourceAccessor.getResource(Ljava/net/URI;Lorg/gradle/internal/resource/transfer/CacheAwareExternalResourceAccessor$ResourceFileStore;Lorg/gradle/internal/resource/local/LocallyAvailableResourceCandidates;)Lorg/gradle/internal/resource/local/LocallyAvailableExternalResource;+57
J 6538 C1 org.gradle.api.internal.artifacts.repositories.resolver.DefaultExternalResourceArtifactResolver.downloadStaticResource(Ljava/util/List;Lorg/gradle/internal/component/external/model/ModuleComponentArtifactMetaData;Lorg/gradle/internal/resolve/result/ResourceAwareResolveResult;)Lorg/gradle/internal/resource/local/LocallyAvailableExternalResource; (142 bytes) @ 0x0000000003bd11e4 [0x0000000003bd00e0+0x1104]
J 11639 C1 org.gradle.api.internal.artifacts.repositories.resolver.ExternalResourceResolver.parseMetaDataFromArtifact(Lorg/gradle/api/artifacts/component/ModuleComponentIdentifier;Lorg/gradle/api/internal/artifacts/repositories/resolver/ExternalResourceArtifactResolver;Lorg/gradle/internal/resolve/result/ResourceAwareResolveResult;)Lorg/gradle/internal/component/external/model/MutableModuleComponentResolveMetaData; (48 bytes) @ 0x000000000478b084 [0x000000000478aa60+0x624]
J 11638 C1 org.gradle.api.internal.artifacts.repositories.resolver.ExternalResourceResolver.resolveStaticDependency(Lorg/gradle/api/artifacts/component/ModuleComponentIdentifier;Lorg/gradle/internal/component/model/ComponentOverrideMetadata;Lorg/gradle/internal/resolve/result/BuildableModuleComponentMetaDataResolveResult;Lorg/gradle/api/internal/artifacts/repositories/resolver/ExternalResourceArtifactResolver;)V (101 bytes) @ 0x00000000047a1bb4 [0x00000000047a1a80+0x134]
J 11636 C1 org.gradle.api.internal.artifacts.repositories.resolver.MavenResolver.doResolveComponentMetaData(Lorg/gradle/api/artifacts/component/ModuleComponentIdentifier;Lorg/gradle/internal/component/model/ComponentOverrideMetadata;Lorg/gradle/internal/resolve/result/BuildableModuleComponentMetaDataResolveResult;)V (88 bytes) @ 0x0000000004799ddc [0x0000000004798a20+0x13bc]
J 10527 C1 org.gradle.api.internal.artifacts.repositories.resolver.ExternalResourceResolver$RemoteRepositoryAccess.resolveComponentMetaData(Lorg/gradle/api/artifacts/component/ModuleComponentIdentifier;Lorg/gradle/internal/component/model/ComponentOverrideMetadata;Lorg/gradle/internal/resolve/result/BuildableModuleComponentMetaDataResolveResult;)V (11 bytes) @ 0x0000000002d3e384 [0x0000000002d3e280+0x104]
j  org.gradle.api.internal.artifacts.ivyservice.ivyresolve.CacheLockReleasingModuleComponentsRepository$LockReleasingRepositoryAccess$2.run()V+19
J 5786 C1 org.gradle.internal.Factories$1.create()Ljava/lang/Object; (11 bytes) @ 0x000000000395ef84 [0x000000000395ee80+0x104]
j  org.gradle.cache.internal.DefaultCacheAccess.longRunningOperation(Ljava/lang/String;Lorg/gradle/internal/Factory;)Ljava/lang/Object;+7
j  org.gradle.cache.internal.DefaultCacheAccess.longRunningOperation(Ljava/lang/String;Ljava/lang/Runnable;)V+6
j  org.gradle.cache.internal.DefaultPersistentDirectoryStore.longRunningOperation(Ljava/lang/String;Ljava/lang/Runnable;)V+6
j  org.gradle.cache.internal.DefaultCacheFactory$ReferenceTrackingCache.longRunningOperation(Ljava/lang/String;Ljava/lang/Runnable;)V+9
j  org.gradle.api.internal.artifacts.ivyservice.DefaultCacheLockingManager.longRunningOperation(Ljava/lang/String;Ljava/lang/Runnable;)V+6
j  org.gradle.api.internal.artifacts.ivyservice.ivyresolve.CacheLockReleasingModuleComponentsRepository$LockReleasingRepositoryAccess.resolveComponentMetaData(Lorg/gradle/api/artifacts/component/ModuleComponentIdentifier;Lorg/gradle/internal/component/model/ComponentOverrideMetadata;Lorg/gradle/internal/resolve/result/BuildableModuleComponentMetaDataResolveResult;)V+35
j  org.gradle.api.internal.artifacts.ivyservice.ivyresolve.CachingModuleComponentRepository$ResolveAndCacheRepositoryAccess.resolveComponentMetaData(Lorg/gradle/api/artifacts/component/ModuleComponentIdentifier;Lorg/gradle/internal/component/model/ComponentOverrideMetadata;Lorg/gradle/internal/resolve/result/BuildableModuleComponentMetaDataResolveResult;)V+24
J 6565 C1 org.gradle.api.internal.artifacts.ivyservice.ivyresolve.memcache.InMemoryCachedModuleComponentRepository$CachedAccess.resolveComponentMetaData(Lorg/gradle/api/artifacts/component/ModuleComponentIdentifier;Lorg/gradle/internal/component/model/ComponentOverrideMetadata;Lorg/gradle/internal/resolve/result/BuildableModuleComponentMetaDataResolveResult;)V (29 bytes) @ 0x0000000003bfa3dc [0x0000000003bfa1e0+0x1fc]
J 6564 C1 org.gradle.api.internal.artifacts.ivyservice.ivyresolve.ErrorHandlingModuleComponentRepository$ErrorHandlingModuleComponentRepositoryAccess.resolveComponentMetaData(Lorg/gradle/api/artifacts/component/ModuleComponentIdentifier;Lorg/gradle/internal/component/model/ComponentOverrideMetadata;Lorg/gradle/internal/resolve/result/BuildableModuleComponentMetaDataResolveResult;)V (34 bytes) @ 0x0000000003bf313c [0x0000000003bf3020+0x11c]
J 6569 C1 org.gradle.api.internal.artifacts.ivyservice.ivyresolve.ComponentMetaDataResolveState.process(Lorg/gradle/api/internal/artifacts/ivyservice/ivyresolve/ModuleComponentRepositoryAccess;)V (66 bytes) @ 0x0000000003c0d524 [0x0000000003c0d400+0x124]
J 5799 C1 org.gradle.api.internal.artifacts.ivyservice.ivyresolve.ComponentMetaDataResolveState.resolve()Lorg/gradle/internal/resolve/result/BuildableModuleComponentMetaDataResolveResult; (93 bytes) @ 0x000000000396286c [0x00000000039622e0+0x58c]
J 6312 C1 org.gradle.api.internal.artifacts.ivyservice.ivyresolve.RepositoryChainComponentMetaDataResolver.findBestMatch(Ljava/util/LinkedList;Ljava/util/Collection;Ljava/util/Collection;)Lorg/gradle/api/internal/artifacts/ivyservice/ivyresolve/RepositoryChainModuleResolution; (216 bytes) @ 0x0000000002b18c74 [0x0000000002b188a0+0x3d4]
J 6337 C1 org.gradle.api.internal.artifacts.ivyservice.ivyresolve.RepositoryChainComponentMetaDataResolver.findBestMatch(Ljava/util/List;Ljava/util/Collection;)Lorg/gradle/api/internal/artifacts/ivyservice/ivyresolve/RepositoryChainModuleResolution; (62 bytes) @ 0x00000000035cb694 [0x00000000035cb1e0+0x4b4]
J 7483 C1 org.gradle.api.internal.artifacts.ivyservice.ivyresolve.RepositoryChainComponentMetaDataResolver.resolveModule(Lorg/gradle/api/artifacts/component/ModuleComponentIdentifier;Lorg/gradle/internal/component/model/ComponentOverrideMetadata;Lorg/gradle/internal/resolve/result/BuildableComponentResolveResult;)V (277 bytes) @ 0x0000000003f18c1c [0x0000000003f17840+0x13dc]
J 6336 C1 org.gradle.api.internal.artifacts.ivyservice.ivyresolve.RepositoryChainComponentMetaDataResolver.resolve(Lorg/gradle/api/artifacts/component/ComponentIdentifier;Lorg/gradle/internal/component/model/ComponentOverrideMetadata;Lorg/gradle/internal/resolve/result/BuildableComponentResolveResult;)V (28 bytes) @ 0x000000000336391c [0x0000000003363660+0x2bc]
J 13729 C1 org.gradle.api.internal.artifacts.ivyservice.resolveengine.ComponentResolversChain$ComponentMetaDataResolverChain.resolve(Lorg/gradle/api/artifacts/component/ComponentIdentifier;Lorg/gradle/internal/component/model/ComponentOverrideMetadata;Lorg/gradle/internal/resolve/result/BuildableComponentResolveResult;)V (57 bytes) @ 0x0000000004368994 [0x0000000004368520+0x474]
J 13728 C1 org.gradle.api.internal.artifacts.ivyservice.clientmodule.ClientModuleResolver.resolve(Lorg/gradle/api/artifacts/component/ComponentIdentifier;Lorg/gradle/internal/component/model/ComponentOverrideMetadata;Lorg/gradle/internal/resolve/result/BuildableComponentResolveResult;)V (74 bytes) @ 0x00000000045409d4 [0x00000000045408a0+0x134]
J 7854 C1 org.gradle.api.internal.artifacts.ivyservice.resolveengine.graph.DependencyGraphBuilder$ModuleVersionResolveState.resolve()V (122 bytes) @ 0x0000000002f1b81c [0x0000000002f1a700+0x111c]
J 6574 C1 org.gradle.api.internal.artifacts.ivyservice.resolveengine.graph.DependencyGraphBuilder$DependencyEdge.calculateTargetConfigurations()V (110 bytes) @ 0x0000000003bf21c4 [0x0000000003bf2000+0x1c4]
J 6302 C1 org.gradle.api.internal.artifacts.ivyservice.resolveengine.graph.DependencyGraphBuilder$DependencyEdge.attachToTargetConfigurations()V (79 bytes) @ 0x0000000002bcf584 [0x0000000002bcf4a0+0xe4]
J 16187 C1 org.gradle.api.internal.artifacts.ivyservice.resolveengine.graph.DependencyGraphBuilder.traverseGraph(Lorg/gradle/api/internal/artifacts/ivyservice/resolveengine/graph/DependencyGraphBuilder$ResolveState;Lorg/gradle/api/internal/artifacts/ivyservice/resolveengine/graph/conflicts/ConflictHandler;)V (257 bytes) @ 0x0000000004c0855c [0x0000000004c04f20+0x363c]
j  org.gradle.api.internal.artifacts.ivyservice.resolveengine.graph.DependencyGraphBuilder.resolve(Lorg/gradle/api/internal/artifacts/ResolveContext;Lorg/gradle/api/internal/artifacts/ivyservice/resolveengine/graph/DependencyGraphVisitor;)V+79
j  org.gradle.api.internal.artifacts.ivyservice.resolveengine.DefaultArtifactDependencyResolver$1.execute(Lorg/apache/ivy/Ivy;)V+135
j  org.gradle.api.internal.artifacts.ivyservice.resolveengine.DefaultArtifactDependencyResolver$1.execute(Ljava/lang/Object;)V+5
J 6660 C1 org.gradle.internal.Transformers$4.transform(Ljava/lang/Object;)Ljava/lang/Object; (12 bytes) @ 0x0000000003c613c4 [0x0000000003c612c0+0x104]
J 6673 C1 org.gradle.api.internal.artifacts.ivyservice.DefaultIvyContextManager.withIvy(Lorg/gradle/api/Transformer;)Ljava/lang/Object; (155 bytes) @ 0x0000000003c70264 [0x0000000003c6c760+0x3b04]
J 5184 C1 org.gradle.api.internal.artifacts.ivyservice.DefaultIvyContextManager.withIvy(Lorg/gradle/api/Action;)V (10 bytes) @ 0x0000000003795de4 [0x0000000003795c20+0x1c4]
j  org.gradle.api.internal.artifacts.ivyservice.resolveengine.DefaultArtifactDependencyResolver.resolve(Lorg/gradle/api/internal/artifacts/ResolveContext;Ljava/util/List;Lorg/gradle/api/internal/artifacts/GlobalDependencyResolutionRules;Lorg/gradle/api/internal/artifacts/ivyservice/resolveengine/graph/DependencyGraphVisitor;Lorg/gradle/api/internal/artifacts/ivyservice/resolveengine/artifact/DependencyArtifactsVisitor;)V+19
j  org.gradle.api.internal.artifacts.ivyservice.CacheLockingArtifactDependencyResolver$1.run()V+27
J 15757 C2 org.gradle.cache.internal.DefaultCacheAccess.useCache(Ljava/lang/String;Lorg/gradle/internal/Factory;)Ljava/lang/Object; (215 bytes) @ 0x000000000532494c [0x0000000005324440+0x50c]
J 17005 C2 org.gradle.api.internal.artifacts.ivyservice.DefaultCacheLockingManager.useCache(Ljava/lang/String;Ljava/lang/Runnable;)V (12 bytes) @ 0x000000000310be40 [0x000000000310bd60+0xe0]
j  org.gradle.api.internal.artifacts.ivyservice.CacheLockingArtifactDependencyResolver.resolve(Lorg/gradle/api/internal/artifacts/ResolveContext;Ljava/util/List;Lorg/gradle/api/internal/artifacts/GlobalDependencyResolutionRules;Lorg/gradle/api/internal/artifacts/ivyservice/resolveengine/graph/DependencyGraphVisitor;Lorg/gradle/api/internal/artifacts/ivyservice/resolveengine/artifact/DependencyArtifactsVisitor;)V+32
j  org.gradle.api.internal.artifacts.ivyservice.DefaultConfigurationResolver.resolve(Lorg/gradle/api/internal/artifacts/configurations/ConfigurationInternal;Lorg/gradle/api/internal/artifacts/ResolverResults;)V+216
j  org.gradle.api.internal.artifacts.ivyservice.SelfResolvingDependencyConfigurationResolver.resolve(Lorg/gradle/api/internal/artifacts/configurations/ConfigurationInternal;Lorg/gradle/api/internal/artifacts/ResolverResults;)V+6
j  org.gradle.api.internal.artifacts.ivyservice.ShortCircuitEmptyConfigurationResolver.resolve(Lorg/gradle/api/internal/artifacts/configurations/ConfigurationInternal;Lorg/gradle/api/internal/artifacts/ResolverResults;)V+90
j  org.gradle.api.internal.artifacts.ivyservice.ErrorHandlingConfigurationResolver.resolve(Lorg/gradle/api/internal/artifacts/configurations/ConfigurationInternal;Lorg/gradle/api/internal/artifacts/ResolverResults;)V+6
J 16763 C1 org.gradle.api.internal.artifacts.configurations.DefaultConfiguration.resolveGraphIfRequired(Lorg/gradle/api/internal/artifacts/configurations/ConfigurationInternal$InternalState;)V (147 bytes) @ 0x000000000291c804 [0x000000000291b200+0x1604]
J 16762 C1 org.gradle.api.internal.artifacts.configurations.DefaultConfiguration.resolveNow(Lorg/gradle/api/internal/artifacts/configurations/ConfigurationInternal$InternalState;)V (48 bytes) @ 0x0000000002f96c84 [0x0000000002f96aa0+0x1e4]
j  org.gradle.api.internal.artifacts.configurations.DefaultConfiguration.getResolvedConfiguration()Lorg/gradle/api/artifacts/ResolvedConfiguration;+4
j  org.gradle.api.internal.artifacts.configurations.DefaultConfiguration_Decorated.getResolvedConfiguration()Lorg/gradle/api/artifacts/ResolvedConfiguration;+7
j  com.android.build.gradle.internal.DependencyManager.collectArtifacts(Lorg/gradle/api/artifacts/Configuration;Ljava/util/Map;)V+14
j  com.android.build.gradle.internal.DependencyManager.resolveDependencyForConfig(Lcom/android/build/gradle/internal/dependency/VariantDependencies;Lcom/android/build/gradle/internal/dependency/VariantDependencies;Ljava/lang/String;Lcom/google/common/collect/Multimap;)V+39
j  com.android.build.gradle.internal.DependencyManager.resolveDependencies(Lcom/android/build/gradle/internal/dependency/VariantDependencies;Lcom/android/build/gradle/internal/dependency/VariantDependencies;Ljava/lang/String;)V+11
j  com.android.build.gradle.internal.TaskManager.resolveDependencies(Lcom/android/build/gradle/internal/dependency/VariantDependencies;Lcom/android/build/gradle/internal/dependency/VariantDependencies;Ljava/lang/String;)V+7
j  com.android.build.gradle.internal.VariantManager$9.call()Ljava/lang/Void;+16
j  com.android.build.gradle.internal.VariantManager$9.call()Ljava/lang/Object;+1
J 13839 C1 com.android.builder.profile.ThreadRecorder$1.record(Lcom/android/builder/profile/ExecutionType;Lcom/android/builder/profile/Recorder$Block;[Lcom/android/builder/profile/Recorder$Property;)Ljava/lang/Object; (10 bytes) @ 0x0000000003e84454 [0x0000000003e84240+0x214]
j  com.android.build.gradle.internal.profile.SpanRecorders.record(Lorg/gradle/api/Project;Lcom/android/builder/profile/ExecutionType;Lcom/android/builder/profile/Recorder$Block;[Lcom/android/builder/profile/Recorder$Property;)Ljava/lang/Object;+45
j  com.android.build.gradle.internal.VariantManager.createVariantData(Lcom/android/builder/model/BuildType;Ljava/util/List;)Lcom/android/build/gradle/internal/variant/BaseVariantData;+603
j  com.android.build.gradle.internal.VariantManager.createVariantDataForProductFlavors(Ljava/util/List;)V+184
j  com.android.build.gradle.internal.VariantManager.populateVariantDataList()V+16
j  com.android.build.gradle.internal.VariantManager$1.call()Ljava/lang/Void;+4
j  com.android.build.gradle.internal.VariantManager$1.call()Ljava/lang/Object;+1
J 13839 C1 com.android.builder.profile.ThreadRecorder$1.record(Lcom/android/builder/profile/ExecutionType;Lcom/android/builder/profile/Recorder$Block;[Lcom/android/builder/profile/Recorder$Property;)Ljava/lang/Object; (10 bytes) @ 0x0000000003e84454 [0x0000000003e84240+0x214]
j  com.android.build.gradle.internal.VariantManager.createAndroidTasks()V+70
j  com.android.build.gradle.BasePlugin$12.call()Ljava/lang/Void;+7
j  com.android.build.gradle.BasePlugin$12.call()Ljava/lang/Object;+1
J 13839 C1 com.android.builder.profile.ThreadRecorder$1.record(Lcom/android/builder/profile/ExecutionType;Lcom/android/builder/profile/Recorder$Block;[Lcom/android/builder/profile/Recorder$Property;)Ljava/lang/Object; (10 bytes) @ 0x0000000003e84454 [0x0000000003e84240+0x214]
j  com.android.build.gradle.BasePlugin.createAndroidTasks(Z)V+310
j  com.android.build.gradle.BasePlugin$10$1.call()Ljava/lang/Void;+8
j  com.android.build.gradle.BasePlugin$10$1.call()Ljava/lang/Object;+1
J 13839 C1 com.android.builder.profile.ThreadRecorder$1.record(Lcom/android/builder/profile/ExecutionType;Lcom/android/builder/profile/Recorder$Block;[Lcom/android/builder/profile/Recorder$Property;)Ljava/lang/Object; (10 bytes) @ 0x0000000003e84454 [0x0000000003e84240+0x214]
j  com.android.build.gradle.BasePlugin$10.execute(Lorg/gradle/api/Project;)V+36
j  com.android.build.gradle.BasePlugin$10.execute(Ljava/lang/Object;)V+5
j  org.gradle.internal.event.BroadcastDispatch$ActionInvocationHandler.dispatch(Lorg/gradle/messaging/dispatch/MethodInvocation;)V+27
j  org.gradle.internal.event.BroadcastDispatch$ActionInvocationHandler.dispatch(Ljava/lang/Object;)V+5
J 9947 C2 org.gradle.messaging.dispatch.ProxyDispatchAdapter$DispatchingInvocationHandler.invoke(Ljava/lang/Object;Ljava/lang/reflect/Method;[Ljava/lang/Object;)Ljava/lang/Object; (179 bytes) @ 0x000000000310e450 [0x000000000310df20+0x530]
j  com.sun.proxy.$Proxy11.afterEvaluate(Lorg/gradle/api/Project;Lorg/gradle/api/ProjectState;)V+20
j  org.gradle.configuration.project.LifecycleProjectEvaluator.notifyAfterEvaluate(Lorg/gradle/api/ProjectEvaluationListener;Lorg/gradle/api/internal/project/ProjectInternal;Lorg/gradle/api/internal/project/ProjectStateInternal;)V+3
j  org.gradle.configuration.project.LifecycleProjectEvaluator.evaluate(Lorg/gradle/api/internal/project/ProjectInternal;Lorg/gradle/api/internal/project/ProjectStateInternal;)V+72
j  org.gradle.api.internal.project.AbstractProject.evaluate()Lorg/gradle/api/internal/project/AbstractProject;+9
j  org.gradle.api.internal.project.AbstractProject.evaluate()Lorg/gradle/api/Project;+1
j  org.gradle.execution.TaskPathProjectEvaluator.configureHierarchy(Lorg/gradle/api/internal/project/ProjectInternal;)V+82
j  org.gradle.configuration.DefaultBuildConfigurer.configure(Lorg/gradle/api/internal/GradleInternal;)V+50
j  org.gradle.initialization.DefaultGradleLauncher$2.run()V+14
J 5786 C1 org.gradle.internal.Factories$1.create()Ljava/lang/Object; (11 bytes) @ 0x000000000395ef84 [0x000000000395ee80+0x104]
j  org.gradle.internal.progress.DefaultBuildOperationExecutor.run(Lorg/gradle/internal/progress/BuildOperationDetails;Lorg/gradle/internal/Factory;)Ljava/lang/Object;+171
j  org.gradle.internal.progress.DefaultBuildOperationExecutor.run(Ljava/lang/String;Ljava/lang/Runnable;)V+12
j  org.gradle.initialization.DefaultGradleLauncher.doBuildStages(Lorg/gradle/initialization/DefaultGradleLauncher$Stage;)V+39
j  org.gradle.initialization.DefaultGradleLauncher.access$200(Lorg/gradle/initialization/DefaultGradleLauncher;Lorg/gradle/initialization/DefaultGradleLauncher$Stage;)V+2
j  org.gradle.initialization.DefaultGradleLauncher$1.create()Lorg/gradle/BuildResult;+29
j  org.gradle.initialization.DefaultGradleLauncher$1.create()Ljava/lang/Object;+1
j  org.gradle.internal.progress.DefaultBuildOperationExecutor.run(Lorg/gradle/internal/progress/BuildOperationDetails;Lorg/gradle/internal/Factory;)Ljava/lang/Object;+171
j  org.gradle.internal.progress.DefaultBuildOperationExecutor.run(Ljava/lang/String;Lorg/gradle/internal/Factory;)Ljava/lang/Object;+9
j  org.gradle.initialization.DefaultGradleLauncher.doBuild(Lorg/gradle/initialization/DefaultGradleLauncher$Stage;)Lorg/gradle/BuildResult;+25
j  org.gradle.initialization.DefaultGradleLauncher.getBuildAnalysis()Lorg/gradle/BuildResult;+4
j  org.gradle.launcher.exec.InProcessBuildActionExecuter$DefaultBuildController.configure()Lorg/gradle/api/internal/GradleInternal;+4
j  org.gradle.tooling.internal.provider.runner.ClientProvidedBuildActionRunner.run(Lorg/gradle/internal/invocation/BuildAction;Lorg/gradle/internal/invocation/BuildController;)V+56
j  org.gradle.launcher.exec.ChainingBuildActionRunner.run(Lorg/gradle/internal/invocation/BuildAction;Lorg/gradle/internal/invocation/BuildController;)V+34
j  org.gradle.tooling.internal.provider.runner.SubscribableBuildActionRunner.run(Lorg/gradle/internal/invocation/BuildAction;Lorg/gradle/internal/invocation/BuildController;)V+37
j  org.gradle.launcher.exec.ChainingBuildActionRunner.run(Lorg/gradle/internal/invocation/BuildAction;Lorg/gradle/internal/invocation/BuildController;)V+34
j  org.gradle.launcher.exec.InProcessBuildActionExecuter.execute(Lorg/gradle/internal/invocation/BuildAction;Lorg/gradle/initialization/BuildRequestContext;Lorg/gradle/launcher/exec/BuildActionParameters;Lorg/gradle/internal/service/ServiceRegistry;)Ljava/lang/Object;+63
j  org.gradle.launcher.exec.InProcessBuildActionExecuter.execute(Lorg/gradle/internal/invocation/BuildAction;Lorg/gradle/initialization/BuildRequestContext;Ljava/lang/Object;Lorg/gradle/internal/service/ServiceRegistry;)Ljava/lang/Object;+9
j  org.gradle.launcher.exec.ContinuousBuildActionExecuter.execute(Lorg/gradle/internal/invocation/BuildAction;Lorg/gradle/initialization/BuildRequestContext;Lorg/gradle/launcher/exec/BuildActionParameters;Lorg/gradle/internal/service/ServiceRegistry;)Ljava/lang/Object;+70
j  org.gradle.launcher.exec.ContinuousBuildActionExecuter.execute(Lorg/gradle/internal/invocation/BuildAction;Lorg/gradle/initialization/BuildRequestContext;Ljava/lang/Object;Lorg/gradle/internal/service/ServiceRegistry;)Ljava/lang/Object;+9
j  org.gradle.launcher.daemon.server.exec.ExecuteBuild.doBuild(Lorg/gradle/launcher/daemon/server/api/DaemonCommandExecution;Lorg/gradle/launcher/daemon/protocol/Build;)V+74
j  org.gradle.launcher.daemon.server.exec.BuildCommandOnly.execute(Lorg/gradle/launcher/daemon/server/api/DaemonCommandExecution;)V+49
j  org.gradle.launcher.daemon.server.api.DaemonCommandExecution.proceed()Z+28
j  org.gradle.launcher.daemon.server.exec.WatchForDisconnection.execute(Lorg/gradle/launcher/daemon/server/api/DaemonCommandExecution;)V+19
j  org.gradle.launcher.daemon.server.api.DaemonCommandExecution.proceed()Z+28
j  org.gradle.launcher.daemon.server.exec.ResetDeprecationLogger.execute(Lorg/gradle/launcher/daemon/server/api/DaemonCommandExecution;)V+4
j  org.gradle.launcher.daemon.server.api.DaemonCommandExecution.proceed()Z+28
j  org.gradle.launcher.daemon.server.exec.RequestStopIfSingleUsedDaemon.execute(Lorg/gradle/launcher/daemon/server/api/DaemonCommandExecution;)V+31
j  org.gradle.launcher.daemon.server.api.DaemonCommandExecution.proceed()Z+28
j  org.gradle.launcher.daemon.server.exec.ForwardClientInput$2.call()Ljava/lang/Void;+4
j  org.gradle.launcher.daemon.server.exec.ForwardClientInput$2.call()Ljava/lang/Object;+1
j  org.gradle.util.Swapper.swap(Ljava/lang/Object;Ljava/util/concurrent/Callable;)Ljava/lang/Object;+21
j  org.gradle.launcher.daemon.server.exec.ForwardClientInput.execute(Lorg/gradle/launcher/daemon/server/api/DaemonCommandExecution;)V+63
j  org.gradle.launcher.daemon.server.api.DaemonCommandExecution.proceed()Z+28
j  org.gradle.launcher.daemon.server.health.DaemonHealthTracker.execute(Lorg/gradle/launcher/daemon/server/api/DaemonCommandExecution;)V+35
j  org.gradle.launcher.daemon.server.api.DaemonCommandExecution.proceed()Z+28
j  org.gradle.launcher.daemon.server.exec.LogToClient.doBuild(Lorg/gradle/launcher/daemon/server/api/DaemonCommandExecution;Lorg/gradle/launcher/daemon/protocol/Build;)V+97
j  org.gradle.launcher.daemon.server.exec.BuildCommandOnly.execute(Lorg/gradle/launcher/daemon/server/api/DaemonCommandExecution;)V+49
j  org.gradle.launcher.daemon.server.api.DaemonCommandExecution.proceed()Z+28
j  org.gradle.launcher.daemon.server.exec.EstablishBuildEnvironment.doBuild(Lorg/gradle/launcher/daemon/server/api/DaemonCommandExecution;Lorg/gradle/launcher/daemon/protocol/Build;)V+279
j  org.gradle.launcher.daemon.server.exec.BuildCommandOnly.execute(Lorg/gradle/launcher/daemon/server/api/DaemonCommandExecution;)V+49
j  org.gradle.launcher.daemon.server.api.DaemonCommandExecution.proceed()Z+28
j  org.gradle.launcher.daemon.server.health.HintGCAfterBuild.execute(Lorg/gradle/launcher/daemon/server/api/DaemonCommandExecution;)V+1
j  org.gradle.launcher.daemon.server.api.DaemonCommandExecution.proceed()Z+28
j  org.gradle.launcher.daemon.server.exec.StartBuildOrRespondWithBusy$1.run()V+44
j  org.gradle.launcher.daemon.server.DaemonStateCoordinator$1.run()V+4
J 16335 C1 org.gradle.internal.concurrent.ExecutorPolicy$CatchAndRecordFailures.onExecute(Ljava/lang/Runnable;)V (45 bytes) @ 0x0000000005540b1c [0x0000000005540a00+0x11c]
J 16336 C1 org.gradle.internal.concurrent.StoppableExecutorImpl$1.run()V (59 bytes) @ 0x0000000005544744 [0x0000000005544320+0x424]
j  java.util.concurrent.ThreadPoolExecutor.runWorker(Ljava/util/concurrent/ThreadPoolExecutor$Worker;)V+95
J 15891 C1 java.util.concurrent.ThreadPoolExecutor$Worker.run()V (9 bytes) @ 0x0000000005391c84 [0x0000000005391b80+0x104]
J 15892 C1 java.lang.Thread.run()V (17 bytes) @ 0x0000000005391844 [0x0000000005391700+0x144]
v  ~StubRoutines::call_stub

---------------  P R O C E S S  ---------------

Java Threads: ( => current thread )
  0x0000000020095000 JavaThread "Stdin handler" [_thread_blocked, id=3804, stack(0x000000005d8c0000,0x000000005d9c0000)]
=>0x000000002009c000 JavaThread "Daemon worker Thread 7" [_thread_in_native, id=8248, stack(0x000000005d7c0000,0x000000005d8c0000)]
  0x0000000020094800 JavaThread "Cancel handler" [_thread_blocked, id=10228, stack(0x000000005d6c0000,0x000000005d7c0000)]
  0x0000000020097800 JavaThread "Handler for socket connection from /127.0.0.1:50055 to /127.0.0.1:51395" [_thread_in_native, id=9328, stack(0x000000005d5c0000,0x000000005d6c0000)]
  0x0000000020096800 JavaThread "Daemon Thread 7" [_thread_blocked, id=9536, stack(0x000000005d4c0000,0x000000005d5c0000)]
  0x00000000200a0000 JavaThread "pool-4-thread-1" [_thread_blocked, id=10416, stack(0x0000000034130000,0x0000000034230000)]
  0x000000002009f000 JavaThread "pool-4-thread-2" [_thread_blocked, id=10412, stack(0x0000000034030000,0x0000000034130000)]
  0x000000001bbf3800 JavaThread "File lock request listener" [_thread_in_native, id=7720, stack(0x000000001d490000,0x000000001d590000)]
  0x0000000019da6000 JavaThread "Incoming local TCP Connector on port 50055" [_thread_in_native, id=8148, stack(0x0000000019650000,0x0000000019750000)]
  0x00000000172bb000 JavaThread "Service Thread" daemon [_thread_blocked, id=7396, stack(0x0000000017bc0000,0x0000000017cc0000)]
  0x000000001724e000 JavaThread "C1 CompilerThread3" daemon [_thread_blocked, id=5576, stack(0x0000000017ac0000,0x0000000017bc0000)]
  0x0000000017247800 JavaThread "C2 CompilerThread2" daemon [_thread_blocked, id=3900, stack(0x00000000179c0000,0x0000000017ac0000)]
  0x0000000017245800 JavaThread "C2 CompilerThread1" daemon [_thread_blocked, id=5664, stack(0x00000000178c0000,0x00000000179c0000)]
  0x0000000017243000 JavaThread "C2 CompilerThread0" daemon [_thread_blocked, id=4056, stack(0x00000000177c0000,0x00000000178c0000)]
  0x0000000017241800 JavaThread "Attach Listener" daemon [_thread_blocked, id=6788, stack(0x00000000176c0000,0x00000000177c0000)]
  0x00000000171f7800 JavaThread "Signal Dispatcher" daemon [_thread_blocked, id=5960, stack(0x00000000175c0000,0x00000000176c0000)]
  0x00000000026d9800 JavaThread "Finalizer" daemon [_thread_blocked, id=5072, stack(0x00000000170c0000,0x00000000171c0000)]
  0x00000000151fd800 JavaThread "Reference Handler" daemon [_thread_blocked, id=4332, stack(0x0000000016fc0000,0x00000000170c0000)]
  0x000000000217d800 JavaThread "main" [_thread_blocked, id=5252, stack(0x00000000024e0000,0x00000000025e0000)]

Other Threads:
  0x00000000151f9800 VMThread [stack: 0x0000000016ec0000,0x0000000016fc0000] [id=4404]
  0x0000000017312000 WatcherThread [stack: 0x0000000017cc0000,0x0000000017dc0000] [id=4644]

VM state:not at safepoint (normal execution)

VM Mutex/Monitor currently owned by a thread: None

Heap:
 PSYoungGen      total 186368K, used 75813K [0x00000000eab00000, 0x00000000f9080000, 0x0000000100000000)
  eden space 182784K, 39% used [0x00000000eab00000,0x00000000ef1a95c0,0x00000000f5d80000)
  from space 3584K, 96% used [0x00000000f6400000,0x00000000f6760020,0x00000000f6780000)
  to   space 26112K, 0% used [0x00000000f7700000,0x00000000f7700000,0x00000000f9080000)
 ParOldGen       total 101376K, used 38503K [0x00000000c0000000, 0x00000000c6300000, 0x00000000eab00000)
  object space 101376K, 37% used [0x00000000c0000000,0x00000000c2599e30,0x00000000c6300000)
 Metaspace       used 66958K, capacity 71048K, committed 74624K, reserved 1114112K
  class space    used 8698K, capacity 9244K, committed 10368K, reserved 1048576K

Card table byte_map: [0x0000000011aa0000,0x0000000011cb0000] byte_map_base: 0x00000000114a0000

Marking Bits: (ParMarkBitMap*) 0x0000000059140600
 Begin Bits: [0x0000000012610000, 0x0000000013610000)
 End Bits:   [0x0000000013610000, 0x0000000014610000)

Polling page: 0x0000000000530000

CodeCache: size=245760Kb used=50510Kb max_used=50523Kb free=195249Kb
 bounds [0x00000000026e0000, 0x0000000005890000, 0x00000000116e0000]
 total_blobs=14248 nmethods=13479 adapters=679
 compilation: enabled

Compilation events (10 events):
Event: 9573.169 Thread 0x0000000017247800 nmethod 17427 0x000000000586c3d0 code [0x000000000586c500, 0x000000000586c658]
Event: 9573.174 Thread 0x0000000017245800 nmethod 17426 0x0000000005877d10 code [0x0000000005877e80, 0x0000000005878b38]
Event: 9573.247 Thread 0x000000001724e000 17429       3       java.io.BufferedReader::ensureOpen (18 bytes)
Event: 9573.248 Thread 0x000000001724e000 nmethod 17429 0x0000000005876110 code [0x0000000005876280, 0x00000000058764c8]
Event: 9573.249 Thread 0x000000001724e000 17430  s    3       java.io.ByteArrayInputStream::read (36 bytes)
Event: 9573.249 Thread 0x000000001724e000 nmethod 17430 0x0000000005870d50 code [0x0000000005870ec0, 0x0000000005871210]
Event: 9573.249 Thread 0x000000001724e000 17431       3       sun.security.provider.X509Factory::readOneBlock (411 bytes)
Event: 9573.251 Thread 0x000000001724e000 nmethod 17431 0x000000000587cbd0 code [0x000000000587d080, 0x0000000005880198]
Event: 9573.251 Thread 0x0000000017243000 17432       4       java.security.MessageDigest$Delegate::engineUpdate (11 bytes)
Event: 9573.257 Thread 0x0000000017243000 nmethod 17432 0x0000000005881e50 code [0x0000000005881fc0, 0x0000000005882478]

GC Heap History (10 events):
Event: 4449.573 GC heap before
{Heap before GC invocations=37 (full 7):
 PSYoungGen      total 224256K, used 195072K [0x00000000eab00000, 0x00000000fa280000, 0x0000000100000000)
  eden space 195072K, 100% used [0x00000000eab00000,0x00000000f6980000,0x00000000f6980000)
  from space 29184K, 0% used [0x00000000f6980000,0x00000000f6980000,0x00000000f8600000)
  to   space 29184K, 0% used [0x00000000f8600000,0x00000000f8600000,0x00000000fa280000)
 ParOldGen       total 101376K, used 37895K [0x00000000c0000000, 0x00000000c6300000, 0x00000000eab00000)
  object space 101376K, 37% used [0x00000000c0000000,0x00000000c2501ce0,0x00000000c6300000)
 Metaspace       used 64313K, capacity 67156K, committed 74240K, reserved 1114112K
  class space    used 8307K, capacity 8731K, committed 10240K, reserved 1048576K
Event: 4449.579 GC heap after
Heap after GC invocations=37 (full 7):
 PSYoungGen      total 225280K, used 5504K [0x00000000eab00000, 0x00000000fa480000, 0x0000000100000000)
  eden space 196096K, 0% used [0x00000000eab00000,0x00000000eab00000,0x00000000f6a80000)
  from space 29184K, 18% used [0x00000000f8600000,0x00000000f8b60000,0x00000000fa280000)
  to   space 28160K, 0% used [0x00000000f6a80000,0x00000000f6a80000,0x00000000f8600000)
 ParOldGen       total 101376K, used 37903K [0x00000000c0000000, 0x00000000c6300000, 0x00000000eab00000)
  object space 101376K, 37% used [0x00000000c0000000,0x00000000c2503ce0,0x00000000c6300000)
 Metaspace       used 64313K, capacity 67156K, committed 74240K, reserved 1114112K
  class space    used 8307K, capacity 8731K, committed 10240K, reserved 1048576K
}
Event: 4684.166 GC heap before
{Heap before GC invocations=38 (full 7):
 PSYoungGen      total 225280K, used 201600K [0x00000000eab00000, 0x00000000fa480000, 0x0000000100000000)
  eden space 196096K, 100% used [0x00000000eab00000,0x00000000f6a80000,0x00000000f6a80000)
  from space 29184K, 18% used [0x00000000f8600000,0x00000000f8b60000,0x00000000fa280000)
  to   space 28160K, 0% used [0x00000000f6a80000,0x00000000f6a80000,0x00000000f8600000)
 ParOldGen       total 101376K, used 37903K [0x00000000c0000000, 0x00000000c6300000, 0x00000000eab00000)
  object space 101376K, 37% used [0x00000000c0000000,0x00000000c2503ce0,0x00000000c6300000)
 Metaspace       used 64692K, capacity 67796K, committed 74240K, reserved 1114112K
  class space    used 8349K, capacity 8799K, committed 10240K, reserved 1048576K
Event: 4684.178 GC heap after
Heap after GC invocations=38 (full 7):
 PSYoungGen      total 201728K, used 11906K [0x00000000eab00000, 0x00000000f9900000, 0x0000000100000000)
  eden space 189440K, 0% used [0x00000000eab00000,0x00000000eab00000,0x00000000f6400000)
  from space 12288K, 96% used [0x00000000f6a80000,0x00000000f7620a10,0x00000000f7680000)
  to   space 27136K, 0% used [0x00000000f7e80000,0x00000000f7e80000,0x00000000f9900000)
 ParOldGen       total 101376K, used 37911K [0x00000000c0000000, 0x00000000c6300000, 0x00000000eab00000)
  object space 101376K, 37% used [0x00000000c0000000,0x00000000c2505ce0,0x00000000c6300000)
 Metaspace       used 64692K, capacity 67796K, committed 74240K, reserved 1114112K
  class space    used 8349K, capacity 8799K, committed 10240K, reserved 1048576K
}
Event: 4685.247 GC heap before
{Heap before GC invocations=39 (full 7):
 PSYoungGen      total 201728K, used 45980K [0x00000000eab00000, 0x00000000f9900000, 0x0000000100000000)
  eden space 189440K, 17% used [0x00000000eab00000,0x00000000ecc46760,0x00000000f6400000)
  from space 12288K, 96% used [0x00000000f6a80000,0x00000000f7620a10,0x00000000f7680000)
  to   space 27136K, 0% used [0x00000000f7e80000,0x00000000f7e80000,0x00000000f9900000)
 ParOldGen       total 101376K, used 37911K [0x00000000c0000000, 0x00000000c6300000, 0x00000000eab00000)
  object space 101376K, 37% used [0x00000000c0000000,0x00000000c2505ce0,0x00000000c6300000)
 Metaspace       used 64744K, capacity 67862K, committed 74240K, reserved 1114112K
  class space    used 8355K, capacity 8810K, committed 10240K, reserved 1048576K
Event: 4685.251 GC heap after
Heap after GC invocations=39 (full 7):
 PSYoungGen      total 215552K, used 4427K [0x00000000eab00000, 0x00000000f9800000, 0x0000000100000000)
  eden space 189440K, 0% used [0x00000000eab00000,0x00000000eab00000,0x00000000f6400000)
  from space 26112K, 16% used [0x00000000f7e80000,0x00000000f82d2d80,0x00000000f9800000)
  to   space 26624K, 0% used [0x00000000f6400000,0x00000000f6400000,0x00000000f7e00000)
 ParOldGen       total 101376K, used 37911K [0x00000000c0000000, 0x00000000c6300000, 0x00000000eab00000)
  object space 101376K, 37% used [0x00000000c0000000,0x00000000c2505ce0,0x00000000c6300000)
 Metaspace       used 64744K, capacity 67862K, committed 74240K, reserved 1114112K
  class space    used 8355K, capacity 8810K, committed 10240K, reserved 1048576K
}
Event: 4685.251 GC heap before
{Heap before GC invocations=40 (full 8):
 PSYoungGen      total 215552K, used 4427K [0x00000000eab00000, 0x00000000f9800000, 0x0000000100000000)
  eden space 189440K, 0% used [0x00000000eab00000,0x00000000eab00000,0x00000000f6400000)
  from space 26112K, 16% used [0x00000000f7e80000,0x00000000f82d2d80,0x00000000f9800000)
  to   space 26624K, 0% used [0x00000000f6400000,0x00000000f6400000,0x00000000f7e00000)
 ParOldGen       total 101376K, used 37911K [0x00000000c0000000, 0x00000000c6300000, 0x00000000eab00000)
  object space 101376K, 37% used [0x00000000c0000000,0x00000000c2505ce0,0x00000000c6300000)
 Metaspace       used 64744K, capacity 67862K, committed 74240K, reserved 1114112K
  class space    used 8355K, capacity 8810K, committed 10240K, reserved 1048576K
Event: 4685.536 GC heap after
Heap after GC invocations=40 (full 8):
 PSYoungGen      total 215552K, used 0K [0x00000000eab00000, 0x00000000f9800000, 0x0000000100000000)
  eden space 189440K, 0% used [0x00000000eab00000,0x00000000eab00000,0x00000000f6400000)
  from space 26112K, 0% used [0x00000000f7e80000,0x00000000f7e80000,0x00000000f9800000)
  to   space 26624K, 0% used [0x00000000f6400000,0x00000000f6400000,0x00000000f7e00000)
 ParOldGen       total 101376K, used 38495K [0x00000000c0000000, 0x00000000c6300000, 0x00000000eab00000)
  object space 101376K, 37% used [0x00000000c0000000,0x00000000c2597e30,0x00000000c6300000)
 Metaspace       used 64744K, capacity 67862K, committed 74240K, reserved 1114112K
  class space    used 8355K, capacity 8810K, committed 10240K, reserved 1048576K
}
Event: 9572.616 GC heap before
{Heap before GC invocations=41 (full 8):
 PSYoungGen      total 215552K, used 189440K [0x00000000eab00000, 0x00000000f9800000, 0x0000000100000000)
  eden space 189440K, 100% used [0x00000000eab00000,0x00000000f6400000,0x00000000f6400000)
  from space 26112K, 0% used [0x00000000f7e80000,0x00000000f7e80000,0x00000000f9800000)
  to   space 26624K, 0% used [0x00000000f6400000,0x00000000f6400000,0x00000000f7e00000)
 ParOldGen       total 101376K, used 38495K [0x00000000c0000000, 0x00000000c6300000, 0x00000000eab00000)
  object space 101376K, 37% used [0x00000000c0000000,0x00000000c2597e30,0x00000000c6300000)
 Metaspace       used 65419K, capacity 69360K, committed 74496K, reserved 1114112K
  class space    used 8488K, capacity 9034K, committed 10240K, reserved 1048576K
Event: 9572.620 GC heap after
Heap after GC invocations=41 (full 8):
 PSYoungGen      total 186368K, used 3456K [0x00000000eab00000, 0x00000000f9080000, 0x0000000100000000)
  eden space 182784K, 0% used [0x00000000eab00000,0x00000000eab00000,0x00000000f5d80000)
  from space 3584K, 96% used [0x00000000f6400000,0x00000000f6760020,0x00000000f6780000)
  to   space 26112K, 0% used [0x00000000f7700000,0x00000000f7700000,0x00000000f9080000)
 ParOldGen       total 101376K, used 38503K [0x00000000c0000000, 0x00000000c6300000, 0x00000000eab00000)
  object space 101376K, 37% used [0x00000000c0000000,0x00000000c2599e30,0x00000000c6300000)
 Metaspace       used 65419K, capacity 69360K, committed 74496K, reserved 1114112K
  class space    used 8488K, capacity 9034K, committed 10240K, reserved 1048576K
}

Deoptimization events (10 events):
Event: 9573.143 Thread 0x000000002009c000 Uncommon trap: reason=unstable_if action=reinterpret pc=0x000000000325b7e0 method=sun.util.calendar.CalendarUtils.isGregorianLeapYear(I)Z @ 10
Event: 9573.144 Thread 0x000000002009c000 Uncommon trap: reason=unstable_if action=reinterpret pc=0x000000000310d598 method=java.io.BufferedInputStream.fill()V @ 143
Event: 9573.151 Thread 0x000000002009c000 Uncommon trap: reason=unstable_if action=reinterpret pc=0x000000000427fe0c method=java.io.BufferedInputStream.fill()V @ 143
Event: 9573.171 Thread 0x000000002009c000 Uncommon trap: reason=unstable_if action=reinterpret pc=0x00000000039803d4 method=java.util.regex.Pattern.newSlice([IIZ)Ljava/util/regex/Pattern$Node; @ 10
Event: 9573.245 Thread 0x000000002009c000 Uncommon trap: reason=unstable_if action=reinterpret pc=0x0000000002f530f0 method=java.util.zip.ZipCoder.decoder()Ljava/nio/charset/CharsetDecoder; @ 4
Event: 9573.245 Thread 0x000000002009c000 Uncommon trap: reason=unstable_if action=reinterpret pc=0x000000000373f42c method=java.util.jar.JarFile.maybeInstantiateVerifier()V @ 75
Event: 9573.247 Thread 0x000000002009c000 Uncommon trap: reason=unstable_if action=reinterpret pc=0x0000000002aef404 method=java.lang.String.regionMatches(ZILjava/lang/String;II)Z @ 123
Event: 9573.247 Thread 0x000000002009c000 Uncommon trap: reason=unstable_if action=reinterpret pc=0x0000000003ab1dc4 method=java.lang.String.regionMatches(ZILjava/lang/String;II)Z @ 123
Event: 9573.249 Thread 0x000000002009c000 Uncommon trap: reason=unstable_if action=reinterpret pc=0x00000000049f2890 method=java.io.ByteArrayInputStream.read()I @ 8
Event: 9573.251 Thread 0x000000002009c000 Uncommon trap: reason=unstable_if action=reinterpret pc=0x0000000004276440 method=sun.security.provider.DigestBase.engineUpdate([BII)V @ 1

Internal exceptions (10 events):
Event: 9572.473 Thread 0x000000002009c000 Exception <a 'java/lang/ClassNotFoundException': ijinit3_9fg1w1gybfqgh2obbm7lau7meCustomizer> (0x00000000f4a9aaf8) thrown at [D:\re\puppet\workspace\8-2-build-windows-amd64-cygwin\jdk8u73\6086\hotspot\src\share\vm\classfile\systemDictionary.cpp, line 210]
Event: 9572.476 Thread 0x000000002009c000 Exception <a 'java/lang/ClassNotFoundException': groovy/runtime/metaclass/[Ljava/lang/String;MetaClass> (0x00000000f4ad28c0) thrown at [D:\re\puppet\workspace\8-2-build-windows-amd64-cygwin\jdk8u73\6086\hotspot\src\share\vm\prims\jni.cpp, line 735]
Event: 9572.531 Thread 0x000000002009c000 Exception <a 'java/lang/ClassNotFoundException': JetGradlePluginBeanInfo> (0x00000000f4d02390) thrown at [D:\re\puppet\workspace\8-2-build-windows-amd64-cygwin\jdk8u73\6086\hotspot\src\share\vm\classfile\systemDictionary.cpp, line 210]
Event: 9572.531 Thread 0x000000002009c000 Exception <a 'java/lang/ClassNotFoundException': JetGradlePluginCustomizer> (0x00000000f4d09240) thrown at [D:\re\puppet\workspace\8-2-build-windows-amd64-cygwin\jdk8u73\6086\hotspot\src\share\vm\classfile\systemDictionary.cpp, line 210]
Event: 9572.533 Thread 0x000000002009c000 Exception <a 'java/lang/ClassNotFoundException': org/jetbrains/plugins/gradle/tooling/internal/ExtraModelBuilderBeanInfo> (0x00000000f4d36218) thrown at [D:\re\puppet\workspace\8-2-build-windows-amd64-cygwin\jdk8u73\6086\hotspot\src\share\vm\classfile\syst
Event: 9572.534 Thread 0x000000002009c000 Exception <a 'java/lang/ClassNotFoundException': org/jetbrains/plugins/gradle/tooling/internal/ExtraModelBuilderCustomizer> (0x00000000f4d42dc8) thrown at [D:\re\puppet\workspace\8-2-build-windows-amd64-cygwin\jdk8u73\6086\hotspot\src\share\vm\classfile\syd@
Event: 9572.788 Thread 0x000000002009c000 Implicit null exception at 0x00000000057fe0e6 to 0x0000000005800621
Event: 9572.843 Thread 0x000000002009c000 Exception <a 'java/lang/ClassNotFoundException': build_e88k7m7ngep3z74unfdnrjcyxBeanInfo> (0x00000000ecd67080) thrown at [D:\re\puppet\workspace\8-2-build-windows-amd64-cygwin\jdk8u73\6086\hotspot\src\share\vm\classfile\systemDictionary.cpp, line 210]
Event: 9572.844 Thread 0x000000002009c000 Exception <a 'java/lang/ClassNotFoundException': build_e88k7m7ngep3z74unfdnrjcyxCustomizer> (0x00000000ecd73e98) thrown at [D:\re\puppet\workspace\8-2-build-windows-amd64-cygwin\jdk8u73\6086\hotspot\src\share\vm\classfile\systemDictionary.cpp, line 210]
Event: 9573.245 Thread 0x000000002009c000 Implicit null exception at 0x0000000002f52679 to 0x0000000002f530d1

Events (10 events):
Event: 9573.249 Thread 0x000000002009c000 DEOPT UNPACKING pc=0x000000000272582a sp=0x000000005d8b5eb0 mode 2
Event: 9573.249 loading class sun/security/validator/Validator
Event: 9573.250 loading class sun/security/validator/Validator done
Event: 9573.250 loading class sun/security/validator/SimpleValidator
Event: 9573.250 loading class sun/security/validator/SimpleValidator done
Event: 9573.250 loading class sun/security/validator/EndEntityChecker
Event: 9573.251 loading class sun/security/validator/EndEntityChecker done
Event: 9573.251 Thread 0x000000002009c000 Uncommon trap: trap_request=0xffffff65 fr.pc=0x0000000004276440
Event: 9573.251 Thread 0x000000002009c000 DEOPT PACKING pc=0x0000000004276440 sp=0x000000005d8b5ea0
Event: 9573.251 Thread 0x000000002009c000 DEOPT UNPACKING pc=0x000000000272582a sp=0x000000005d8b5e80 mode 2


Dynamic libraries:
0x00007ff7f2b40000 - 0x00007ff7f2b77000 	D:\Java\jdk1.8.0_73\bin\java.exe
0x00007ffd7b220000 - 0x00007ffd7b3e1000 	C:\WINDOWS\SYSTEM32\ntdll.dll
0x00007ffd78940000 - 0x00007ffd789ed000 	C:\WINDOWS\system32\KERNEL32.DLL
0x00007ffd78010000 - 0x00007ffd781f8000 	C:\WINDOWS\system32\KERNELBASE.dll
0x00007ffd7ac00000 - 0x00007ffd7aca7000 	C:\WINDOWS\system32\ADVAPI32.dll
0x00007ffd78a50000 - 0x00007ffd78aed000 	C:\WINDOWS\system32\msvcrt.dll
0x00007ffd7ab30000 - 0x00007ffd7ab8b000 	C:\WINDOWS\system32\sechost.dll
0x00007ffd78af0000 - 0x00007ffd78c0c000 	C:\WINDOWS\system32\RPCRT4.dll
0x00007ffd7aed0000 - 0x00007ffd7b026000 	C:\WINDOWS\system32\USER32.dll
0x00007ffd7a2f0000 - 0x00007ffd7a476000 	C:\WINDOWS\system32\GDI32.dll
0x00007ffd6fce0000 - 0x00007ffd6ff54000 	C:\WINDOWS\WinSxS\amd64_microsoft.windows.common-controls_6595b64144ccf1df_6.0.10586.0_none_8c15ae12515e1c22\COMCTL32.dll
0x00007ffd7a480000 - 0x00007ffd7a6fd000 	C:\WINDOWS\system32\combase.dll
0x00007ffd77fa0000 - 0x00007ffd7800a000 	C:\WINDOWS\system32\bcryptPrimitives.dll
0x00007ffd78890000 - 0x00007ffd788cb000 	C:\WINDOWS\system32\IMM32.DLL
0x0000000058850000 - 0x0000000058922000 	D:\Java\jdk1.8.0_73\jre\bin\msvcr100.dll
0x0000000058930000 - 0x00000000591c0000 	D:\Java\jdk1.8.0_73\jre\bin\server\jvm.dll
0x00007ffd7aec0000 - 0x00007ffd7aec8000 	C:\WINDOWS\system32\PSAPI.DLL
0x00007ffd75b00000 - 0x00007ffd75b23000 	C:\WINDOWS\SYSTEM32\WINMM.dll
0x00007ffd766b0000 - 0x00007ffd766ba000 	C:\WINDOWS\SYSTEM32\VERSION.dll
0x00007ffd73d40000 - 0x00007ffd73d49000 	C:\WINDOWS\SYSTEM32\WSOCK32.dll
0x00007ffd7ab90000 - 0x00007ffd7abfb000 	C:\WINDOWS\system32\WS2_32.dll
0x00007ffd759e0000 - 0x00007ffd75a0c000 	C:\WINDOWS\SYSTEM32\WINMMBASE.dll
0x00007ffd78200000 - 0x00007ffd78243000 	C:\WINDOWS\system32\cfgmgr32.dll
0x0000000058840000 - 0x000000005884f000 	D:\Java\jdk1.8.0_73\jre\bin\verify.dll
0x0000000058810000 - 0x0000000058839000 	D:\Java\jdk1.8.0_73\jre\bin\java.dll
0x00000000587f0000 - 0x0000000058806000 	D:\Java\jdk1.8.0_73\jre\bin\zip.dll
0x00007ffd78d90000 - 0x00007ffd7a2ec000 	C:\WINDOWS\system32\SHELL32.dll
0x00007ffd77930000 - 0x00007ffd77f75000 	C:\WINDOWS\system32\windows.storage.dll
0x00007ffd7ae60000 - 0x00007ffd7aeb2000 	C:\WINDOWS\system32\shlwapi.dll
0x00007ffd778c0000 - 0x00007ffd778cf000 	C:\WINDOWS\system32\kernel.appcore.dll
0x00007ffd78250000 - 0x00007ffd78305000 	C:\WINDOWS\system32\shcore.dll
0x00007ffd77870000 - 0x00007ffd778bb000 	C:\WINDOWS\system32\powrprof.dll
0x00007ffd77840000 - 0x00007ffd77854000 	C:\WINDOWS\system32\profapi.dll
0x00000000587d0000 - 0x00000000587ea000 	D:\Java\jdk1.8.0_73\jre\bin\net.dll
0x0000000180000000 - 0x000000018008c000 	C:\WINDOWS\system32\ASProxy64.dll
0x00007ffd78620000 - 0x00007ffd78763000 	C:\WINDOWS\system32\ole32.dll
0x00007ffd77110000 - 0x00007ffd7716c000 	C:\WINDOWS\SYSTEM32\MSWSOCK.dll
0x00007ffd7b140000 - 0x00007ffd7b201000 	C:\WINDOWS\system32\OLEAUT32.dll
0x00007ffd766c0000 - 0x00007ffd766f8000 	C:\WINDOWS\SYSTEM32\IPHLPAPI.DLL
0x00007ffd774c0000 - 0x00007ffd774ed000 	C:\WINDOWS\SYSTEM32\SspiCli.dll
0x00000000587b0000 - 0x00000000587c1000 	D:\Java\jdk1.8.0_73\jre\bin\nio.dll
0x00007ffd70fb0000 - 0x00007ffd70fc2000 	C:\Users\psuwg\.gradle\native\19\windows-amd64\native-platform.dll
0x00007ffd76140000 - 0x00007ffd761d6000 	C:\WINDOWS\system32\uxtheme.dll
0x00007ffd7b210000 - 0x00007ffd7b218000 	C:\WINDOWS\system32\NSI.dll
0x00007ffd74350000 - 0x00007ffd74366000 	C:\WINDOWS\SYSTEM32\dhcpcsvc6.DLL
0x00007ffd741d0000 - 0x00007ffd741ea000 	C:\WINDOWS\SYSTEM32\dhcpcsvc.DLL
0x00007ffd771c0000 - 0x00007ffd771d7000 	C:\WINDOWS\SYSTEM32\CRYPTSP.dll
0x00007ffd76e50000 - 0x00007ffd76e84000 	C:\WINDOWS\system32\rsaenh.dll
0x00007ffd77770000 - 0x00007ffd77799000 	C:\WINDOWS\SYSTEM32\bcrypt.dll
0x00007ffd76fa0000 - 0x00007ffd76fbf000 	C:\WINDOWS\SYSTEM32\USERENV.dll
0x00007ffd772e0000 - 0x00007ffd772eb000 	C:\WINDOWS\SYSTEM32\CRYPTBASE.dll
0x00000000585b0000 - 0x00000000585bd000 	D:\Java\jdk1.8.0_73\jre\bin\management.dll
0x00007ffd787e0000 - 0x00007ffd78887000 	C:\WINDOWS\system32\clbcatq.dll
0x00007ffd776d0000 - 0x00007ffd77769000 	C:\WINDOWS\SYSTEM32\sxs.dll
0x00007ffd65210000 - 0x00007ffd65221000 	D:\Program Files (x86)\Dict\6.3.68.1111\WordStrokeHelper64.dll
0x00000000584e0000 - 0x0000000058504000 	D:\Java\jdk1.8.0_73\jre\bin\sunec.dll
0x00007ffd6d4b0000 - 0x00007ffd6d4c6000 	C:\WINDOWS\system32\napinsp.dll
0x00007ffd6d4d0000 - 0x00007ffd6d4ea000 	C:\WINDOWS\system32\pnrpnsp.dll
0x00007ffd75830000 - 0x00007ffd75848000 	C:\WINDOWS\system32\NLAapi.dll
0x00007ffd761e0000 - 0x00007ffd7628a000 	C:\WINDOWS\SYSTEM32\DNSAPI.dll
0x00007ffd6d4f0000 - 0x00007ffd6d4fd000 	C:\WINDOWS\System32\winrnr.dll
0x00007ffd717b0000 - 0x00007ffd717ba000 	C:\Windows\System32\rasadhlp.dll
0x00007ffd725f0000 - 0x00007ffd72657000 	C:\WINDOWS\System32\fwpuclnt.dll
0x00007ffd69c50000 - 0x00007ffd69ddc000 	C:\WINDOWS\SYSTEM32\dbghelp.dll

VM Arguments:
jvm_args: -XX:MaxPermSize=256m -XX:+HeapDumpOnOutOfMemoryError -Xmx1024m -Dfile.encoding=GBK -Duser.country=CN -Duser.language=zh -Duser.variant 
java_command: org.gradle.launcher.daemon.bootstrap.GradleDaemon 2.10
java_class_path (initial): D:\android-studio\gradle\gradle-2.10\lib\gradle-launcher-2.10.jar
Launcher Type: SUN_STANDARD

Environment Variables:
PATH=D:\Python34;D:\Python34\Scripts;C:\WINDOWS\system32;C:\WINDOWS;C:\WINDOWS\System32\Wbem;C:\WINDOWS\System32\WindowsPowerShell\v1.0\;D:\sdk\platform-tools;D:\Node.JS\;C:\Users\psuwg\AppData\Roaming\npm;D:\Git\bin;D:\Microsoft VS Code\bin;F:\gradle-2.11/bin;C:\ProgramData\Oracle\Java\javapath;D:\Java\jdk1.8.0_73\bin
USERNAME=psuwg
OS=Windows_NT
PROCESSOR_IDENTIFIER=Intel64 Family 6 Model 58 Stepping 9, GenuineIntel



---------------  S Y S T E M  ---------------

OS: Windows 10.0 , 64 bit Build 10586 (10.0.10586.0)

CPU:total 8 (4 cores per cpu, 2 threads per core) family 6 model 58 stepping 9, cmov, cx8, fxsr, mmx, sse, sse2, sse3, ssse3, sse4.1, sse4.2, popcnt, avx, aes, clmul, erms, ht, tsc, tscinvbit, tscinv

Memory: 4k page, physical 8268136k(1156256k free), swap 9578856k(2049152k free)

vm_info: Java HotSpot(TM) 64-Bit Server VM (25.73-b02) for windows-amd64 JRE (1.8.0_73-b02), built on Jan 29 2016 17:38:49 by "java_re" with MS VC++ 10.0 (VS2010)

time: Mon Mar 28 22:41:58 2016
elapsed time: 9573 seconds (0d 2h 39m 33s)

