#
# A fatal error has been detected by the Java Runtime Environment:
#
#  EXCEPTION_ACCESS_VIOLATION (0xc0000005) at pc=0x0000000180035c55, pid=748, tid=2476
#
# JRE version: Java(TM) SE Runtime Environment (8.0_73-b02) (build 1.8.0_73-b02)
# Java VM: Java HotSpot(TM) 64-Bit Server VM (25.73-b02 mixed mode windows-amd64 compressed oops)
# Problematic frame:
# C  [ASProxy64.dll+0x35c55]
#
# Failed to write core dump. Minidumps are not enabled by default on client versions of Windows
#
# If you would like to submit a bug report, please visit:
#   http://bugreport.java.com/bugreport/crash.jsp
# The crash happened outside the Java Virtual Machine in native code.
# See problematic frame for where to report the bug.
#

---------------  T H R E A D  ---------------

Current thread (0x000000001d445000):  JavaThread "Daemon worker Thread 2" [_thread_in_native, id=2476, stack(0x0000000024ed0000,0x0000000024fd0000)]

siginfo: ExceptionCode=0xc0000005, writing address 0xffffffffffffff9a

Registers:
RAX=0x0000000000000000, RBX=0x00000000004663b0, RCX=0x00000000004663b0, RDX=0x00000000187d6ae0
RSP=0x0000000024fc6430, RBP=0x0000000000000000, RSI=0x0000000000000000, RDI=0x000000001c6a9918
R8 =0x0000000180080358, R9 =0x0000000180069ffa, R10=0x0000000000000000, R11=0x0000000024fc63d8
R12=0x000000001c6a9a08, R13=0x000000001a645ff0, R14=0x0000000024fc65e8, R15=0x0000000000000008
RIP=0x0000000180035c55, EFLAGS=0x0000000000010246

Top of Stack: (sp=0x0000000024fc6430)
0x0000000024fc6430:   ff000000001c6a99 000000018006a080
0x0000000024fc6440:   0000000180069ffb 000000001c6a9918
0x0000000024fc6450:   000000001d4451f8 0000000180036e57
0x0000000024fc6460:   0000000180080290 00000000004663b0
0x0000000024fc6470:   0000000180069ffa 0000000052338d94
0x0000000024fc6480:   000000001d4451f8 000000001c6a9918
0x0000000024fc6490:   0000000020520e20 000000002051f560
0x0000000024fc64a0:   000000001d4451f8 0000000052253d4a
0x0000000024fc64b0:   00000000004663b0 000000001d4451f8
0x0000000024fc64c0:   000000002051f560 0000000020520e20
0x0000000024fc64d0:   00008ed800000003 00000000004663b0
0x0000000024fc64e0:   0000000020520e20 0000000000000002
0x0000000024fc64f0:   0000000000000000 0000000000000000
0x0000000024fc6500:   0000000000000000 0000000000000000
0x0000000024fc6510:   0000000000000000 0000000000000000
0x0000000024fc6520:   000000001d445000 0000000024fc65f0 

Instructions: (pc=0x0000000180035c55)
0x0000000180035c35:   ff 25 00 00 00 00 5b 40 9a d4 fa 7f 00 00 53 48
0x0000000180035c45:   83 ec 20 48 8b d9 48 89 7c 24 ff 25 00 00 00 00
0x0000000180035c55:   11 40 9a d4 fa 7f 00 00 01 89 04 24 8b 44 24 04
0x0000000180035c65:   0f af 04 24 83 c0 02 89 04 24 8b 44 24 04 0f af 


Register to memory mapping:

RAX=0x0000000000000000 is an unknown value
RBX=0x00000000004663b0 is an unknown value
RCX=0x00000000004663b0 is an unknown value
RDX=0x00000000187d6ae0 is an unknown value
RSP=0x0000000024fc6430 is pointing into the stack for thread: 0x000000001d445000
RBP=0x0000000000000000 is an unknown value
RSI=0x0000000000000000 is an unknown value
RDI=0x000000001c6a9918 is an unknown value
R8 =0x0000000180080358 is an unknown value
R9 =0x0000000180069ffa is an unknown value
R10=0x0000000000000000 is an unknown value
R11=0x0000000024fc63d8 is pointing into the stack for thread: 0x000000001d445000
R12=0x000000001c6a9a08 is an unknown value
R13=0x000000001a645ff0 is an unknown value
R14=0x0000000024fc65e8 is pointing into the stack for thread: 0x000000001d445000
R15=0x0000000000000008 is an unknown value


Stack: [0x0000000024ed0000,0x0000000024fd0000],  sp=0x0000000024fc6430,  free space=985k
Native frames: (J=compiled Java code, j=interpreted, Vv=VM code, C=native code)

Java frames: (J=compiled Java code, j=interpreted, Vv=VM code)
j  java.net.Inet6AddressImpl.lookupAllHostAddr(Ljava/lang/String;)[Ljava/net/InetAddress;+0
j  java.net.InetAddress$2.lookupAllHostAddr(Ljava/lang/String;)[Ljava/net/InetAddress;+4
j  java.net.InetAddress.getAddressesFromNameService(Ljava/lang/String;Ljava/net/InetAddress;)[Ljava/net/InetAddress;+51
j  java.net.InetAddress.getLocalHost()Ljava/net/InetAddress;+90
j  javax.crypto.JarVerifier.getSystemEntropy()[B+91
j  javax.crypto.JarVerifier.testSignatures(Ljava/security/cert/X509Certificate;Ljava/security/cert/CertificateFactory;)V+3
j  javax.crypto.JarVerifier.access$400(Ljava/security/cert/X509Certificate;Ljava/security/cert/CertificateFactory;)V+2
j  javax.crypto.JarVerifier$1.run()Ljava/lang/Void;+71
j  javax.crypto.JarVerifier$1.run()Ljava/lang/Object;+1
v  ~StubRoutines::call_stub
J 528  java.security.AccessController.doPrivileged(Ljava/security/PrivilegedExceptionAction;)Ljava/lang/Object; (0 bytes) @ 0x00000000028fc0d2 [0x00000000028fc080+0x52]
j  javax.crypto.JarVerifier.<clinit>()V+7
v  ~StubRoutines::call_stub
j  javax.crypto.JceSecurity.loadPolicies(Ljava/io/File;Ljavax/crypto/CryptoPermissions;Ljavax/crypto/CryptoPermissions;)V+146
j  javax.crypto.JceSecurity.setupJurisdictionPolicies()V+130
j  javax.crypto.JceSecurity.access$000()V+0
j  javax.crypto.JceSecurity$1.run()Ljava/lang/Object;+0
v  ~StubRoutines::call_stub
J 528  java.security.AccessController.doPrivileged(Ljava/security/PrivilegedExceptionAction;)Ljava/lang/Object; (0 bytes) @ 0x00000000028fc0d2 [0x00000000028fc080+0x52]
j  javax.crypto.JceSecurity.<clinit>()V+49
v  ~StubRoutines::call_stub
j  javax.crypto.JceSecurityManager.<clinit>()V+31
v  ~StubRoutines::call_stub
j  javax.crypto.Cipher.getConfiguredPermission(Ljava/lang/String;)Ljavax/crypto/CryptoPermission;+17
j  javax.crypto.Cipher.getMaxAllowedKeyLength(Ljava/lang/String;)I+1
j  sun.security.ssl.CipherSuite$BulkCipher.isAvailable(Lsun/security/ssl/CipherSuite$BulkCipher;)Z+36
j  sun.security.ssl.CipherSuite$BulkCipher.isAvailable()Z+27
j  sun.security.ssl.CipherSuite.isAvailable()Z+21
j  sun.security.ssl.SSLContextImpl.getApplicableCipherSuiteList(Lsun/security/ssl/ProtocolList;Z)Lsun/security/ssl/CipherSuiteList;+105
j  sun.security.ssl.SSLContextImpl.getDefaultCipherSuiteList(Z)Lsun/security/ssl/CipherSuiteList;+55
j  sun.security.ssl.SSLSocketImpl.init(Lsun/security/ssl/SSLContextImpl;Z)V+88
j  sun.security.ssl.SSLSocketImpl.<init>(Lsun/security/ssl/SSLContextImpl;)V+96
j  sun.security.ssl.SSLSocketFactoryImpl.createSocket()Ljava/net/Socket;+8
j  org.apache.http.conn.ssl.SSLSocketFactory.createSocket(Lorg/apache/http/params/HttpParams;)Ljava/net/Socket;+4
j  org.apache.http.impl.conn.DefaultClientConnectionOperator.openConnection(Lorg/apache/http/conn/OperatedClientConnection;Lorg/apache/http/HttpHost;Ljava/net/InetAddress;Lorg/apache/http/protocol/HttpContext;Lorg/apache/http/params/HttpParams;)V+142
j  org.apache.http.impl.conn.ManagedClientConnectionImpl.open(Lorg/apache/http/conn/routing/HttpRoute;Lorg/apache/http/protocol/HttpContext;Lorg/apache/http/params/HttpParams;)V+133
j  org.apache.http.impl.client.DefaultRequestDirector.tryConnect(Lorg/apache/http/impl/client/RoutedRequest;Lorg/apache/http/protocol/HttpContext;)V+49
j  org.apache.http.impl.client.DefaultRequestDirector.execute(Lorg/apache/http/HttpHost;Lorg/apache/http/HttpRequest;Lorg/apache/http/protocol/HttpContext;)Lorg/apache/http/HttpResponse;+367
j  org.apache.http.impl.client.AbstractHttpClient.execute(Lorg/apache/http/HttpHost;Lorg/apache/http/HttpRequest;Lorg/apache/http/protocol/HttpContext;)Lorg/apache/http/HttpResponse;+344
j  org.apache.http.impl.client.DecompressingHttpClient.execute(Lorg/apache/http/HttpHost;Lorg/apache/http/HttpRequest;Lorg/apache/http/protocol/HttpContext;)Lorg/apache/http/HttpResponse;+65
j  org.apache.http.impl.client.DecompressingHttpClient.execute(Lorg/apache/http/client/methods/HttpUriRequest;Lorg/apache/http/protocol/HttpContext;)Lorg/apache/http/HttpResponse;+8
j  org.gradle.internal.resource.transport.http.HttpClientHelper.performHttpRequest(Lorg/apache/http/client/methods/HttpRequestBase;)Lorg/apache/http/HttpResponse;+37
j  org.gradle.internal.resource.transport.http.HttpClientHelper.executeGetOrHead(Lorg/apache/http/client/methods/HttpRequestBase;)Lorg/apache/http/HttpResponse;+2
j  org.gradle.internal.resource.transport.http.HttpClientHelper.performRequest(Lorg/apache/http/client/methods/HttpRequestBase;)Lorg/apache/http/HttpResponse;+7
j  org.gradle.internal.resource.transport.http.HttpClientHelper.performRawGet(Ljava/lang/String;)Lorg/apache/http/HttpResponse;+9
j  org.gradle.internal.resource.transport.http.HttpClientHelper.performGet(Ljava/lang/String;)Lorg/apache/http/HttpResponse;+6
j  org.gradle.internal.resource.transport.http.HttpResourceAccessor.openResource(Ljava/net/URI;)Lorg/gradle/internal/resource/transport/http/HttpResponseResource;+25
j  org.gradle.internal.resource.transport.http.HttpResourceAccessor.openResource(Ljava/net/URI;)Lorg/gradle/internal/resource/transfer/ExternalResourceReadResponse;+2
j  org.gradle.internal.resource.transfer.DefaultExternalResourceConnector.openResource(Ljava/net/URI;)Lorg/gradle/internal/resource/transfer/ExternalResourceReadResponse;+5
j  org.gradle.internal.resource.transfer.ProgressLoggingExternalResourceAccessor.openResource(Ljava/net/URI;)Lorg/gradle/internal/resource/transfer/ExternalResourceReadResponse;+5
j  org.gradle.internal.resource.transport.DefaultExternalResourceRepository.getResource(Ljava/net/URI;)Lorg/gradle/internal/resource/ExternalResource;+5
j  org.gradle.internal.resource.transfer.DefaultCacheAwareExternalResourceAccessor.getResource(Ljava/net/URI;Lorg/gradle/internal/resource/transfer/CacheAwareExternalResourceAccessor$ResourceFileStore;Lorg/gradle/internal/resource/local/LocallyAvailableResourceCandidates;)Lorg/gradle/internal/resource/local/LocallyAvailableExternalResource;+57
J 6447 C1 org.gradle.api.internal.artifacts.repositories.resolver.DefaultExternalResourceArtifactResolver.downloadStaticResource(Ljava/util/List;Lorg/gradle/internal/component/external/model/ModuleComponentArtifactMetaData;Lorg/gradle/internal/resolve/result/ResourceAwareResolveResult;)Lorg/gradle/internal/resource/local/LocallyAvailableExternalResource; (142 bytes) @ 0x0000000003bf7b84 [0x0000000003bf6a60+0x1124]
J 6446 C1 org.gradle.api.internal.artifacts.repositories.resolver.DefaultExternalResourceArtifactResolver.resolveArtifact(Lorg/gradle/internal/component/external/model/ModuleComponentArtifactMetaData;Lorg/gradle/internal/resolve/result/ResourceAwareResolveResult;)Lorg/gradle/internal/resource/local/LocallyAvailableExternalResource; (29 bytes) @ 0x0000000002fbfbf4 [0x0000000002fbfa20+0x1d4]
j  org.gradle.api.internal.artifacts.repositories.resolver.ExternalResourceResolver.parseMetaDataFromArtifact(Lorg/gradle/api/artifacts/component/ModuleComponentIdentifier;Lorg/gradle/api/internal/artifacts/repositories/resolver/ExternalResourceArtifactResolver;Lorg/gradle/internal/resolve/result/ResourceAwareResolveResult;)Lorg/gradle/internal/component/external/model/MutableModuleComponentResolveMetaData;+11
j  org.gradle.api.internal.artifacts.repositories.resolver.ExternalResourceResolver.resolveStaticDependency(Lorg/gradle/api/artifacts/component/ModuleComponentIdentifier;Lorg/gradle/internal/component/model/ComponentOverrideMetadata;Lorg/gradle/internal/resolve/result/BuildableModuleComponentMetaDataResolveResult;Lorg/gradle/api/internal/artifacts/repositories/resolver/ExternalResourceArtifactResolver;)V+5
j  org.gradle.api.internal.artifacts.repositories.resolver.MavenResolver.doResolveComponentMetaData(Lorg/gradle/api/artifacts/component/ModuleComponentIdentifier;Lorg/gradle/internal/component/model/ComponentOverrideMetadata;Lorg/gradle/internal/resolve/result/BuildableModuleComponentMetaDataResolveResult;)V+84
j  org.gradle.api.internal.artifacts.repositories.resolver.ExternalResourceResolver$RemoteRepositoryAccess.resolveComponentMetaData(Lorg/gradle/api/artifacts/component/ModuleComponentIdentifier;Lorg/gradle/internal/component/model/ComponentOverrideMetadata;Lorg/gradle/internal/resolve/result/BuildableModuleComponentMetaDataResolveResult;)V+7
j  org.gradle.api.internal.artifacts.ivyservice.ivyresolve.CacheLockReleasingModuleComponentsRepository$LockReleasingRepositoryAccess$2.run()V+19
J 4936 C1 org.gradle.internal.Factories$1.create()Ljava/lang/Object; (11 bytes) @ 0x0000000003816d44 [0x0000000003816c40+0x104]
j  org.gradle.cache.internal.DefaultCacheAccess.longRunningOperation(Ljava/lang/String;Lorg/gradle/internal/Factory;)Ljava/lang/Object;+7
j  org.gradle.cache.internal.DefaultCacheAccess.longRunningOperation(Ljava/lang/String;Ljava/lang/Runnable;)V+6
j  org.gradle.cache.internal.DefaultPersistentDirectoryStore.longRunningOperation(Ljava/lang/String;Ljava/lang/Runnable;)V+6
j  org.gradle.cache.internal.DefaultCacheFactory$ReferenceTrackingCache.longRunningOperation(Ljava/lang/String;Ljava/lang/Runnable;)V+9
j  org.gradle.api.internal.artifacts.ivyservice.DefaultCacheLockingManager.longRunningOperation(Ljava/lang/String;Ljava/lang/Runnable;)V+6
j  org.gradle.api.internal.artifacts.ivyservice.ivyresolve.CacheLockReleasingModuleComponentsRepository$LockReleasingRepositoryAccess.resolveComponentMetaData(Lorg/gradle/api/artifacts/component/ModuleComponentIdentifier;Lorg/gradle/internal/component/model/ComponentOverrideMetadata;Lorg/gradle/internal/resolve/result/BuildableModuleComponentMetaDataResolveResult;)V+35
j  org.gradle.api.internal.artifacts.ivyservice.ivyresolve.CachingModuleComponentRepository$ResolveAndCacheRepositoryAccess.resolveComponentMetaData(Lorg/gradle/api/artifacts/component/ModuleComponentIdentifier;Lorg/gradle/internal/component/model/ComponentOverrideMetadata;Lorg/gradle/internal/resolve/result/BuildableModuleComponentMetaDataResolveResult;)V+24
J 7780 C1 org.gradle.api.internal.artifacts.ivyservice.ivyresolve.memcache.InMemoryCachedModuleComponentRepository$CachedAccess.resolveComponentMetaData(Lorg/gradle/api/artifacts/component/ModuleComponentIdentifier;Lorg/gradle/internal/component/model/ComponentOverrideMetadata;Lorg/gradle/internal/resolve/result/BuildableModuleComponentMetaDataResolveResult;)V (29 bytes) @ 0x0000000002aa705c [0x0000000002aa6e60+0x1fc]
J 6412 C1 org.gradle.api.internal.artifacts.ivyservice.ivyresolve.ErrorHandlingModuleComponentRepository$ErrorHandlingModuleComponentRepositoryAccess.resolveComponentMetaData(Lorg/gradle/api/artifacts/component/ModuleComponentIdentifier;Lorg/gradle/internal/component/model/ComponentOverrideMetadata;Lorg/gradle/internal/resolve/result/BuildableModuleComponentMetaDataResolveResult;)V (34 bytes) @ 0x00000000034b7dbc [0x00000000034b7ca0+0x11c]
J 6411 C1 org.gradle.api.internal.artifacts.ivyservice.ivyresolve.ComponentMetaDataResolveState.process(Lorg/gradle/api/internal/artifacts/ivyservice/ivyresolve/ModuleComponentRepositoryAccess;)V (66 bytes) @ 0x00000000034b86c4 [0x00000000034b85a0+0x124]
J 6747 C1 org.gradle.api.internal.artifacts.ivyservice.ivyresolve.ComponentMetaDataResolveState.resolve()Lorg/gradle/internal/resolve/result/BuildableModuleComponentMetaDataResolveResult; (93 bytes) @ 0x0000000003d30cbc [0x0000000003d30760+0x55c]
J 6027 C1 org.gradle.api.internal.artifacts.ivyservice.ivyresolve.RepositoryChainComponentMetaDataResolver.findBestMatch(Ljava/util/LinkedList;Ljava/util/Collection;Ljava/util/Collection;)Lorg/gradle/api/internal/artifacts/ivyservice/ivyresolve/RepositoryChainModuleResolution; (216 bytes) @ 0x0000000003b66634 [0x0000000003b66260+0x3d4]
J 6782 C1 org.gradle.api.internal.artifacts.ivyservice.ivyresolve.RepositoryChainComponentMetaDataResolver.findBestMatch(Ljava/util/List;Ljava/util/Collection;)Lorg/gradle/api/internal/artifacts/ivyservice/ivyresolve/RepositoryChainModuleResolution; (62 bytes) @ 0x0000000003d49f44 [0x0000000003d49aa0+0x4a4]
J 6030 C1 org.gradle.api.internal.artifacts.ivyservice.ivyresolve.RepositoryChainComponentMetaDataResolver.resolveModule(Lorg/gradle/api/artifacts/component/ModuleComponentIdentifier;Lorg/gradle/internal/component/model/ComponentOverrideMetadata;Lorg/gradle/internal/resolve/result/BuildableComponentResolveResult;)V (277 bytes) @ 0x0000000003b6bbfc [0x0000000003b6a800+0x13fc]
J 6029 C1 org.gradle.api.internal.artifacts.ivyservice.ivyresolve.RepositoryChainComponentMetaDataResolver.resolve(Lorg/gradle/api/artifacts/component/ComponentIdentifier;Lorg/gradle/internal/component/model/ComponentOverrideMetadata;Lorg/gradle/internal/resolve/result/BuildableComponentResolveResult;)V (28 bytes) @ 0x0000000003b7139c [0x0000000003b710e0+0x2bc]
j  org.gradle.api.internal.artifacts.ivyservice.resolveengine.ComponentResolversChain$ComponentMetaDataResolverChain.resolve(Lorg/gradle/api/artifacts/component/ComponentIdentifier;Lorg/gradle/internal/component/model/ComponentOverrideMetadata;Lorg/gradle/internal/resolve/result/BuildableComponentResolveResult;)V+48
j  org.gradle.api.internal.artifacts.ivyservice.clientmodule.ClientModuleResolver.resolve(Lorg/gradle/api/artifacts/component/ComponentIdentifier;Lorg/gradle/internal/component/model/ComponentOverrideMetadata;Lorg/gradle/internal/resolve/result/BuildableComponentResolveResult;)V+7
j  org.gradle.api.internal.artifacts.ivyservice.resolveengine.graph.DependencyGraphBuilder$ModuleVersionResolveState.resolve()V+92
J 6327 C1 org.gradle.api.internal.artifacts.ivyservice.resolveengine.graph.DependencyGraphBuilder$DependencyEdge.calculateTargetConfigurations()V (110 bytes) @ 0x00000000027d9fc4 [0x00000000027d9e00+0x1c4]
J 6328 C1 org.gradle.api.internal.artifacts.ivyservice.resolveengine.graph.DependencyGraphBuilder$DependencyEdge.attachToTargetConfigurations()V (79 bytes) @ 0x0000000002e5e004 [0x0000000002e5df20+0xe4]
j  org.gradle.api.internal.artifacts.ivyservice.resolveengine.graph.DependencyGraphBuilder.traverseGraph(Lorg/gradle/api/internal/artifacts/ivyservice/resolveengine/graph/DependencyGraphBuilder$ResolveState;Lorg/gradle/api/internal/artifacts/ivyservice/resolveengine/graph/conflicts/ConflictHandler;)V+229
j  org.gradle.api.internal.artifacts.ivyservice.resolveengine.graph.DependencyGraphBuilder.resolve(Lorg/gradle/api/internal/artifacts/ResolveContext;Lorg/gradle/api/internal/artifacts/ivyservice/resolveengine/graph/DependencyGraphVisitor;)V+79
j  org.gradle.api.internal.artifacts.ivyservice.resolveengine.DefaultArtifactDependencyResolver$1.execute(Lorg/apache/ivy/Ivy;)V+135
j  org.gradle.api.internal.artifacts.ivyservice.resolveengine.DefaultArtifactDependencyResolver$1.execute(Ljava/lang/Object;)V+5
J 5830 C1 org.gradle.internal.Transformers$4.transform(Ljava/lang/Object;)Ljava/lang/Object; (12 bytes) @ 0x0000000002fcbb84 [0x0000000002fcba80+0x104]
J 5831 C1 org.gradle.api.internal.artifacts.ivyservice.DefaultIvyContextManager.withIvy(Lorg/gradle/api/Transformer;)Ljava/lang/Object; (155 bytes) @ 0x000000000304e664 [0x000000000304ab60+0x3b04]
J 4997 C1 org.gradle.api.internal.artifacts.ivyservice.DefaultIvyContextManager.withIvy(Lorg/gradle/api/Action;)V (10 bytes) @ 0x00000000038624e4 [0x0000000003862320+0x1c4]
j  org.gradle.api.internal.artifacts.ivyservice.resolveengine.DefaultArtifactDependencyResolver.resolve(Lorg/gradle/api/internal/artifacts/ResolveContext;Ljava/util/List;Lorg/gradle/api/internal/artifacts/GlobalDependencyResolutionRules;Lorg/gradle/api/internal/artifacts/ivyservice/resolveengine/graph/DependencyGraphVisitor;Lorg/gradle/api/internal/artifacts/ivyservice/resolveengine/artifact/DependencyArtifactsVisitor;)V+19
j  org.gradle.api.internal.artifacts.ivyservice.CacheLockingArtifactDependencyResolver$1.run()V+27
J 4936 C1 org.gradle.internal.Factories$1.create()Ljava/lang/Object; (11 bytes) @ 0x0000000003816d44 [0x0000000003816c40+0x104]
J 4928 C1 org.gradle.cache.internal.DefaultCacheAccess.useCache(Ljava/lang/String;Lorg/gradle/internal/Factory;)Ljava/lang/Object; (215 bytes) @ 0x00000000038141dc [0x0000000003813e20+0x3bc]
J 4942 C1 org.gradle.cache.internal.DefaultCacheAccess.useCache(Ljava/lang/String;Ljava/lang/Runnable;)V (11 bytes) @ 0x0000000003826a24 [0x0000000003826860+0x1c4]
J 4941 C1 org.gradle.cache.internal.DefaultPersistentDirectoryStore.useCache(Ljava/lang/String;Ljava/lang/Runnable;)V (12 bytes) @ 0x00000000038264c4 [0x00000000038263c0+0x104]
J 4940 C1 org.gradle.cache.internal.DefaultCacheFactory$ReferenceTrackingCache.useCache(Ljava/lang/String;Ljava/lang/Runnable;)V (15 bytes) @ 0x000000000382601c [0x0000000003825f00+0x11c]
J 4939 C1 org.gradle.api.internal.artifacts.ivyservice.DefaultCacheLockingManager.useCache(Ljava/lang/String;Ljava/lang/Runnable;)V (12 bytes) @ 0x0000000003825b84 [0x0000000003825a80+0x104]
j  org.gradle.api.internal.artifacts.ivyservice.CacheLockingArtifactDependencyResolver.resolve(Lorg/gradle/api/internal/artifacts/ResolveContext;Ljava/util/List;Lorg/gradle/api/internal/artifacts/GlobalDependencyResolutionRules;Lorg/gradle/api/internal/artifacts/ivyservice/resolveengine/graph/DependencyGraphVisitor;Lorg/gradle/api/internal/artifacts/ivyservice/resolveengine/artifact/DependencyArtifactsVisitor;)V+32
j  org.gradle.api.internal.artifacts.ivyservice.DefaultConfigurationResolver.resolve(Lorg/gradle/api/internal/artifacts/configurations/ConfigurationInternal;Lorg/gradle/api/internal/artifacts/ResolverResults;)V+216
j  org.gradle.api.internal.artifacts.ivyservice.SelfResolvingDependencyConfigurationResolver.resolve(Lorg/gradle/api/internal/artifacts/configurations/ConfigurationInternal;Lorg/gradle/api/internal/artifacts/ResolverResults;)V+6
j  org.gradle.api.internal.artifacts.ivyservice.ShortCircuitEmptyConfigurationResolver.resolve(Lorg/gradle/api/internal/artifacts/configurations/ConfigurationInternal;Lorg/gradle/api/internal/artifacts/ResolverResults;)V+90
j  org.gradle.api.internal.artifacts.ivyservice.ErrorHandlingConfigurationResolver.resolve(Lorg/gradle/api/internal/artifacts/configurations/ConfigurationInternal;Lorg/gradle/api/internal/artifacts/ResolverResults;)V+6
j  org.gradle.api.internal.artifacts.configurations.DefaultConfiguration.resolveGraphIfRequired(Lorg/gradle/api/internal/artifacts/configurations/ConfigurationInternal$InternalState;)V+93
j  org.gradle.api.internal.artifacts.configurations.DefaultConfiguration.resolveNow(Lorg/gradle/api/internal/artifacts/configurations/ConfigurationInternal$InternalState;)V+23
j  org.gradle.api.internal.artifacts.configurations.DefaultConfiguration.getResolvedConfiguration()Lorg/gradle/api/artifacts/ResolvedConfiguration;+4
j  org.gradle.api.internal.artifacts.configurations.DefaultConfiguration_Decorated.getResolvedConfiguration()Lorg/gradle/api/artifacts/ResolvedConfiguration;+7
j  com.android.build.gradle.internal.DependencyManager.collectArtifacts(Lorg/gradle/api/artifacts/Configuration;Ljava/util/Map;)V+14
j  com.android.build.gradle.internal.DependencyManager.resolveDependencyForConfig(Lcom/android/build/gradle/internal/dependency/VariantDependencies;Lcom/android/build/gradle/internal/dependency/VariantDependencies;Ljava/lang/String;Lcom/google/common/collect/Multimap;)V+39
j  com.android.build.gradle.internal.DependencyManager.resolveDependencies(Lcom/android/build/gradle/internal/dependency/VariantDependencies;Lcom/android/build/gradle/internal/dependency/VariantDependencies;Ljava/lang/String;)V+11
j  com.android.build.gradle.internal.TaskManager.resolveDependencies(Lcom/android/build/gradle/internal/dependency/VariantDependencies;Lcom/android/build/gradle/internal/dependency/VariantDependencies;Ljava/lang/String;)V+7
j  com.android.build.gradle.internal.VariantManager$9.call()Ljava/lang/Void;+16
j  com.android.build.gradle.internal.VariantManager$9.call()Ljava/lang/Object;+1
j  com.android.builder.profile.ThreadRecorder$1.record(Lcom/android/builder/profile/ExecutionType;Lcom/android/builder/profile/Recorder$Block;Ljava/util/List;)Ljava/lang/Object;+1
j  com.android.builder.profile.ThreadRecorder$1.record(Lcom/android/builder/profile/ExecutionType;Lcom/android/builder/profile/Recorder$Block;[Lcom/android/builder/profile/Recorder$Property;)Ljava/lang/Object;+6
j  com.android.build.gradle.internal.profile.SpanRecorders.record(Lorg/gradle/api/Project;Lcom/android/builder/profile/ExecutionType;Lcom/android/builder/profile/Recorder$Block;[Lcom/android/builder/profile/Recorder$Property;)Ljava/lang/Object;+45
j  com.android.build.gradle.internal.VariantManager.createVariantData(Lcom/android/builder/model/BuildType;Ljava/util/List;)Lcom/android/build/gradle/internal/variant/BaseVariantData;+603
j  com.android.build.gradle.internal.VariantManager.createVariantDataForProductFlavors(Ljava/util/List;)V+184
j  com.android.build.gradle.internal.VariantManager.populateVariantDataList()V+16
j  com.android.build.gradle.internal.VariantManager$1.call()Ljava/lang/Void;+4
j  com.android.build.gradle.internal.VariantManager$1.call()Ljava/lang/Object;+1
j  com.android.builder.profile.ThreadRecorder$1.record(Lcom/android/builder/profile/ExecutionType;Lcom/android/builder/profile/Recorder$Block;Ljava/util/List;)Ljava/lang/Object;+1
j  com.android.builder.profile.ThreadRecorder$1.record(Lcom/android/builder/profile/ExecutionType;Lcom/android/builder/profile/Recorder$Block;[Lcom/android/builder/profile/Recorder$Property;)Ljava/lang/Object;+6
j  com.android.build.gradle.internal.VariantManager.createAndroidTasks()V+70
j  com.android.build.gradle.BasePlugin$12.call()Ljava/lang/Void;+7
j  com.android.build.gradle.BasePlugin$12.call()Ljava/lang/Object;+1
j  com.android.builder.profile.ThreadRecorder$1.record(Lcom/android/builder/profile/ExecutionType;Lcom/android/builder/profile/Recorder$Block;Ljava/util/List;)Ljava/lang/Object;+1
j  com.android.builder.profile.ThreadRecorder$1.record(Lcom/android/builder/profile/ExecutionType;Lcom/android/builder/profile/Recorder$Block;[Lcom/android/builder/profile/Recorder$Property;)Ljava/lang/Object;+6
j  com.android.build.gradle.BasePlugin.createAndroidTasks(Z)V+310
j  com.android.build.gradle.BasePlugin$10$1.call()Ljava/lang/Void;+8
j  com.android.build.gradle.BasePlugin$10$1.call()Ljava/lang/Object;+1
j  com.android.builder.profile.ThreadRecorder$1.record(Lcom/android/builder/profile/ExecutionType;Lcom/android/builder/profile/Recorder$Block;Ljava/util/List;)Ljava/lang/Object;+1
j  com.android.builder.profile.ThreadRecorder$1.record(Lcom/android/builder/profile/ExecutionType;Lcom/android/builder/profile/Recorder$Block;[Lcom/android/builder/profile/Recorder$Property;)Ljava/lang/Object;+6
j  com.android.build.gradle.BasePlugin$10.execute(Lorg/gradle/api/Project;)V+36
j  com.android.build.gradle.BasePlugin$10.execute(Ljava/lang/Object;)V+5
j  org.gradle.internal.event.BroadcastDispatch$ActionInvocationHandler.dispatch(Lorg/gradle/messaging/dispatch/MethodInvocation;)V+27
j  org.gradle.internal.event.BroadcastDispatch$ActionInvocationHandler.dispatch(Ljava/lang/Object;)V+5
J 7612 C2 org.gradle.messaging.dispatch.ProxyDispatchAdapter$DispatchingInvocationHandler.invoke(Ljava/lang/Object;Ljava/lang/reflect/Method;[Ljava/lang/Object;)Ljava/lang/Object; (179 bytes) @ 0x0000000002e52bd0 [0x0000000002e52680+0x550]
j  com.sun.proxy.$Proxy10.afterEvaluate(Lorg/gradle/api/Project;Lorg/gradle/api/ProjectState;)V+20
j  org.gradle.configuration.project.LifecycleProjectEvaluator.notifyAfterEvaluate(Lorg/gradle/api/ProjectEvaluationListener;Lorg/gradle/api/internal/project/ProjectInternal;Lorg/gradle/api/internal/project/ProjectStateInternal;)V+3
j  org.gradle.configuration.project.LifecycleProjectEvaluator.evaluate(Lorg/gradle/api/internal/project/ProjectInternal;Lorg/gradle/api/internal/project/ProjectStateInternal;)V+72
j  org.gradle.api.internal.project.AbstractProject.evaluate()Lorg/gradle/api/internal/project/AbstractProject;+9
j  org.gradle.api.internal.project.AbstractProject.evaluate()Lorg/gradle/api/Project;+1
j  org.gradle.execution.TaskPathProjectEvaluator.configureHierarchy(Lorg/gradle/api/internal/project/ProjectInternal;)V+82
j  org.gradle.configuration.DefaultBuildConfigurer.configure(Lorg/gradle/api/internal/GradleInternal;)V+50
j  org.gradle.initialization.DefaultGradleLauncher$2.run()V+14
J 4936 C1 org.gradle.internal.Factories$1.create()Ljava/lang/Object; (11 bytes) @ 0x0000000003816d44 [0x0000000003816c40+0x104]
j  org.gradle.internal.progress.DefaultBuildOperationExecutor.run(Lorg/gradle/internal/progress/BuildOperationDetails;Lorg/gradle/internal/Factory;)Ljava/lang/Object;+171
j  org.gradle.internal.progress.DefaultBuildOperationExecutor.run(Ljava/lang/String;Ljava/lang/Runnable;)V+12
j  org.gradle.initialization.DefaultGradleLauncher.doBuildStages(Lorg/gradle/initialization/DefaultGradleLauncher$Stage;)V+39
j  org.gradle.initialization.DefaultGradleLauncher.access$200(Lorg/gradle/initialization/DefaultGradleLauncher;Lorg/gradle/initialization/DefaultGradleLauncher$Stage;)V+2
j  org.gradle.initialization.DefaultGradleLauncher$1.create()Lorg/gradle/BuildResult;+29
j  org.gradle.initialization.DefaultGradleLauncher$1.create()Ljava/lang/Object;+1
j  org.gradle.internal.progress.DefaultBuildOperationExecutor.run(Lorg/gradle/internal/progress/BuildOperationDetails;Lorg/gradle/internal/Factory;)Ljava/lang/Object;+171
j  org.gradle.internal.progress.DefaultBuildOperationExecutor.run(Ljava/lang/String;Lorg/gradle/internal/Factory;)Ljava/lang/Object;+9
j  org.gradle.initialization.DefaultGradleLauncher.doBuild(Lorg/gradle/initialization/DefaultGradleLauncher$Stage;)Lorg/gradle/BuildResult;+25
j  org.gradle.initialization.DefaultGradleLauncher.getBuildAnalysis()Lorg/gradle/BuildResult;+4
j  org.gradle.launcher.exec.InProcessBuildActionExecuter$DefaultBuildController.configure()Lorg/gradle/api/internal/GradleInternal;+4
j  org.gradle.tooling.internal.provider.runner.ClientProvidedBuildActionRunner.run(Lorg/gradle/internal/invocation/BuildAction;Lorg/gradle/internal/invocation/BuildController;)V+56
j  org.gradle.launcher.exec.ChainingBuildActionRunner.run(Lorg/gradle/internal/invocation/BuildAction;Lorg/gradle/internal/invocation/BuildController;)V+34
j  org.gradle.tooling.internal.provider.runner.SubscribableBuildActionRunner.run(Lorg/gradle/internal/invocation/BuildAction;Lorg/gradle/internal/invocation/BuildController;)V+37
j  org.gradle.launcher.exec.ChainingBuildActionRunner.run(Lorg/gradle/internal/invocation/BuildAction;Lorg/gradle/internal/invocation/BuildController;)V+34
j  org.gradle.launcher.exec.InProcessBuildActionExecuter.execute(Lorg/gradle/internal/invocation/BuildAction;Lorg/gradle/initialization/BuildRequestContext;Lorg/gradle/launcher/exec/BuildActionParameters;Lorg/gradle/internal/service/ServiceRegistry;)Ljava/lang/Object;+63
j  org.gradle.launcher.exec.InProcessBuildActionExecuter.execute(Lorg/gradle/internal/invocation/BuildAction;Lorg/gradle/initialization/BuildRequestContext;Ljava/lang/Object;Lorg/gradle/internal/service/ServiceRegistry;)Ljava/lang/Object;+9
j  org.gradle.launcher.exec.ContinuousBuildActionExecuter.execute(Lorg/gradle/internal/invocation/BuildAction;Lorg/gradle/initialization/BuildRequestContext;Lorg/gradle/launcher/exec/BuildActionParameters;Lorg/gradle/internal/service/ServiceRegistry;)Ljava/lang/Object;+70
j  org.gradle.launcher.exec.ContinuousBuildActionExecuter.execute(Lorg/gradle/internal/invocation/BuildAction;Lorg/gradle/initialization/BuildRequestContext;Ljava/lang/Object;Lorg/gradle/internal/service/ServiceRegistry;)Ljava/lang/Object;+9
j  org.gradle.launcher.daemon.server.exec.ExecuteBuild.doBuild(Lorg/gradle/launcher/daemon/server/api/DaemonCommandExecution;Lorg/gradle/launcher/daemon/protocol/Build;)V+74
j  org.gradle.launcher.daemon.server.exec.BuildCommandOnly.execute(Lorg/gradle/launcher/daemon/server/api/DaemonCommandExecution;)V+49
j  org.gradle.launcher.daemon.server.api.DaemonCommandExecution.proceed()Z+28
j  org.gradle.launcher.daemon.server.exec.WatchForDisconnection.execute(Lorg/gradle/launcher/daemon/server/api/DaemonCommandExecution;)V+19
j  org.gradle.launcher.daemon.server.api.DaemonCommandExecution.proceed()Z+28
j  org.gradle.launcher.daemon.server.exec.ResetDeprecationLogger.execute(Lorg/gradle/launcher/daemon/server/api/DaemonCommandExecution;)V+4
j  org.gradle.launcher.daemon.server.api.DaemonCommandExecution.proceed()Z+28
j  org.gradle.launcher.daemon.server.exec.RequestStopIfSingleUsedDaemon.execute(Lorg/gradle/launcher/daemon/server/api/DaemonCommandExecution;)V+31
j  org.gradle.launcher.daemon.server.api.DaemonCommandExecution.proceed()Z+28
j  org.gradle.launcher.daemon.server.exec.ForwardClientInput$2.call()Ljava/lang/Void;+4
j  org.gradle.launcher.daemon.server.exec.ForwardClientInput$2.call()Ljava/lang/Object;+1
j  org.gradle.util.Swapper.swap(Ljava/lang/Object;Ljava/util/concurrent/Callable;)Ljava/lang/Object;+21
j  org.gradle.launcher.daemon.server.exec.ForwardClientInput.execute(Lorg/gradle/launcher/daemon/server/api/DaemonCommandExecution;)V+63
j  org.gradle.launcher.daemon.server.api.DaemonCommandExecution.proceed()Z+28
j  org.gradle.launcher.daemon.server.health.DaemonHealthTracker.execute(Lorg/gradle/launcher/daemon/server/api/DaemonCommandExecution;)V+35
j  org.gradle.launcher.daemon.server.api.DaemonCommandExecution.proceed()Z+28
j  org.gradle.launcher.daemon.server.exec.LogToClient.doBuild(Lorg/gradle/launcher/daemon/server/api/DaemonCommandExecution;Lorg/gradle/launcher/daemon/protocol/Build;)V+97
j  org.gradle.launcher.daemon.server.exec.BuildCommandOnly.execute(Lorg/gradle/launcher/daemon/server/api/DaemonCommandExecution;)V+49
j  org.gradle.launcher.daemon.server.api.DaemonCommandExecution.proceed()Z+28
j  org.gradle.launcher.daemon.server.exec.EstablishBuildEnvironment.doBuild(Lorg/gradle/launcher/daemon/server/api/DaemonCommandExecution;Lorg/gradle/launcher/daemon/protocol/Build;)V+279
j  org.gradle.launcher.daemon.server.exec.BuildCommandOnly.execute(Lorg/gradle/launcher/daemon/server/api/DaemonCommandExecution;)V+49
j  org.gradle.launcher.daemon.server.api.DaemonCommandExecution.proceed()Z+28
j  org.gradle.launcher.daemon.server.health.HintGCAfterBuild.execute(Lorg/gradle/launcher/daemon/server/api/DaemonCommandExecution;)V+1
j  org.gradle.launcher.daemon.server.api.DaemonCommandExecution.proceed()Z+28
j  org.gradle.launcher.daemon.server.exec.StartBuildOrRespondWithBusy$1.run()V+44
j  org.gradle.launcher.daemon.server.DaemonStateCoordinator$1.run()V+4
j  org.gradle.internal.concurrent.ExecutorPolicy$CatchAndRecordFailures.onExecute(Ljava/lang/Runnable;)V+1
j  org.gradle.internal.concurrent.StoppableExecutorImpl$1.run()V+25
j  java.util.concurrent.ThreadPoolExecutor.runWorker(Ljava/util/concurrent/ThreadPoolExecutor$Worker;)V+95
j  java.util.concurrent.ThreadPoolExecutor$Worker.run()V+5
j  java.lang.Thread.run()V+11
v  ~StubRoutines::call_stub

---------------  P R O C E S S  ---------------

Java Threads: ( => current thread )
  0x000000001d440800 JavaThread "Stdin handler" [_thread_blocked, id=10924, stack(0x0000000024fd0000,0x00000000250d0000)]
=>0x000000001d445000 JavaThread "Daemon worker Thread 2" [_thread_in_native, id=2476, stack(0x0000000024ed0000,0x0000000024fd0000)]
  0x000000001d442800 JavaThread "Cancel handler" [_thread_blocked, id=7392, stack(0x0000000024dd0000,0x0000000024ed0000)]
  0x000000001d43d800 JavaThread "Handler for socket connection from /127.0.0.1:59837 to /127.0.0.1:63523" [_thread_in_native, id=8132, stack(0x0000000024cd0000,0x0000000024dd0000)]
  0x000000001d442000 JavaThread "Daemon Thread 2" [_thread_blocked, id=7228, stack(0x0000000024bd0000,0x0000000024cd0000)]
  0x0000000019fe0800 JavaThread "File lock request listener" [_thread_in_native, id=10352, stack(0x000000001c8f0000,0x000000001c9f0000)]
  0x0000000018378000 JavaThread "Incoming local TCP Connector on port 59837" [_thread_in_native, id=7244, stack(0x000000001ab20000,0x000000001ac20000)]
  0x00000000172bb000 JavaThread "Service Thread" daemon [_thread_blocked, id=6396, stack(0x0000000017c00000,0x0000000017d00000)]
  0x000000001729b000 JavaThread "C1 CompilerThread3" daemon [_thread_blocked, id=10824, stack(0x0000000017b00000,0x0000000017c00000)]
  0x000000001728f800 JavaThread "C2 CompilerThread2" daemon [_thread_blocked, id=7344, stack(0x0000000017a00000,0x0000000017b00000)]
  0x0000000017289800 JavaThread "C2 CompilerThread1" daemon [_thread_blocked, id=5872, stack(0x0000000017900000,0x0000000017a00000)]
  0x0000000017287000 JavaThread "C2 CompilerThread0" daemon [_thread_blocked, id=5640, stack(0x0000000017800000,0x0000000017900000)]
  0x0000000017282000 JavaThread "Attach Listener" daemon [_thread_blocked, id=9716, stack(0x0000000017700000,0x0000000017800000)]
  0x0000000017237800 JavaThread "Signal Dispatcher" daemon [_thread_blocked, id=5896, stack(0x0000000017600000,0x0000000017700000)]
  0x00000000026aa800 JavaThread "Finalizer" daemon [_thread_blocked, id=11132, stack(0x00000000170a0000,0x00000000171a0000)]
  0x00000000151cd800 JavaThread "Reference Handler" daemon [_thread_blocked, id=11236, stack(0x0000000016fa0000,0x00000000170a0000)]
  0x00000000025ad800 JavaThread "main" [_thread_blocked, id=9224, stack(0x0000000002440000,0x0000000002540000)]

Other Threads:
  0x00000000151c9800 VMThread [stack: 0x0000000016ea0000,0x0000000016fa0000] [id=4256]
  0x000000001738f800 WatcherThread [stack: 0x0000000017d00000,0x0000000017e00000] [id=11040]

VM state:not at safepoint (normal execution)

VM Mutex/Monitor currently owned by a thread: None

Heap:
 PSYoungGen      total 205824K, used 167249K [0x00000000eab00000, 0x00000000fb380000, 0x0000000100000000)
  eden space 195072K, 82% used [0x00000000eab00000,0x00000000f4830ba0,0x00000000f6980000)
  from space 10752K, 58% used [0x00000000f7c00000,0x00000000f82238d8,0x00000000f8680000)
  to   space 18944K, 0% used [0x00000000f6980000,0x00000000f6980000,0x00000000f7c00000)
 ParOldGen       total 85504K, used 41589K [0x00000000c0000000, 0x00000000c5380000, 0x00000000eab00000)
  object space 85504K, 48% used [0x00000000c0000000,0x00000000c289d4d0,0x00000000c5380000)
 Metaspace       used 53235K, capacity 55566K, committed 55680K, reserved 1097728K
  class space    used 7250K, capacity 7770K, committed 7808K, reserved 1048576K

Card table byte_map: [0x0000000011a70000,0x0000000011c80000] byte_map_base: 0x0000000011470000

Marking Bits: (ParMarkBitMap*) 0x0000000052bc0600
 Begin Bits: [0x00000000125e0000, 0x00000000135e0000)
 End Bits:   [0x00000000135e0000, 0x00000000145e0000)

Polling page: 0x00000000008f0000

CodeCache: size=245760Kb used=26463Kb max_used=26463Kb free=219296Kb
 bounds [0x00000000026b0000, 0x00000000040b0000, 0x00000000116b0000]
 total_blobs=7920 nmethods=7178 adapters=652
 compilation: enabled

Compilation events (10 events):
Event: 2018.842 Thread 0x000000001729b000 8524       3       java.util.ArrayList$SubList::size (9 bytes)
Event: 2018.842 Thread 0x000000001729b000 nmethod 8524 0x0000000004097c10 code [0x0000000004097d80, 0x0000000004098048]
Event: 2018.842 Thread 0x000000001729b000 8525       3       java.util.ArrayList$SubList::iterator (5 bytes)
Event: 2018.842 Thread 0x000000001729b000 nmethod 8525 0x0000000004096f90 code [0x0000000004097160, 0x00000000040977b8]
Event: 2018.857 Thread 0x000000001729b000 8526       1       java.util.zip.ZipEntry::getName (5 bytes)
Event: 2018.857 Thread 0x000000001729b000 nmethod 8526 0x0000000004094690 code [0x00000000040947e0, 0x00000000040948f0]
Event: 2018.860 Thread 0x000000001729b000 8527       3       sun.security.provider.X509Factory::readOneBlock (411 bytes)
Event: 2018.863 Thread 0x000000001729b000 nmethod 8527 0x000000000409fa10 code [0x000000000409fec0, 0x00000000040a2fd8]
Event: 2018.863 Thread 0x000000001729b000 8528       3       java.util.Hashtable$Enumerator::next (27 bytes)
Event: 2018.863 Thread 0x000000001729b000 nmethod 8528 0x000000000409d5d0 code [0x000000000409d760, 0x000000000409d9f8]

GC Heap History (10 events):
Event: 11.998 GC heap before
{Heap before GC invocations=13 (full 2):
 PSYoungGen      total 156672K, used 1942K [0x00000000eab00000, 0x00000000f9280000, 0x0000000100000000)
  eden space 141824K, 0% used [0x00000000eab00000,0x00000000eab00000,0x00000000f3580000)
  from space 14848K, 13% used [0x00000000f3580000,0x00000000f3765b78,0x00000000f4400000)
  to   space 14848K, 0% used [0x00000000f8400000,0x00000000f8400000,0x00000000f9280000)
 ParOldGen       total 54784K, used 17616K [0x00000000c0000000, 0x00000000c3580000, 0x00000000eab00000)
  object space 54784K, 32% used [0x00000000c0000000,0x00000000c1134068,0x00000000c3580000)
 Metaspace       used 34746K, capacity 35414K, committed 35496K, reserved 1079296K
  class space    used 4612K, capacity 4833K, committed 4864K, reserved 1048576K
Event: 12.105 GC heap after
Heap after GC invocations=13 (full 2):
 PSYoungGen      total 156672K, used 0K [0x00000000eab00000, 0x00000000f9280000, 0x0000000100000000)
  eden space 141824K, 0% used [0x00000000eab00000,0x00000000eab00000,0x00000000f3580000)
  from space 14848K, 0% used [0x00000000f3580000,0x00000000f3580000,0x00000000f4400000)
  to   space 14848K, 0% used [0x00000000f8400000,0x00000000f8400000,0x00000000f9280000)
 ParOldGen       total 85504K, used 16902K [0x00000000c0000000, 0x00000000c5380000, 0x00000000eab00000)
  object space 85504K, 19% used [0x00000000c0000000,0x00000000c10818e0,0x00000000c5380000)
 Metaspace       used 34723K, capacity 35386K, committed 35496K, reserved 1079296K
  class space    used 4605K, capacity 4825K, committed 4864K, reserved 1048576K
}
Event: 13.750 GC heap before
{Heap before GC invocations=14 (full 2):
 PSYoungGen      total 156672K, used 141824K [0x00000000eab00000, 0x00000000f9280000, 0x0000000100000000)
  eden space 141824K, 100% used [0x00000000eab00000,0x00000000f3580000,0x00000000f3580000)
  from space 14848K, 0% used [0x00000000f3580000,0x00000000f3580000,0x00000000f4400000)
  to   space 14848K, 0% used [0x00000000f8400000,0x00000000f8400000,0x00000000f9280000)
 ParOldGen       total 85504K, used 16902K [0x00000000c0000000, 0x00000000c5380000, 0x00000000eab00000)
  object space 85504K, 19% used [0x00000000c0000000,0x00000000c10818e0,0x00000000c5380000)
 Metaspace       used 44242K, capacity 45176K, committed 45440K, reserved 1089536K
  class space    used 5997K, capacity 6229K, committed 6272K, reserved 1048576K
Event: 13.769 GC heap after
Heap after GC invocations=14 (full 2):
 PSYoungGen      total 199680K, used 14828K [0x00000000eab00000, 0x00000000f9280000, 0x0000000100000000)
  eden space 184832K, 0% used [0x00000000eab00000,0x00000000eab00000,0x00000000f5f80000)
  from space 14848K, 99% used [0x00000000f8400000,0x00000000f927b0d8,0x00000000f9280000)
  to   space 18432K, 0% used [0x00000000f6e80000,0x00000000f6e80000,0x00000000f8080000)
 ParOldGen       total 85504K, used 19880K [0x00000000c0000000, 0x00000000c5380000, 0x00000000eab00000)
  object space 85504K, 23% used [0x00000000c0000000,0x00000000c136a2b8,0x00000000c5380000)
 Metaspace       used 44242K, capacity 45176K, committed 45440K, reserved 1089536K
  class space    used 5997K, capacity 6229K, committed 6272K, reserved 1048576K
}
Event: 15.166 GC heap before
{Heap before GC invocations=15 (full 2):
 PSYoungGen      total 199680K, used 138188K [0x00000000eab00000, 0x00000000f9280000, 0x0000000100000000)
  eden space 184832K, 66% used [0x00000000eab00000,0x00000000f23782c8,0x00000000f5f80000)
  from space 14848K, 99% used [0x00000000f8400000,0x00000000f927b0d8,0x00000000f9280000)
  to   space 18432K, 0% used [0x00000000f6e80000,0x00000000f6e80000,0x00000000f8080000)
 ParOldGen       total 85504K, used 19880K [0x00000000c0000000, 0x00000000c5380000, 0x00000000eab00000)
  object space 85504K, 23% used [0x00000000c0000000,0x00000000c136a2b8,0x00000000c5380000)
 Metaspace       used 48552K, capacity 50264K, committed 50432K, reserved 1093632K
  class space    used 6701K, capacity 7105K, committed 7168K, reserved 1048576K
Event: 15.196 GC heap after
Heap after GC invocations=15 (full 2):
 PSYoungGen      total 198656K, used 13647K [0x00000000eab00000, 0x00000000f8680000, 0x0000000100000000)
  eden space 184832K, 0% used [0x00000000eab00000,0x00000000eab00000,0x00000000f5f80000)
  from space 13824K, 98% used [0x00000000f6e80000,0x00000000f7bd3dd0,0x00000000f7c00000)
  to   space 10752K, 0% used [0x00000000f7c00000,0x00000000f7c00000,0x00000000f8680000)
 ParOldGen       total 85504K, used 32719K [0x00000000c0000000, 0x00000000c5380000, 0x00000000eab00000)
  object space 85504K, 38% used [0x00000000c0000000,0x00000000c1ff3dc0,0x00000000c5380000)
 Metaspace       used 48552K, capacity 50264K, committed 50432K, reserved 1093632K
  class space    used 6701K, capacity 7105K, committed 7168K, reserved 1048576K
}
Event: 15.196 GC heap before
{Heap before GC invocations=16 (full 3):
 PSYoungGen      total 198656K, used 13647K [0x00000000eab00000, 0x00000000f8680000, 0x0000000100000000)
  eden space 184832K, 0% used [0x00000000eab00000,0x00000000eab00000,0x00000000f5f80000)
  from space 13824K, 98% used [0x00000000f6e80000,0x00000000f7bd3dd0,0x00000000f7c00000)
  to   space 10752K, 0% used [0x00000000f7c00000,0x00000000f7c00000,0x00000000f8680000)
 ParOldGen       total 85504K, used 32719K [0x00000000c0000000, 0x00000000c5380000, 0x00000000eab00000)
  object space 85504K, 38% used [0x00000000c0000000,0x00000000c1ff3dc0,0x00000000c5380000)
 Metaspace       used 48552K, capacity 50264K, committed 50432K, reserved 1093632K
  class space    used 6701K, capacity 7105K, committed 7168K, reserved 1048576K
Event: 15.493 GC heap after
Heap after GC invocations=16 (full 3):
 PSYoungGen      total 198656K, used 0K [0x00000000eab00000, 0x00000000f8680000, 0x0000000100000000)
  eden space 184832K, 0% used [0x00000000eab00000,0x00000000eab00000,0x00000000f5f80000)
  from space 13824K, 0% used [0x00000000f6e80000,0x00000000f6e80000,0x00000000f7c00000)
  to   space 10752K, 0% used [0x00000000f7c00000,0x00000000f7c00000,0x00000000f8680000)
 ParOldGen       total 85504K, used 41581K [0x00000000c0000000, 0x00000000c5380000, 0x00000000eab00000)
  object space 85504K, 48% used [0x00000000c0000000,0x00000000c289b4d0,0x00000000c5380000)
 Metaspace       used 48552K, capacity 50264K, committed 50432K, reserved 1093632K
  class space    used 6701K, capacity 7105K, committed 7168K, reserved 1048576K
}
Event: 2017.551 GC heap before
{Heap before GC invocations=17 (full 3):
 PSYoungGen      total 198656K, used 184832K [0x00000000eab00000, 0x00000000f8680000, 0x0000000100000000)
  eden space 184832K, 100% used [0x00000000eab00000,0x00000000f5f80000,0x00000000f5f80000)
  from space 13824K, 0% used [0x00000000f6e80000,0x00000000f6e80000,0x00000000f7c00000)
  to   space 10752K, 0% used [0x00000000f7c00000,0x00000000f7c00000,0x00000000f8680000)
 ParOldGen       total 85504K, used 41581K [0x00000000c0000000, 0x00000000c5380000, 0x00000000eab00000)
  object space 85504K, 48% used [0x00000000c0000000,0x00000000c289b4d0,0x00000000c5380000)
 Metaspace       used 51136K, capacity 53152K, committed 53376K, reserved 1095680K
  class space    used 7008K, capacity 7454K, committed 7552K, reserved 1048576K
Event: 2017.558 GC heap after
Heap after GC invocations=17 (full 3):
 PSYoungGen      total 205824K, used 6286K [0x00000000eab00000, 0x00000000fb380000, 0x0000000100000000)
  eden space 195072K, 0% used [0x00000000eab00000,0x00000000eab00000,0x00000000f6980000)
  from space 10752K, 58% used [0x00000000f7c00000,0x00000000f82238d8,0x00000000f8680000)
  to   space 18944K, 0% used [0x00000000f6980000,0x00000000f6980000,0x00000000f7c00000)
 ParOldGen       total 85504K, used 41589K [0x00000000c0000000, 0x00000000c5380000, 0x00000000eab00000)
  object space 85504K, 48% used [0x00000000c0000000,0x00000000c289d4d0,0x00000000c5380000)
 Metaspace       used 51136K, capacity 53152K, committed 53376K, reserved 1095680K
  class space    used 7008K, capacity 7454K, committed 7552K, reserved 1048576K
}

Deoptimization events (10 events):
Event: 2018.718 Thread 0x000000001d445000 Uncommon trap: reason=bimorphic action=maybe_recompile pc=0x000000000331367c method=java.security.MessageDigest$Delegate.engineUpdate([BII)V @ 7
Event: 2018.719 Thread 0x000000001d445000 Uncommon trap: reason=bimorphic action=maybe_recompile pc=0x000000000331367c method=java.security.MessageDigest$Delegate.engineUpdate([BII)V @ 7
Event: 2018.719 Thread 0x000000001d445000 Uncommon trap: reason=bimorphic action=maybe_recompile pc=0x000000000331367c method=java.security.MessageDigest$Delegate.engineUpdate([BII)V @ 7
Event: 2018.720 Thread 0x000000001d445000 Uncommon trap: reason=unstable_if action=reinterpret pc=0x0000000003f6a030 method=java.util.Arrays.equals([B[B)Z @ 23
Event: 2018.760 Thread 0x000000001d445000 Uncommon trap: reason=unstable_if action=reinterpret pc=0x0000000003fa6ff4 method=java.io.BufferedInputStream.fill()V @ 143
Event: 2018.773 Thread 0x000000001d445000 Uncommon trap: reason=unstable_if action=reinterpret pc=0x0000000003ec1964 method=java.math.BigInteger.stripLeadingZeroBytes([B)[I @ 7
Event: 2018.857 Thread 0x000000001d445000 Uncommon trap: reason=unstable_if action=reinterpret pc=0x00000000037dfef4 method=java.util.jar.JarFile.maybeInstantiateVerifier()V @ 75
Event: 2018.859 Thread 0x000000001d445000 Uncommon trap: reason=unstable_if action=reinterpret pc=0x0000000002abd0c4 method=java.lang.String.regionMatches(ZILjava/lang/String;II)Z @ 123
Event: 2018.859 Thread 0x000000001d445000 Uncommon trap: reason=unstable_if action=reinterpret pc=0x0000000003e81878 method=java.lang.String.regionMatches(ZILjava/lang/String;II)Z @ 123
Event: 2018.863 Thread 0x000000001d445000 Uncommon trap: reason=unstable_if action=reinterpret pc=0x0000000003310d00 method=sun.security.provider.DigestBase.engineUpdate([BII)V @ 1

Internal exceptions (10 events):
Event: 2017.697 Thread 0x000000001d445000 Exception <a 'java/lang/ClassNotFoundException': ijinit7_1tswqdwqyehtcnjuuntp3kj3bBeanInfo> (0x00000000ed175ee0) thrown at [D:\re\puppet\workspace\8-2-build-windows-amd64-cygwin\jdk8u73\6086\hotspot\src\share\vm\classfile\systemDictionary.cpp, line 210]
Event: 2017.698 Thread 0x000000001d445000 Exception <a 'java/lang/ClassNotFoundException': ijinit7_1tswqdwqyehtcnjuuntp3kj3bCustomizer> (0x00000000ed17ed30) thrown at [D:\re\puppet\workspace\8-2-build-windows-amd64-cygwin\jdk8u73\6086\hotspot\src\share\vm\classfile\systemDictionary.cpp, line 210]
Event: 2017.762 Thread 0x000000001d445000 Exception <a 'java/lang/ClassNotFoundException': settings_6rsres6yyhvhy1r208jrcbrk2BeanInfo> (0x00000000edc14618) thrown at [D:\re\puppet\workspace\8-2-build-windows-amd64-cygwin\jdk8u73\6086\hotspot\src\share\vm\classfile\systemDictionary.cpp, line 210]
Event: 2017.762 Thread 0x000000001d445000 Exception <a 'java/lang/ClassNotFoundException': settings_6rsres6yyhvhy1r208jrcbrk2Customizer> (0x00000000edc1c610) thrown at [D:\re\puppet\workspace\8-2-build-windows-amd64-cygwin\jdk8u73\6086\hotspot\src\share\vm\classfile\systemDictionary.cpp, line 210]B(a'@
Event: 2017.788 Thread 0x000000001d445000 Exception <a 'java/lang/ClassNotFoundException': JetGradlePluginBeanInfo> (0x00000000edd3d1c0) thrown at [D:\re\puppet\workspace\8-2-build-windows-amd64-cygwin\jdk8u73\6086\hotspot\src\share\vm\classfile\systemDictionary.cpp, line 210]
Event: 2017.789 Thread 0x000000001d445000 Exception <a 'java/lang/ClassNotFoundException': JetGradlePluginCustomizer> (0x00000000edd44070) thrown at [D:\re\puppet\workspace\8-2-build-windows-amd64-cygwin\jdk8u73\6086\hotspot\src\share\vm\classfile\systemDictionary.cpp, line 210]
Event: 2017.793 Thread 0x000000001d445000 Exception <a 'java/lang/ClassNotFoundException': org/jetbrains/plugins/gradle/tooling/internal/ExtraModelBuilderBeanInfo> (0x00000000edd78e70) thrown at [D:\re\puppet\workspace\8-2-build-windows-amd64-cygwin\jdk8u73\6086\hotspot\src\share\vm\classfile\syst,@
Event: 2017.794 Thread 0x000000001d445000 Exception <a 'java/lang/ClassNotFoundException': org/jetbrains/plugins/gradle/tooling/internal/ExtraModelBuilderCustomizer> (0x00000000edd85a48) thrown at [D:\re\puppet\workspace\8-2-build-windows-amd64-cygwin\jdk8u73\6086\hotspot\src\share\vm\classfile\sy>ee@
Event: 2018.599 Thread 0x000000001d445000 Exception <a 'java/lang/ClassNotFoundException': build_3dbkwkhi57nuczjmiv7dc39ceBeanInfo> (0x00000000f3805f60) thrown at [D:\re\puppet\workspace\8-2-build-windows-amd64-cygwin\jdk8u73\6086\hotspot\src\share\vm\classfile\systemDictionary.cpp, line 210]
Event: 2018.599 Thread 0x000000001d445000 Exception <a 'java/lang/ClassNotFoundException': build_3dbkwkhi57nuczjmiv7dc39ceCustomizer> (0x00000000f38141b0) thrown at [D:\re\puppet\workspace\8-2-build-windows-amd64-cygwin\jdk8u73\6086\hotspot\src\share\vm\classfile\systemDictionary.cpp, line 210]

Events (10 events):
Event: 2018.860 loading class javax/crypto/JarVerifier$1 done
Event: 2018.861 loading class sun/security/validator/Validator
Event: 2018.861 loading class sun/security/validator/Validator done
Event: 2018.861 loading class sun/security/validator/SimpleValidator
Event: 2018.862 loading class sun/security/validator/SimpleValidator done
Event: 2018.862 loading class sun/security/validator/EndEntityChecker
Event: 2018.862 loading class sun/security/validator/EndEntityChecker done
Event: 2018.863 Thread 0x000000001d445000 Uncommon trap: trap_request=0xffffff65 fr.pc=0x0000000003310d00
Event: 2018.863 Thread 0x000000001d445000 DEOPT PACKING pc=0x0000000003310d00 sp=0x0000000024fc6690
Event: 2018.863 Thread 0x000000001d445000 DEOPT UNPACKING pc=0x00000000026f582a sp=0x0000000024fc6650 mode 2


Dynamic libraries:
0x00007ff6f4dd0000 - 0x00007ff6f4e07000 	D:\Java\jdk1.8.0_73\bin\java.exe
0x00007ffad6990000 - 0x00007ffad6b51000 	C:\WINDOWS\SYSTEM32\ntdll.dll
0x00007ffad68e0000 - 0x00007ffad698d000 	C:\WINDOWS\system32\KERNEL32.DLL
0x00007ffad3ba0000 - 0x00007ffad3d88000 	C:\WINDOWS\system32\KERNELBASE.dll
0x00007ffad3d90000 - 0x00007ffad3e37000 	C:\WINDOWS\system32\ADVAPI32.dll
0x00007ffad4020000 - 0x00007ffad40bd000 	C:\WINDOWS\system32\msvcrt.dll
0x00007ffad4930000 - 0x00007ffad498b000 	C:\WINDOWS\system32\sechost.dll
0x00007ffad4290000 - 0x00007ffad43ac000 	C:\WINDOWS\system32\RPCRT4.dll
0x00007ffad6520000 - 0x00007ffad6676000 	C:\WINDOWS\system32\USER32.dll
0x00007ffad6680000 - 0x00007ffad6806000 	C:\WINDOWS\system32\GDI32.dll
0x00007ffacb810000 - 0x00007ffacba84000 	C:\WINDOWS\WinSxS\amd64_microsoft.windows.common-controls_6595b64144ccf1df_6.0.10586.0_none_8c15ae12515e1c22\COMCTL32.dll
0x00007ffad4a00000 - 0x00007ffad4c7d000 	C:\WINDOWS\system32\combase.dll
0x00007ffad3490000 - 0x00007ffad34fa000 	C:\WINDOWS\system32\bcryptPrimitives.dll
0x00007ffad43b0000 - 0x00007ffad43eb000 	C:\WINDOWS\system32\IMM32.DLL
0x00000000522d0000 - 0x00000000523a2000 	D:\Java\jdk1.8.0_73\jre\bin\msvcr100.dll
0x00000000523b0000 - 0x0000000052c40000 	D:\Java\jdk1.8.0_73\jre\bin\server\jvm.dll
0x00007ffad4280000 - 0x00007ffad4288000 	C:\WINDOWS\system32\PSAPI.DLL
0x00007ffad1180000 - 0x00007ffad11a3000 	C:\WINDOWS\SYSTEM32\WINMM.dll
0x00007ffad1e20000 - 0x00007ffad1e2a000 	C:\WINDOWS\SYSTEM32\VERSION.dll
0x00007ffacfca0000 - 0x00007ffacfca9000 	C:\WINDOWS\SYSTEM32\WSOCK32.dll
0x00007ffad1150000 - 0x00007ffad117c000 	C:\WINDOWS\SYSTEM32\WINMMBASE.dll
0x00007ffad3500000 - 0x00007ffad3543000 	C:\WINDOWS\system32\cfgmgr32.dll
0x00007ffad4990000 - 0x00007ffad49fb000 	C:\WINDOWS\system32\WS2_32.dll
0x00000000522c0000 - 0x00000000522cf000 	D:\Java\jdk1.8.0_73\jre\bin\verify.dll
0x0000000052290000 - 0x00000000522b9000 	D:\Java\jdk1.8.0_73\jre\bin\java.dll
0x0000000052270000 - 0x0000000052286000 	D:\Java\jdk1.8.0_73\jre\bin\zip.dll
0x00007ffad4fa0000 - 0x00007ffad64fc000 	C:\WINDOWS\system32\SHELL32.dll
0x00007ffad3550000 - 0x00007ffad3b95000 	C:\WINDOWS\system32\windows.storage.dll
0x00007ffad43f0000 - 0x00007ffad4442000 	C:\WINDOWS\system32\shlwapi.dll
0x00007ffad2fe0000 - 0x00007ffad2fef000 	C:\WINDOWS\system32\kernel.appcore.dll
0x00007ffad3200000 - 0x00007ffad32b5000 	C:\WINDOWS\system32\shcore.dll
0x00007ffad2ff0000 - 0x00007ffad303b000 	C:\WINDOWS\system32\powrprof.dll
0x00007ffad2fc0000 - 0x00007ffad2fd4000 	C:\WINDOWS\system32\profapi.dll
0x0000000052250000 - 0x000000005226a000 	D:\Java\jdk1.8.0_73\jre\bin\net.dll
0x0000000180000000 - 0x000000018008c000 	C:\WINDOWS\system32\ASProxy64.dll
0x00007ffad4df0000 - 0x00007ffad4f33000 	C:\WINDOWS\system32\ole32.dll
0x00007ffad1e30000 - 0x00007ffad1e68000 	C:\WINDOWS\SYSTEM32\IPHLPAPI.DLL
0x00007ffad2880000 - 0x00007ffad28dc000 	C:\WINDOWS\SYSTEM32\MSWSOCK.dll
0x00007ffad6810000 - 0x00007ffad68d1000 	C:\WINDOWS\system32\OLEAUT32.dll
0x00007ffad2c30000 - 0x00007ffad2c5d000 	C:\WINDOWS\SYSTEM32\SspiCli.dll
0x00007ffad1960000 - 0x00007ffad19f6000 	C:\WINDOWS\system32\uxtheme.dll
0x00007ffad4880000 - 0x00007ffad4927000 	C:\WINDOWS\system32\clbcatq.dll
0x00007ffad2de0000 - 0x00007ffad2e79000 	C:\WINDOWS\SYSTEM32\sxs.dll
0x0000000052230000 - 0x0000000052241000 	D:\Java\jdk1.8.0_73\jre\bin\nio.dll
0x00007ffaccdc0000 - 0x00007ffaccdd2000 	C:\Users\psuwg\.gradle\native\19\windows-amd64\native-platform.dll
0x00007ffad4c80000 - 0x00007ffad4c88000 	C:\WINDOWS\system32\NSI.dll
0x00007ffacda60000 - 0x00007ffacda76000 	C:\WINDOWS\SYSTEM32\dhcpcsvc6.DLL
0x00007ffacda40000 - 0x00007ffacda5a000 	C:\WINDOWS\SYSTEM32\dhcpcsvc.DLL
0x00007ffad2930000 - 0x00007ffad2947000 	C:\WINDOWS\SYSTEM32\CRYPTSP.dll
0x00007ffad25c0000 - 0x00007ffad25f4000 	C:\WINDOWS\system32\rsaenh.dll
0x00007ffad2ee0000 - 0x00007ffad2f09000 	C:\WINDOWS\SYSTEM32\bcrypt.dll
0x00007ffad2710000 - 0x00007ffad272f000 	C:\WINDOWS\SYSTEM32\USERENV.dll
0x00007ffad2a50000 - 0x00007ffad2a5b000 	C:\WINDOWS\SYSTEM32\CRYPTBASE.dll
0x0000000052030000 - 0x000000005203d000 	D:\Java\jdk1.8.0_73\jre\bin\management.dll
0x0000000051f60000 - 0x0000000051f84000 	D:\Java\jdk1.8.0_73\jre\bin\sunec.dll
0x00007ffac4170000 - 0x00007ffac4186000 	C:\WINDOWS\system32\napinsp.dll
0x00007ffac4190000 - 0x00007ffac41aa000 	C:\WINDOWS\system32\pnrpnsp.dll
0x00007ffad0fa0000 - 0x00007ffad0fb8000 	C:\WINDOWS\system32\NLAapi.dll
0x00007ffad18b0000 - 0x00007ffad195a000 	C:\WINDOWS\SYSTEM32\DNSAPI.dll
0x00007ffac4460000 - 0x00007ffac446d000 	C:\WINDOWS\System32\winrnr.dll
0x00007ffacb640000 - 0x00007ffacb64a000 	C:\Windows\System32\rasadhlp.dll
0x00007ffacd4d0000 - 0x00007ffacd537000 	C:\WINDOWS\System32\fwpuclnt.dll
0x00007ffab4640000 - 0x00007ffab47cc000 	C:\WINDOWS\SYSTEM32\dbghelp.dll

VM Arguments:
jvm_args: -XX:MaxPermSize=256m -XX:+HeapDumpOnOutOfMemoryError -Xmx1024m -Dfile.encoding=GBK -Duser.country=CN -Duser.language=zh -Duser.variant 
java_command: org.gradle.launcher.daemon.bootstrap.GradleDaemon 2.10
java_class_path (initial): D:\android-studio\gradle\gradle-2.10\lib\gradle-launcher-2.10.jar
Launcher Type: SUN_STANDARD

Environment Variables:
PATH=D:\Python34;D:\Python34\Scripts;C:\WINDOWS\system32;C:\WINDOWS;C:\WINDOWS\System32\Wbem;C:\WINDOWS\System32\WindowsPowerShell\v1.0\;D:\sdk\platform-tools;D:\Node.JS\;C:\Users\psuwg\AppData\Roaming\npm;F:\gradle-2.11/bin;C:\ProgramData\Oracle\Java\javapath;D:\Java\jdk1.8.0_73\bin;D:\Git\bin;d:\Program Files (x86)\Microsoft VS Code Insiders\bin
USERNAME=psuwg
OS=Windows_NT
PROCESSOR_IDENTIFIER=Intel64 Family 6 Model 58 Stepping 9, GenuineIntel



---------------  S Y S T E M  ---------------

OS: Windows 10.0 , 64 bit Build 10586 (10.0.10586.0)

CPU:total 8 (4 cores per cpu, 2 threads per core) family 6 model 58 stepping 9, cmov, cx8, fxsr, mmx, sse, sse2, sse3, ssse3, sse4.1, sse4.2, popcnt, avx, aes, clmul, erms, ht, tsc, tscinvbit, tscinv

Memory: 4k page, physical 8268136k(942112k free), swap 9721952k(1830168k free)

vm_info: Java HotSpot(TM) 64-Bit Server VM (25.73-b02) for windows-amd64 JRE (1.8.0_73-b02), built on Jan 29 2016 17:38:49 by "java_re" with MS VC++ 10.0 (VS2010)

time: Mon Apr 04 09:31:26 2016
elapsed time: 2018 seconds (0d 0h 33m 38s)

