#
# A fatal error has been detected by the Java Runtime Environment:
#
#  EXCEPTION_ACCESS_VIOLATION (0xc0000005) at pc=0x0000000180035c55, pid=9768, tid=5896
#
# JRE version: Java(TM) SE Runtime Environment (8.0_73-b02) (build 1.8.0_73-b02)
# Java VM: Java HotSpot(TM) 64-Bit Server VM (25.73-b02 mixed mode windows-amd64 compressed oops)
# Problematic frame:
# C  [ASProxy64.dll+0x35c55]
#
# Failed to write core dump. Minidumps are not enabled by default on client versions of Windows
#
# If you would like to submit a bug report, please visit:
#   http://bugreport.java.com/bugreport/crash.jsp
# The crash happened outside the Java Virtual Machine in native code.
# See problematic frame for where to report the bug.
#

---------------  T H R E A D  ---------------

Current thread (0x0000000019fc4000):  JavaThread "Daemon worker" [_thread_in_native, id=5896, stack(0x000000001acc0000,0x000000001adc0000)]

siginfo: ExceptionCode=0xc0000005, writing address 0xffffffffffffff9a

Registers:
RAX=0x0000000000000000, RBX=0x00000000005582c0, RCX=0x00000000005582c0, RDX=0x0000000018846c30
RSP=0x000000001adb6610, RBP=0x0000000000000000, RSI=0x0000000000000000, RDI=0x000000001eb13668
R8 =0x0000000180080358, R9 =0x0000000180069ffa, R10=0x0000000000000000, R11=0x000000001adb65b8
R12=0x0000000000000003, R13=0x000000001d6b8940, R14=0x000000001adb67c8, R15=0x0000000000000006
RIP=0x0000000180035c55, EFLAGS=0x0000000000010246

Top of Stack: (sp=0x000000001adb6610)
0x000000001adb6610:   ff000000001eb136 000000018006a080
0x000000001adb6620:   0000000180069ffb 000000001eb13668
0x000000001adb6630:   0000000019fc41f8 0000000180036e57
0x000000001adb6640:   0000000180080290 00000000005582c0
0x000000001adb6650:   0000000180069ffa 0000000052338d94
0x000000001adb6660:   0000000019fc41f8 000000001eb13668
0x000000001adb6670:   000000001d055f80 000000001d056940
0x000000001adb6680:   0000000019fc41f8 0000000052253d4a
0x000000001adb6690:   00000000005582c0 0000000019fc41f8
0x000000001adb66a0:   000000001d056940 000000001d055f80
0x000000001adb66b0:   00008eb700000003 00000000005582c0
0x000000001adb66c0:   000000001d055f80 0000000000000002
0x000000001adb66d0:   0000000000000000 0000000000000000
0x000000001adb66e0:   0000000000000000 0000000000000000
0x000000001adb66f0:   0000000000000000 000000001adb6840
0x000000001adb6700:   0000000019fc4000 000000001adb67d0 

Instructions: (pc=0x0000000180035c55)
0x0000000180035c35:   ff 25 00 00 00 00 5b 40 9a d4 fa 7f 00 00 53 48
0x0000000180035c45:   83 ec 20 48 8b d9 48 89 7c 24 ff 25 00 00 00 00
0x0000000180035c55:   11 40 9a d4 fa 7f 00 00 01 89 04 24 8b 44 24 04
0x0000000180035c65:   0f af 04 24 83 c0 02 89 04 24 8b 44 24 04 0f af 


Register to memory mapping:

RAX=0x0000000000000000 is an unknown value
RBX=0x00000000005582c0 is an unknown value
RCX=0x00000000005582c0 is an unknown value
RDX=0x0000000018846c30 is an unknown value
RSP=0x000000001adb6610 is pointing into the stack for thread: 0x0000000019fc4000
RBP=0x0000000000000000 is an unknown value
RSI=0x0000000000000000 is an unknown value
RDI=0x000000001eb13668 is an unknown value
R8 =0x0000000180080358 is an unknown value
R9 =0x0000000180069ffa is an unknown value
R10=0x0000000000000000 is an unknown value
R11=0x000000001adb65b8 is pointing into the stack for thread: 0x0000000019fc4000
R12=0x0000000000000003 is an unknown value
R13=0x000000001d6b8940 is an unknown value
R14=0x000000001adb67c8 is pointing into the stack for thread: 0x0000000019fc4000
R15=0x0000000000000006 is an unknown value


Stack: [0x000000001acc0000,0x000000001adc0000],  sp=0x000000001adb6610,  free space=985k
Native frames: (J=compiled Java code, j=interpreted, Vv=VM code, C=native code)

Java frames: (J=compiled Java code, j=interpreted, Vv=VM code)
j  java.net.Inet6AddressImpl.lookupAllHostAddr(Ljava/lang/String;)[Ljava/net/InetAddress;+0
j  java.net.InetAddress$2.lookupAllHostAddr(Ljava/lang/String;)[Ljava/net/InetAddress;+4
j  java.net.InetAddress.getAddressesFromNameService(Ljava/lang/String;Ljava/net/InetAddress;)[Ljava/net/InetAddress;+51
j  java.net.InetAddress.getLocalHost()Ljava/net/InetAddress;+90
j  javax.crypto.JarVerifier.getSystemEntropy()[B+91
j  javax.crypto.JarVerifier.testSignatures(Ljava/security/cert/X509Certificate;Ljava/security/cert/CertificateFactory;)V+3
j  javax.crypto.JarVerifier.access$400(Ljava/security/cert/X509Certificate;Ljava/security/cert/CertificateFactory;)V+2
j  javax.crypto.JarVerifier$1.run()Ljava/lang/Void;+71
j  javax.crypto.JarVerifier$1.run()Ljava/lang/Object;+1
v  ~StubRoutines::call_stub
J 525  java.security.AccessController.doPrivileged(Ljava/security/PrivilegedExceptionAction;)Ljava/lang/Object; (0 bytes) @ 0x0000000002a004d2 [0x0000000002a00480+0x52]
j  javax.crypto.JarVerifier.<clinit>()V+7
v  ~StubRoutines::call_stub
j  javax.crypto.JceSecurity.loadPolicies(Ljava/io/File;Ljavax/crypto/CryptoPermissions;Ljavax/crypto/CryptoPermissions;)V+146
j  javax.crypto.JceSecurity.setupJurisdictionPolicies()V+130
j  javax.crypto.JceSecurity.access$000()V+0
j  javax.crypto.JceSecurity$1.run()Ljava/lang/Object;+0
v  ~StubRoutines::call_stub
J 525  java.security.AccessController.doPrivileged(Ljava/security/PrivilegedExceptionAction;)Ljava/lang/Object; (0 bytes) @ 0x0000000002a004d2 [0x0000000002a00480+0x52]
j  javax.crypto.JceSecurity.<clinit>()V+49
v  ~StubRoutines::call_stub
j  javax.crypto.JceSecurityManager.<clinit>()V+31
v  ~StubRoutines::call_stub
j  javax.crypto.Cipher.getConfiguredPermission(Ljava/lang/String;)Ljavax/crypto/CryptoPermission;+17
j  javax.crypto.Cipher.getMaxAllowedKeyLength(Ljava/lang/String;)I+1
j  sun.security.ssl.CipherSuite$BulkCipher.isAvailable(Lsun/security/ssl/CipherSuite$BulkCipher;)Z+36
j  sun.security.ssl.CipherSuite$BulkCipher.isAvailable()Z+27
j  sun.security.ssl.CipherSuite.isAvailable()Z+21
j  sun.security.ssl.SSLContextImpl.getApplicableCipherSuiteList(Lsun/security/ssl/ProtocolList;Z)Lsun/security/ssl/CipherSuiteList;+105
j  sun.security.ssl.SSLContextImpl.getDefaultCipherSuiteList(Z)Lsun/security/ssl/CipherSuiteList;+55
j  sun.security.ssl.SSLSocketImpl.init(Lsun/security/ssl/SSLContextImpl;Z)V+88
j  sun.security.ssl.SSLSocketImpl.<init>(Lsun/security/ssl/SSLContextImpl;)V+96
j  sun.security.ssl.SSLSocketFactoryImpl.createSocket()Ljava/net/Socket;+8
j  org.apache.http.conn.ssl.SSLSocketFactory.createSocket(Lorg/apache/http/params/HttpParams;)Ljava/net/Socket;+4
j  org.apache.http.impl.conn.DefaultClientConnectionOperator.openConnection(Lorg/apache/http/conn/OperatedClientConnection;Lorg/apache/http/HttpHost;Ljava/net/InetAddress;Lorg/apache/http/protocol/HttpContext;Lorg/apache/http/params/HttpParams;)V+142
j  org.apache.http.impl.conn.ManagedClientConnectionImpl.open(Lorg/apache/http/conn/routing/HttpRoute;Lorg/apache/http/protocol/HttpContext;Lorg/apache/http/params/HttpParams;)V+133
j  org.apache.http.impl.client.DefaultRequestDirector.tryConnect(Lorg/apache/http/impl/client/RoutedRequest;Lorg/apache/http/protocol/HttpContext;)V+49
j  org.apache.http.impl.client.DefaultRequestDirector.execute(Lorg/apache/http/HttpHost;Lorg/apache/http/HttpRequest;Lorg/apache/http/protocol/HttpContext;)Lorg/apache/http/HttpResponse;+367
j  org.apache.http.impl.client.AbstractHttpClient.execute(Lorg/apache/http/HttpHost;Lorg/apache/http/HttpRequest;Lorg/apache/http/protocol/HttpContext;)Lorg/apache/http/HttpResponse;+344
j  org.apache.http.impl.client.DecompressingHttpClient.execute(Lorg/apache/http/HttpHost;Lorg/apache/http/HttpRequest;Lorg/apache/http/protocol/HttpContext;)Lorg/apache/http/HttpResponse;+65
j  org.apache.http.impl.client.DecompressingHttpClient.execute(Lorg/apache/http/client/methods/HttpUriRequest;Lorg/apache/http/protocol/HttpContext;)Lorg/apache/http/HttpResponse;+8
j  org.gradle.internal.resource.transport.http.HttpClientHelper.performHttpRequest(Lorg/apache/http/client/methods/HttpRequestBase;)Lorg/apache/http/HttpResponse;+37
j  org.gradle.internal.resource.transport.http.HttpClientHelper.executeGetOrHead(Lorg/apache/http/client/methods/HttpRequestBase;)Lorg/apache/http/HttpResponse;+2
j  org.gradle.internal.resource.transport.http.HttpClientHelper.performRequest(Lorg/apache/http/client/methods/HttpRequestBase;)Lorg/apache/http/HttpResponse;+7
j  org.gradle.internal.resource.transport.http.HttpClientHelper.performRawGet(Ljava/lang/String;)Lorg/apache/http/HttpResponse;+9
j  org.gradle.internal.resource.transport.http.HttpClientHelper.performGet(Ljava/lang/String;)Lorg/apache/http/HttpResponse;+6
j  org.gradle.internal.resource.transport.http.HttpResourceAccessor.openResource(Ljava/net/URI;)Lorg/gradle/internal/resource/transport/http/HttpResponseResource;+25
j  org.gradle.internal.resource.transport.http.HttpResourceAccessor.openResource(Ljava/net/URI;)Lorg/gradle/internal/resource/transfer/ExternalResourceReadResponse;+2
j  org.gradle.internal.resource.transfer.DefaultExternalResourceConnector.openResource(Ljava/net/URI;)Lorg/gradle/internal/resource/transfer/ExternalResourceReadResponse;+5
j  org.gradle.internal.resource.transfer.ProgressLoggingExternalResourceAccessor.openResource(Ljava/net/URI;)Lorg/gradle/internal/resource/transfer/ExternalResourceReadResponse;+5
j  org.gradle.internal.resource.transport.DefaultExternalResourceRepository.getResource(Ljava/net/URI;)Lorg/gradle/internal/resource/ExternalResource;+5
j  org.gradle.internal.resource.transfer.DefaultCacheAwareExternalResourceAccessor.getResource(Ljava/net/URI;Lorg/gradle/internal/resource/transfer/CacheAwareExternalResourceAccessor$ResourceFileStore;Lorg/gradle/internal/resource/local/LocallyAvailableResourceCandidates;)Lorg/gradle/internal/resource/local/LocallyAvailableExternalResource;+57
j  org.gradle.api.internal.artifacts.repositories.resolver.DefaultExternalResourceArtifactResolver.downloadStaticResource(Ljava/util/List;Lorg/gradle/internal/component/external/model/ModuleComponentArtifactMetaData;Lorg/gradle/internal/resolve/result/ResourceAwareResolveResult;)Lorg/gradle/internal/resource/local/LocallyAvailableExternalResource;+92
j  org.gradle.api.internal.artifacts.repositories.resolver.DefaultExternalResourceArtifactResolver.resolveArtifact(Lorg/gradle/internal/component/external/model/ModuleComponentArtifactMetaData;Lorg/gradle/internal/resolve/result/ResourceAwareResolveResult;)Lorg/gradle/internal/resource/local/LocallyAvailableExternalResource;+14
j  org.gradle.api.internal.artifacts.repositories.resolver.ExternalResourceResolver.parseMetaDataFromArtifact(Lorg/gradle/api/artifacts/component/ModuleComponentIdentifier;Lorg/gradle/api/internal/artifacts/repositories/resolver/ExternalResourceArtifactResolver;Lorg/gradle/internal/resolve/result/ResourceAwareResolveResult;)Lorg/gradle/internal/component/external/model/MutableModuleComponentResolveMetaData;+11
j  org.gradle.api.internal.artifacts.repositories.resolver.ExternalResourceResolver.resolveStaticDependency(Lorg/gradle/api/artifacts/component/ModuleComponentIdentifier;Lorg/gradle/internal/component/model/ComponentOverrideMetadata;Lorg/gradle/internal/resolve/result/BuildableModuleComponentMetaDataResolveResult;Lorg/gradle/api/internal/artifacts/repositories/resolver/ExternalResourceArtifactResolver;)V+5
j  org.gradle.api.internal.artifacts.repositories.resolver.MavenResolver.doResolveComponentMetaData(Lorg/gradle/api/artifacts/component/ModuleComponentIdentifier;Lorg/gradle/internal/component/model/ComponentOverrideMetadata;Lorg/gradle/internal/resolve/result/BuildableModuleComponentMetaDataResolveResult;)V+84
j  org.gradle.api.internal.artifacts.repositories.resolver.ExternalResourceResolver$RemoteRepositoryAccess.resolveComponentMetaData(Lorg/gradle/api/artifacts/component/ModuleComponentIdentifier;Lorg/gradle/internal/component/model/ComponentOverrideMetadata;Lorg/gradle/internal/resolve/result/BuildableModuleComponentMetaDataResolveResult;)V+7
j  org.gradle.api.internal.artifacts.ivyservice.ivyresolve.CacheLockReleasingModuleComponentsRepository$LockReleasingRepositoryAccess$2.run()V+19
j  org.gradle.internal.Factories$1.create()Ljava/lang/Object;+4
j  org.gradle.cache.internal.DefaultCacheAccess.longRunningOperation(Ljava/lang/String;Lorg/gradle/internal/Factory;)Ljava/lang/Object;+7
j  org.gradle.cache.internal.DefaultCacheAccess.longRunningOperation(Ljava/lang/String;Ljava/lang/Runnable;)V+6
j  org.gradle.cache.internal.DefaultPersistentDirectoryStore.longRunningOperation(Ljava/lang/String;Ljava/lang/Runnable;)V+6
j  org.gradle.cache.internal.DefaultCacheFactory$ReferenceTrackingCache.longRunningOperation(Ljava/lang/String;Ljava/lang/Runnable;)V+9
j  org.gradle.api.internal.artifacts.ivyservice.DefaultCacheLockingManager.longRunningOperation(Ljava/lang/String;Ljava/lang/Runnable;)V+6
j  org.gradle.api.internal.artifacts.ivyservice.ivyresolve.CacheLockReleasingModuleComponentsRepository$LockReleasingRepositoryAccess.resolveComponentMetaData(Lorg/gradle/api/artifacts/component/ModuleComponentIdentifier;Lorg/gradle/internal/component/model/ComponentOverrideMetadata;Lorg/gradle/internal/resolve/result/BuildableModuleComponentMetaDataResolveResult;)V+35
j  org.gradle.api.internal.artifacts.ivyservice.ivyresolve.CachingModuleComponentRepository$ResolveAndCacheRepositoryAccess.resolveComponentMetaData(Lorg/gradle/api/artifacts/component/ModuleComponentIdentifier;Lorg/gradle/internal/component/model/ComponentOverrideMetadata;Lorg/gradle/internal/resolve/result/BuildableModuleComponentMetaDataResolveResult;)V+24
j  org.gradle.api.internal.artifacts.ivyservice.ivyresolve.BaseModuleComponentRepositoryAccess.resolveComponentMetaData(Lorg/gradle/api/artifacts/component/ModuleComponentIdentifier;Lorg/gradle/internal/component/model/ComponentOverrideMetadata;Lorg/gradle/internal/resolve/result/BuildableModuleComponentMetaDataResolveResult;)V+7
j  org.gradle.api.internal.artifacts.ivyservice.ivyresolve.memcache.InMemoryCachedModuleComponentRepository$CachedAccess.resolveComponentMetaData(Lorg/gradle/api/artifacts/component/ModuleComponentIdentifier;Lorg/gradle/internal/component/model/ComponentOverrideMetadata;Lorg/gradle/internal/resolve/result/BuildableModuleComponentMetaDataResolveResult;)V+16
j  org.gradle.api.internal.artifacts.ivyservice.ivyresolve.ErrorHandlingModuleComponentRepository$ErrorHandlingModuleComponentRepositoryAccess.resolveComponentMetaData(Lorg/gradle/api/artifacts/component/ModuleComponentIdentifier;Lorg/gradle/internal/component/model/ComponentOverrideMetadata;Lorg/gradle/internal/resolve/result/BuildableModuleComponentMetaDataResolveResult;)V+7
j  org.gradle.api.internal.artifacts.ivyservice.ivyresolve.ComponentMetaDataResolveState.process(Lorg/gradle/api/internal/artifacts/ivyservice/ivyresolve/ModuleComponentRepositoryAccess;)V+13
j  org.gradle.api.internal.artifacts.ivyservice.ivyresolve.ComponentMetaDataResolveState.resolve()Lorg/gradle/internal/resolve/result/BuildableModuleComponentMetaDataResolveResult;+77
j  org.gradle.api.internal.artifacts.ivyservice.ivyresolve.RepositoryChainComponentMetaDataResolver.findBestMatch(Ljava/util/LinkedList;Ljava/util/Collection;Ljava/util/Collection;)Lorg/gradle/api/internal/artifacts/ivyservice/ivyresolve/RepositoryChainModuleResolution;+21
j  org.gradle.api.internal.artifacts.ivyservice.ivyresolve.RepositoryChainComponentMetaDataResolver.findBestMatch(Ljava/util/List;Ljava/util/Collection;)Lorg/gradle/api/internal/artifacts/ivyservice/ivyresolve/RepositoryChainModuleResolution;+28
j  org.gradle.api.internal.artifacts.ivyservice.ivyresolve.RepositoryChainComponentMetaDataResolver.resolveModule(Lorg/gradle/api/artifacts/component/ModuleComponentIdentifier;Lorg/gradle/internal/component/model/ComponentOverrideMetadata;Lorg/gradle/internal/resolve/result/BuildableComponentResolveResult;)V+97
j  org.gradle.api.internal.artifacts.ivyservice.ivyresolve.RepositoryChainComponentMetaDataResolver.resolve(Lorg/gradle/api/artifacts/component/ComponentIdentifier;Lorg/gradle/internal/component/model/ComponentOverrideMetadata;Lorg/gradle/internal/resolve/result/BuildableComponentResolveResult;)V+24
j  org.gradle.api.internal.artifacts.ivyservice.resolveengine.ComponentResolversChain$ComponentMetaDataResolverChain.resolve(Lorg/gradle/api/artifacts/component/ComponentIdentifier;Lorg/gradle/internal/component/model/ComponentOverrideMetadata;Lorg/gradle/internal/resolve/result/BuildableComponentResolveResult;)V+48
j  org.gradle.api.internal.artifacts.ivyservice.clientmodule.ClientModuleResolver.resolve(Lorg/gradle/api/artifacts/component/ComponentIdentifier;Lorg/gradle/internal/component/model/ComponentOverrideMetadata;Lorg/gradle/internal/resolve/result/BuildableComponentResolveResult;)V+7
j  org.gradle.api.internal.artifacts.ivyservice.resolveengine.graph.DependencyGraphBuilder$ModuleVersionResolveState.resolve()V+92
J 3484 C1 org.gradle.api.internal.artifacts.ivyservice.resolveengine.graph.DependencyGraphBuilder$ModuleVersionResolveState.getMetaData()Lorg/gradle/internal/component/model/ComponentResolveMetaData; (16 bytes) @ 0x0000000002c3cf54 [0x0000000002c3ce80+0xd4]
j  org.gradle.api.internal.artifacts.ivyservice.resolveengine.graph.DependencyGraphBuilder$DependencyEdge.calculateTargetConfigurations()V+13
j  org.gradle.api.internal.artifacts.ivyservice.resolveengine.graph.DependencyGraphBuilder$DependencyEdge.attachToTargetConfigurations()V+15
j  org.gradle.api.internal.artifacts.ivyservice.resolveengine.graph.DependencyGraphBuilder.traverseGraph(Lorg/gradle/api/internal/artifacts/ivyservice/resolveengine/graph/DependencyGraphBuilder$ResolveState;Lorg/gradle/api/internal/artifacts/ivyservice/resolveengine/graph/conflicts/ConflictHandler;)V+229
j  org.gradle.api.internal.artifacts.ivyservice.resolveengine.graph.DependencyGraphBuilder.resolve(Lorg/gradle/api/internal/artifacts/ResolveContext;Lorg/gradle/api/internal/artifacts/ivyservice/resolveengine/graph/DependencyGraphVisitor;)V+79
j  org.gradle.api.internal.artifacts.ivyservice.resolveengine.DefaultArtifactDependencyResolver$1.execute(Lorg/apache/ivy/Ivy;)V+135
j  org.gradle.api.internal.artifacts.ivyservice.resolveengine.DefaultArtifactDependencyResolver$1.execute(Ljava/lang/Object;)V+5
j  org.gradle.internal.Transformers$4.transform(Ljava/lang/Object;)Ljava/lang/Object;+5
j  org.gradle.api.internal.artifacts.ivyservice.DefaultIvyContextManager.withIvy(Lorg/gradle/api/Transformer;)Ljava/lang/Object;+96
j  org.gradle.api.internal.artifacts.ivyservice.DefaultIvyContextManager.withIvy(Lorg/gradle/api/Action;)V+5
j  org.gradle.api.internal.artifacts.ivyservice.resolveengine.DefaultArtifactDependencyResolver.resolve(Lorg/gradle/api/internal/artifacts/ResolveContext;Ljava/util/List;Lorg/gradle/api/internal/artifacts/GlobalDependencyResolutionRules;Lorg/gradle/api/internal/artifacts/ivyservice/resolveengine/graph/DependencyGraphVisitor;Lorg/gradle/api/internal/artifacts/ivyservice/resolveengine/artifact/DependencyArtifactsVisitor;)V+19
j  org.gradle.api.internal.artifacts.ivyservice.CacheLockingArtifactDependencyResolver$1.run()V+27
j  org.gradle.internal.Factories$1.create()Ljava/lang/Object;+4
j  org.gradle.cache.internal.DefaultCacheAccess.useCache(Ljava/lang/String;Lorg/gradle/internal/Factory;)Ljava/lang/Object;+80
j  org.gradle.cache.internal.DefaultCacheAccess.useCache(Ljava/lang/String;Ljava/lang/Runnable;)V+6
j  org.gradle.cache.internal.DefaultPersistentDirectoryStore.useCache(Ljava/lang/String;Ljava/lang/Runnable;)V+6
j  org.gradle.cache.internal.DefaultCacheFactory$ReferenceTrackingCache.useCache(Ljava/lang/String;Ljava/lang/Runnable;)V+9
j  org.gradle.api.internal.artifacts.ivyservice.DefaultCacheLockingManager.useCache(Ljava/lang/String;Ljava/lang/Runnable;)V+6
j  org.gradle.api.internal.artifacts.ivyservice.CacheLockingArtifactDependencyResolver.resolve(Lorg/gradle/api/internal/artifacts/ResolveContext;Ljava/util/List;Lorg/gradle/api/internal/artifacts/GlobalDependencyResolutionRules;Lorg/gradle/api/internal/artifacts/ivyservice/resolveengine/graph/DependencyGraphVisitor;Lorg/gradle/api/internal/artifacts/ivyservice/resolveengine/artifact/DependencyArtifactsVisitor;)V+32
j  org.gradle.api.internal.artifacts.ivyservice.DefaultConfigurationResolver.resolve(Lorg/gradle/api/internal/artifacts/configurations/ConfigurationInternal;Lorg/gradle/api/internal/artifacts/ResolverResults;)V+216
j  org.gradle.api.internal.artifacts.ivyservice.SelfResolvingDependencyConfigurationResolver.resolve(Lorg/gradle/api/internal/artifacts/configurations/ConfigurationInternal;Lorg/gradle/api/internal/artifacts/ResolverResults;)V+6
j  org.gradle.api.internal.artifacts.ivyservice.ShortCircuitEmptyConfigurationResolver.resolve(Lorg/gradle/api/internal/artifacts/configurations/ConfigurationInternal;Lorg/gradle/api/internal/artifacts/ResolverResults;)V+90
j  org.gradle.api.internal.artifacts.ivyservice.ErrorHandlingConfigurationResolver.resolve(Lorg/gradle/api/internal/artifacts/configurations/ConfigurationInternal;Lorg/gradle/api/internal/artifacts/ResolverResults;)V+6
j  org.gradle.api.internal.artifacts.configurations.DefaultConfiguration.resolveGraphIfRequired(Lorg/gradle/api/internal/artifacts/configurations/ConfigurationInternal$InternalState;)V+93
j  org.gradle.api.internal.artifacts.configurations.DefaultConfiguration.resolveNow(Lorg/gradle/api/internal/artifacts/configurations/ConfigurationInternal$InternalState;)V+23
j  org.gradle.api.internal.artifacts.configurations.DefaultConfiguration.getResolvedConfiguration()Lorg/gradle/api/artifacts/ResolvedConfiguration;+4
j  org.gradle.api.internal.artifacts.configurations.DefaultConfiguration_Decorated.getResolvedConfiguration()Lorg/gradle/api/artifacts/ResolvedConfiguration;+7
j  com.android.build.gradle.internal.DependencyManager.collectArtifacts(Lorg/gradle/api/artifacts/Configuration;Ljava/util/Map;)V+14
j  com.android.build.gradle.internal.DependencyManager.resolveDependencyForConfig(Lcom/android/build/gradle/internal/dependency/VariantDependencies;Lcom/android/build/gradle/internal/dependency/VariantDependencies;Ljava/lang/String;Lcom/google/common/collect/Multimap;)V+39
j  com.android.build.gradle.internal.DependencyManager.resolveDependencies(Lcom/android/build/gradle/internal/dependency/VariantDependencies;Lcom/android/build/gradle/internal/dependency/VariantDependencies;Ljava/lang/String;)V+11
j  com.android.build.gradle.internal.TaskManager.resolveDependencies(Lcom/android/build/gradle/internal/dependency/VariantDependencies;Lcom/android/build/gradle/internal/dependency/VariantDependencies;Ljava/lang/String;)V+7
j  com.android.build.gradle.internal.VariantManager$9.call()Ljava/lang/Void;+16
j  com.android.build.gradle.internal.VariantManager$9.call()Ljava/lang/Object;+1
j  com.android.builder.profile.ThreadRecorder$1.record(Lcom/android/builder/profile/ExecutionType;Lcom/android/builder/profile/Recorder$Block;Ljava/util/List;)Ljava/lang/Object;+1
j  com.android.builder.profile.ThreadRecorder$1.record(Lcom/android/builder/profile/ExecutionType;Lcom/android/builder/profile/Recorder$Block;[Lcom/android/builder/profile/Recorder$Property;)Ljava/lang/Object;+6
j  com.android.build.gradle.internal.profile.SpanRecorders.record(Lorg/gradle/api/Project;Lcom/android/builder/profile/ExecutionType;Lcom/android/builder/profile/Recorder$Block;[Lcom/android/builder/profile/Recorder$Property;)Ljava/lang/Object;+45
j  com.android.build.gradle.internal.VariantManager.createVariantData(Lcom/android/builder/model/BuildType;Ljava/util/List;)Lcom/android/build/gradle/internal/variant/BaseVariantData;+603
j  com.android.build.gradle.internal.VariantManager.createVariantDataForProductFlavors(Ljava/util/List;)V+184
j  com.android.build.gradle.internal.VariantManager.populateVariantDataList()V+16
j  com.android.build.gradle.internal.VariantManager$1.call()Ljava/lang/Void;+4
j  com.android.build.gradle.internal.VariantManager$1.call()Ljava/lang/Object;+1
j  com.android.builder.profile.ThreadRecorder$1.record(Lcom/android/builder/profile/ExecutionType;Lcom/android/builder/profile/Recorder$Block;Ljava/util/List;)Ljava/lang/Object;+1
j  com.android.builder.profile.ThreadRecorder$1.record(Lcom/android/builder/profile/ExecutionType;Lcom/android/builder/profile/Recorder$Block;[Lcom/android/builder/profile/Recorder$Property;)Ljava/lang/Object;+6
j  com.android.build.gradle.internal.VariantManager.createAndroidTasks()V+70
j  com.android.build.gradle.BasePlugin$12.call()Ljava/lang/Void;+7
j  com.android.build.gradle.BasePlugin$12.call()Ljava/lang/Object;+1
j  com.android.builder.profile.ThreadRecorder$1.record(Lcom/android/builder/profile/ExecutionType;Lcom/android/builder/profile/Recorder$Block;Ljava/util/List;)Ljava/lang/Object;+1
j  com.android.builder.profile.ThreadRecorder$1.record(Lcom/android/builder/profile/ExecutionType;Lcom/android/builder/profile/Recorder$Block;[Lcom/android/builder/profile/Recorder$Property;)Ljava/lang/Object;+6
j  com.android.build.gradle.BasePlugin.createAndroidTasks(Z)V+310
j  com.android.build.gradle.BasePlugin$10$1.call()Ljava/lang/Void;+8
j  com.android.build.gradle.BasePlugin$10$1.call()Ljava/lang/Object;+1
j  com.android.builder.profile.ThreadRecorder$1.record(Lcom/android/builder/profile/ExecutionType;Lcom/android/builder/profile/Recorder$Block;Ljava/util/List;)Ljava/lang/Object;+1
j  com.android.builder.profile.ThreadRecorder$1.record(Lcom/android/builder/profile/ExecutionType;Lcom/android/builder/profile/Recorder$Block;[Lcom/android/builder/profile/Recorder$Property;)Ljava/lang/Object;+6
j  com.android.build.gradle.BasePlugin$10.execute(Lorg/gradle/api/Project;)V+36
j  com.android.build.gradle.BasePlugin$10.execute(Ljava/lang/Object;)V+5
j  org.gradle.internal.event.BroadcastDispatch$ActionInvocationHandler.dispatch(Lorg/gradle/messaging/dispatch/MethodInvocation;)V+27
j  org.gradle.internal.event.BroadcastDispatch$ActionInvocationHandler.dispatch(Ljava/lang/Object;)V+5
J 706 C1 org.gradle.internal.event.AbstractBroadcastDispatch.dispatch(Lorg/gradle/messaging/dispatch/MethodInvocation;Ljava/util/Iterator;)V (127 bytes) @ 0x0000000002a7b934 [0x0000000002a7b3e0+0x554]
J 703 C1 org.gradle.internal.event.BroadcastDispatch.dispatch(Ljava/lang/Object;)V (9 bytes) @ 0x0000000002a80334 [0x0000000002a7fea0+0x494]
J 681 C1 org.gradle.messaging.dispatch.ProxyDispatchAdapter$DispatchingInvocationHandler.invoke(Ljava/lang/Object;Ljava/lang/reflect/Method;[Ljava/lang/Object;)Ljava/lang/Object; (179 bytes) @ 0x0000000002a716cc [0x0000000002a6fbc0+0x1b0c]
j  com.sun.proxy.$Proxy10.afterEvaluate(Lorg/gradle/api/Project;Lorg/gradle/api/ProjectState;)V+20
j  org.gradle.configuration.project.LifecycleProjectEvaluator.notifyAfterEvaluate(Lorg/gradle/api/ProjectEvaluationListener;Lorg/gradle/api/internal/project/ProjectInternal;Lorg/gradle/api/internal/project/ProjectStateInternal;)V+3
j  org.gradle.configuration.project.LifecycleProjectEvaluator.evaluate(Lorg/gradle/api/internal/project/ProjectInternal;Lorg/gradle/api/internal/project/ProjectStateInternal;)V+72
j  org.gradle.api.internal.project.AbstractProject.evaluate()Lorg/gradle/api/internal/project/AbstractProject;+9
j  org.gradle.api.internal.project.AbstractProject.evaluate()Lorg/gradle/api/Project;+1
j  org.gradle.execution.TaskPathProjectEvaluator.configureHierarchy(Lorg/gradle/api/internal/project/ProjectInternal;)V+82
j  org.gradle.configuration.DefaultBuildConfigurer.configure(Lorg/gradle/api/internal/GradleInternal;)V+50
j  org.gradle.initialization.DefaultGradleLauncher$2.run()V+14
j  org.gradle.internal.Factories$1.create()Ljava/lang/Object;+4
j  org.gradle.internal.progress.DefaultBuildOperationExecutor.run(Lorg/gradle/internal/progress/BuildOperationDetails;Lorg/gradle/internal/Factory;)Ljava/lang/Object;+171
j  org.gradle.internal.progress.DefaultBuildOperationExecutor.run(Ljava/lang/String;Ljava/lang/Runnable;)V+12
j  org.gradle.initialization.DefaultGradleLauncher.doBuildStages(Lorg/gradle/initialization/DefaultGradleLauncher$Stage;)V+39
j  org.gradle.initialization.DefaultGradleLauncher.access$200(Lorg/gradle/initialization/DefaultGradleLauncher;Lorg/gradle/initialization/DefaultGradleLauncher$Stage;)V+2
j  org.gradle.initialization.DefaultGradleLauncher$1.create()Lorg/gradle/BuildResult;+29
j  org.gradle.initialization.DefaultGradleLauncher$1.create()Ljava/lang/Object;+1
j  org.gradle.internal.progress.DefaultBuildOperationExecutor.run(Lorg/gradle/internal/progress/BuildOperationDetails;Lorg/gradle/internal/Factory;)Ljava/lang/Object;+171
j  org.gradle.internal.progress.DefaultBuildOperationExecutor.run(Ljava/lang/String;Lorg/gradle/internal/Factory;)Ljava/lang/Object;+9
j  org.gradle.initialization.DefaultGradleLauncher.doBuild(Lorg/gradle/initialization/DefaultGradleLauncher$Stage;)Lorg/gradle/BuildResult;+25
j  org.gradle.initialization.DefaultGradleLauncher.getBuildAnalysis()Lorg/gradle/BuildResult;+4
j  org.gradle.launcher.exec.InProcessBuildActionExecuter$DefaultBuildController.configure()Lorg/gradle/api/internal/GradleInternal;+4
j  org.gradle.tooling.internal.provider.runner.ClientProvidedBuildActionRunner.run(Lorg/gradle/internal/invocation/BuildAction;Lorg/gradle/internal/invocation/BuildController;)V+56
j  org.gradle.launcher.exec.ChainingBuildActionRunner.run(Lorg/gradle/internal/invocation/BuildAction;Lorg/gradle/internal/invocation/BuildController;)V+34
j  org.gradle.tooling.internal.provider.runner.SubscribableBuildActionRunner.run(Lorg/gradle/internal/invocation/BuildAction;Lorg/gradle/internal/invocation/BuildController;)V+37
j  org.gradle.launcher.exec.ChainingBuildActionRunner.run(Lorg/gradle/internal/invocation/BuildAction;Lorg/gradle/internal/invocation/BuildController;)V+34
j  org.gradle.launcher.exec.InProcessBuildActionExecuter.execute(Lorg/gradle/internal/invocation/BuildAction;Lorg/gradle/initialization/BuildRequestContext;Lorg/gradle/launcher/exec/BuildActionParameters;Lorg/gradle/internal/service/ServiceRegistry;)Ljava/lang/Object;+63
j  org.gradle.launcher.exec.InProcessBuildActionExecuter.execute(Lorg/gradle/internal/invocation/BuildAction;Lorg/gradle/initialization/BuildRequestContext;Ljava/lang/Object;Lorg/gradle/internal/service/ServiceRegistry;)Ljava/lang/Object;+9
j  org.gradle.launcher.exec.ContinuousBuildActionExecuter.execute(Lorg/gradle/internal/invocation/BuildAction;Lorg/gradle/initialization/BuildRequestContext;Lorg/gradle/launcher/exec/BuildActionParameters;Lorg/gradle/internal/service/ServiceRegistry;)Ljava/lang/Object;+70
j  org.gradle.launcher.exec.ContinuousBuildActionExecuter.execute(Lorg/gradle/internal/invocation/BuildAction;Lorg/gradle/initialization/BuildRequestContext;Ljava/lang/Object;Lorg/gradle/internal/service/ServiceRegistry;)Ljava/lang/Object;+9
j  org.gradle.launcher.daemon.server.exec.ExecuteBuild.doBuild(Lorg/gradle/launcher/daemon/server/api/DaemonCommandExecution;Lorg/gradle/launcher/daemon/protocol/Build;)V+74
j  org.gradle.launcher.daemon.server.exec.BuildCommandOnly.execute(Lorg/gradle/launcher/daemon/server/api/DaemonCommandExecution;)V+49
j  org.gradle.launcher.daemon.server.api.DaemonCommandExecution.proceed()Z+28
j  org.gradle.launcher.daemon.server.exec.WatchForDisconnection.execute(Lorg/gradle/launcher/daemon/server/api/DaemonCommandExecution;)V+19
j  org.gradle.launcher.daemon.server.api.DaemonCommandExecution.proceed()Z+28
j  org.gradle.launcher.daemon.server.exec.ResetDeprecationLogger.execute(Lorg/gradle/launcher/daemon/server/api/DaemonCommandExecution;)V+4
j  org.gradle.launcher.daemon.server.api.DaemonCommandExecution.proceed()Z+28
j  org.gradle.launcher.daemon.server.exec.RequestStopIfSingleUsedDaemon.execute(Lorg/gradle/launcher/daemon/server/api/DaemonCommandExecution;)V+31
j  org.gradle.launcher.daemon.server.api.DaemonCommandExecution.proceed()Z+28
j  org.gradle.launcher.daemon.server.exec.ForwardClientInput$2.call()Ljava/lang/Void;+4
j  org.gradle.launcher.daemon.server.exec.ForwardClientInput$2.call()Ljava/lang/Object;+1
j  org.gradle.util.Swapper.swap(Ljava/lang/Object;Ljava/util/concurrent/Callable;)Ljava/lang/Object;+21
j  org.gradle.launcher.daemon.server.exec.ForwardClientInput.execute(Lorg/gradle/launcher/daemon/server/api/DaemonCommandExecution;)V+63
j  org.gradle.launcher.daemon.server.api.DaemonCommandExecution.proceed()Z+28
j  org.gradle.launcher.daemon.server.health.DaemonHealthTracker.execute(Lorg/gradle/launcher/daemon/server/api/DaemonCommandExecution;)V+35
j  org.gradle.launcher.daemon.server.api.DaemonCommandExecution.proceed()Z+28
j  org.gradle.launcher.daemon.server.exec.LogToClient.doBuild(Lorg/gradle/launcher/daemon/server/api/DaemonCommandExecution;Lorg/gradle/launcher/daemon/protocol/Build;)V+97
j  org.gradle.launcher.daemon.server.exec.BuildCommandOnly.execute(Lorg/gradle/launcher/daemon/server/api/DaemonCommandExecution;)V+49
j  org.gradle.launcher.daemon.server.api.DaemonCommandExecution.proceed()Z+28
j  org.gradle.launcher.daemon.server.exec.EstablishBuildEnvironment.doBuild(Lorg/gradle/launcher/daemon/server/api/DaemonCommandExecution;Lorg/gradle/launcher/daemon/protocol/Build;)V+279
j  org.gradle.launcher.daemon.server.exec.BuildCommandOnly.execute(Lorg/gradle/launcher/daemon/server/api/DaemonCommandExecution;)V+49
j  org.gradle.launcher.daemon.server.api.DaemonCommandExecution.proceed()Z+28
j  org.gradle.launcher.daemon.server.health.HintGCAfterBuild.execute(Lorg/gradle/launcher/daemon/server/api/DaemonCommandExecution;)V+1
j  org.gradle.launcher.daemon.server.api.DaemonCommandExecution.proceed()Z+28
j  org.gradle.launcher.daemon.server.exec.StartBuildOrRespondWithBusy$1.run()V+44
j  org.gradle.launcher.daemon.server.DaemonStateCoordinator$1.run()V+4
j  org.gradle.internal.concurrent.ExecutorPolicy$CatchAndRecordFailures.onExecute(Ljava/lang/Runnable;)V+1
j  org.gradle.internal.concurrent.StoppableExecutorImpl$1.run()V+25
j  java.util.concurrent.ThreadPoolExecutor.runWorker(Ljava/util/concurrent/ThreadPoolExecutor$Worker;)V+95
j  java.util.concurrent.ThreadPoolExecutor$Worker.run()V+5
j  java.lang.Thread.run()V+11
v  ~StubRoutines::call_stub

---------------  P R O C E S S  ---------------

Java Threads: ( => current thread )
  0x000000001a513800 JavaThread "File lock request listener" [_thread_in_native, id=8392, stack(0x000000001c490000,0x000000001c590000)]
  0x000000001a011800 JavaThread "Stdin handler" [_thread_blocked, id=2644, stack(0x000000001adc0000,0x000000001aec0000)]
=>0x0000000019fc4000 JavaThread "Daemon worker" [_thread_in_native, id=5896, stack(0x000000001acc0000,0x000000001adc0000)]
  0x000000001a0bb000 JavaThread "Cancel handler" [_thread_blocked, id=8336, stack(0x000000001abc0000,0x000000001acc0000)]
  0x000000001a0b2000 JavaThread "Handler for socket connection from /127.0.0.1:51799 to /127.0.0.1:51800" [_thread_in_native, id=6148, stack(0x000000001aac0000,0x000000001abc0000)]
  0x0000000019fe2800 JavaThread "Daemon" [_thread_blocked, id=8944, stack(0x000000001a9c0000,0x000000001aac0000)]
  0x000000001a0b1000 JavaThread "Incoming local TCP Connector on port 51799" [_thread_in_native, id=1608, stack(0x0000000019830000,0x0000000019930000)]
  0x00000000173c3000 JavaThread "Service Thread" daemon [_thread_blocked, id=4768, stack(0x0000000017c90000,0x0000000017d90000)]
  0x000000001731d800 JavaThread "C1 CompilerThread3" daemon [_thread_blocked, id=7444, stack(0x0000000017b90000,0x0000000017c90000)]
  0x0000000017319800 JavaThread "C2 CompilerThread2" daemon [_thread_in_native, id=460, stack(0x0000000017a90000,0x0000000017b90000)]
  0x0000000017317800 JavaThread "C2 CompilerThread1" daemon [_thread_blocked, id=4776, stack(0x0000000017990000,0x0000000017a90000)]
  0x0000000017312800 JavaThread "C2 CompilerThread0" daemon [_thread_blocked, id=6056, stack(0x0000000017890000,0x0000000017990000)]
  0x0000000017311800 JavaThread "Attach Listener" daemon [_thread_blocked, id=9520, stack(0x0000000017790000,0x0000000017890000)]
  0x00000000172c7800 JavaThread "Signal Dispatcher" daemon [_thread_blocked, id=1848, stack(0x0000000017690000,0x0000000017790000)]
  0x0000000002799800 JavaThread "Finalizer" daemon [_thread_blocked, id=10340, stack(0x0000000017190000,0x0000000017290000)]
  0x0000000002793000 JavaThread "Reference Handler" daemon [_thread_blocked, id=6880, stack(0x0000000017090000,0x0000000017190000)]
  0x000000000259d800 JavaThread "main" [_thread_blocked, id=3388, stack(0x00000000025a0000,0x00000000026a0000)]

Other Threads:
  0x00000000152b9800 VMThread [stack: 0x0000000016f90000,0x0000000017090000] [id=7552]
  0x0000000017430800 WatcherThread [stack: 0x0000000017d90000,0x0000000017e90000] [id=5096]

VM state:not at safepoint (normal execution)

VM Mutex/Monitor currently owned by a thread: None

Heap:
 PSYoungGen      total 140288K, used 102144K [0x00000000eab00000, 0x00000000f7080000, 0x0000000100000000)
  eden space 126464K, 80% used [0x00000000eab00000,0x00000000f0ec0050,0x00000000f2680000)
  from space 13824K, 0% used [0x00000000f2680000,0x00000000f2680000,0x00000000f3400000)
  to   space 13312K, 0% used [0x00000000f6380000,0x00000000f6380000,0x00000000f7080000)
 ParOldGen       total 90624K, used 18866K [0x00000000c0000000, 0x00000000c5880000, 0x00000000eab00000)
  object space 90624K, 20% used [0x00000000c0000000,0x00000000c126c960,0x00000000c5880000)
 Metaspace       used 43870K, capacity 44864K, committed 45056K, reserved 1087488K
  class space    used 5830K, capacity 6081K, committed 6144K, reserved 1048576K

Card table byte_map: [0x0000000011b60000,0x0000000011d70000] byte_map_base: 0x0000000011560000

Marking Bits: (ParMarkBitMap*) 0x0000000052bc0600
 Begin Bits: [0x00000000126d0000, 0x00000000136d0000)
 End Bits:   [0x00000000136d0000, 0x00000000146d0000)

Polling page: 0x00000000004f0000

CodeCache: size=245760Kb used=18068Kb max_used=18088Kb free=227691Kb
 bounds [0x00000000027a0000, 0x0000000003960000, 0x00000000117a0000]
 total_blobs=5510 nmethods=4786 adapters=635
 compilation: enabled

Compilation events (10 events):
Event: 11.608 Thread 0x000000001731d800 5180       3       java.nio.charset.Charset::forName (20 bytes)
Event: 11.608 Thread 0x000000001731d800 nmethod 5180 0x00000000039468d0 code [0x0000000003946a40, 0x0000000003946c58]
Event: 11.608 Thread 0x0000000017312800 nmethod 5175 0x0000000003943250 code [0x00000000039433c0, 0x0000000003943688]
Event: 11.610 Thread 0x000000001731d800 5181  s    3       java.io.ByteArrayInputStream::read (36 bytes)
Event: 11.610 Thread 0x000000001731d800 nmethod 5181 0x0000000003942bd0 code [0x0000000003942d40, 0x0000000003943090]
Event: 11.610 Thread 0x000000001731d800 5182       3       sun.security.provider.X509Factory::readOneBlock (411 bytes)
Event: 11.612 Thread 0x0000000017312800 5183       4       java.security.MessageDigest$Delegate::engineUpdate (11 bytes)
Event: 11.613 Thread 0x000000001731d800 nmethod 5182 0x000000000394cc90 code [0x000000000394d140, 0x0000000003950258]
Event: 11.614 Thread 0x000000001731d800 5184       3       java.nio.charset.CharsetDecoder::implReplaceWith (1 bytes)
Event: 11.614 Thread 0x000000001731d800 nmethod 5184 0x0000000003940090 code [0x00000000039401e0, 0x0000000003940330]

GC Heap History (10 events):
Event: 6.363 GC heap before
{Heap before GC invocations=9 (full 1):
 PSYoungGen      total 66560K, used 57216K [0x00000000eab00000, 0x00000000f1a80000, 0x0000000100000000)
  eden space 55296K, 100% used [0x00000000eab00000,0x00000000ee100000,0x00000000ee100000)
  from space 11264K, 17% used [0x00000000ee100000,0x00000000ee2e0020,0x00000000eec00000)
  to   space 11264K, 0% used [0x00000000f0f80000,0x00000000f0f80000,0x00000000f1a80000)
 ParOldGen       total 58880K, used 10424K [0x00000000c0000000, 0x00000000c3980000, 0x00000000eab00000)
  object space 58880K, 17% used [0x00000000c0000000,0x00000000c0a2e260,0x00000000c3980000)
 Metaspace       used 21219K, capacity 21618K, committed 21888K, reserved 1069056K
  class space    used 2759K, capacity 2891K, committed 2944K, reserved 1048576K
Event: 6.365 GC heap after
Heap after GC invocations=9 (full 1):
 PSYoungGen      total 103424K, used 2544K [0x00000000eab00000, 0x00000000f1b00000, 0x0000000100000000)
  eden space 92160K, 0% used [0x00000000eab00000,0x00000000eab00000,0x00000000f0500000)
  from space 11264K, 22% used [0x00000000f0f80000,0x00000000f11fc030,0x00000000f1a80000)
  to   space 10752K, 0% used [0x00000000f0500000,0x00000000f0500000,0x00000000f0f80000)
 ParOldGen       total 58880K, used 10424K [0x00000000c0000000, 0x00000000c3980000, 0x00000000eab00000)
  object space 58880K, 17% used [0x00000000c0000000,0x00000000c0a2e260,0x00000000c3980000)
 Metaspace       used 21219K, capacity 21618K, committed 21888K, reserved 1069056K
  class space    used 2759K, capacity 2891K, committed 2944K, reserved 1048576K
}
Event: 7.321 GC heap before
{Heap before GC invocations=10 (full 1):
 PSYoungGen      total 103424K, used 94704K [0x00000000eab00000, 0x00000000f1b00000, 0x0000000100000000)
  eden space 92160K, 100% used [0x00000000eab00000,0x00000000f0500000,0x00000000f0500000)
  from space 11264K, 22% used [0x00000000f0f80000,0x00000000f11fc030,0x00000000f1a80000)
  to   space 10752K, 0% used [0x00000000f0500000,0x00000000f0500000,0x00000000f0f80000)
 ParOldGen       total 58880K, used 10424K [0x00000000c0000000, 0x00000000c3980000, 0x00000000eab00000)
  object space 58880K, 17% used [0x00000000c0000000,0x00000000c0a2e260,0x00000000c3980000)
 Metaspace       used 25953K, capacity 26532K, committed 26752K, reserved 1073152K
  class space    used 3446K, capacity 3620K, committed 3712K, reserved 1048576K
Event: 7.330 GC heap after
Heap after GC invocations=10 (full 1):
 PSYoungGen      total 102912K, used 9003K [0x00000000eab00000, 0x00000000f4100000, 0x0000000100000000)
  eden space 92160K, 0% used [0x00000000eab00000,0x00000000eab00000,0x00000000f0500000)
  from space 10752K, 83% used [0x00000000f0500000,0x00000000f0dcacf8,0x00000000f0f80000)
  to   space 12288K, 0% used [0x00000000f3500000,0x00000000f3500000,0x00000000f4100000)
 ParOldGen       total 58880K, used 10880K [0x00000000c0000000, 0x00000000c3980000, 0x00000000eab00000)
  object space 58880K, 18% used [0x00000000c0000000,0x00000000c0aa0290,0x00000000c3980000)
 Metaspace       used 25953K, capacity 26532K, committed 26752K, reserved 1073152K
  class space    used 3446K, capacity 3620K, committed 3712K, reserved 1048576K
}
Event: 9.583 GC heap before
{Heap before GC invocations=11 (full 1):
 PSYoungGen      total 102912K, used 101163K [0x00000000eab00000, 0x00000000f4100000, 0x0000000100000000)
  eden space 92160K, 100% used [0x00000000eab00000,0x00000000f0500000,0x00000000f0500000)
  from space 10752K, 83% used [0x00000000f0500000,0x00000000f0dcacf8,0x00000000f0f80000)
  to   space 12288K, 0% used [0x00000000f3500000,0x00000000f3500000,0x00000000f4100000)
 ParOldGen       total 58880K, used 10880K [0x00000000c0000000, 0x00000000c3980000, 0x00000000eab00000)
  object space 58880K, 18% used [0x00000000c0000000,0x00000000c0aa0290,0x00000000c3980000)
 Metaspace       used 30960K, capacity 31532K, committed 31744K, reserved 1077248K
  class space    used 4086K, capacity 4237K, committed 4352K, reserved 1048576K
Event: 9.592 GC heap after
Heap after GC invocations=11 (full 1):
 PSYoungGen      total 138752K, used 11124K [0x00000000eab00000, 0x00000000f4180000, 0x0000000100000000)
  eden space 126464K, 0% used [0x00000000eab00000,0x00000000eab00000,0x00000000f2680000)
  from space 12288K, 90% used [0x00000000f3500000,0x00000000f3fdd370,0x00000000f4100000)
  to   space 13824K, 0% used [0x00000000f2680000,0x00000000f2680000,0x00000000f3400000)
 ParOldGen       total 58880K, used 11216K [0x00000000c0000000, 0x00000000c3980000, 0x00000000eab00000)
  object space 58880K, 19% used [0x00000000c0000000,0x00000000c0af42a0,0x00000000c3980000)
 Metaspace       used 30960K, capacity 31532K, committed 31744K, reserved 1077248K
  class space    used 4086K, capacity 4237K, committed 4352K, reserved 1048576K
}
Event: 10.254 GC heap before
{Heap before GC invocations=12 (full 1):
 PSYoungGen      total 138752K, used 82413K [0x00000000eab00000, 0x00000000f4180000, 0x0000000100000000)
  eden space 126464K, 56% used [0x00000000eab00000,0x00000000ef09e2d8,0x00000000f2680000)
  from space 12288K, 90% used [0x00000000f3500000,0x00000000f3fdd370,0x00000000f4100000)
  to   space 13824K, 0% used [0x00000000f2680000,0x00000000f2680000,0x00000000f3400000)
 ParOldGen       total 58880K, used 11216K [0x00000000c0000000, 0x00000000c3980000, 0x00000000eab00000)
  object space 58880K, 19% used [0x00000000c0000000,0x00000000c0af42a0,0x00000000c3980000)
 Metaspace       used 34670K, capacity 35404K, committed 35496K, reserved 1079296K
  class space    used 4589K, capacity 4808K, committed 4864K, reserved 1048576K
Event: 10.264 GC heap after
Heap after GC invocations=12 (full 1):
 PSYoungGen      total 140288K, used 4702K [0x00000000eab00000, 0x00000000f7080000, 0x0000000100000000)
  eden space 126464K, 0% used [0x00000000eab00000,0x00000000eab00000,0x00000000f2680000)
  from space 13824K, 34% used [0x00000000f2680000,0x00000000f2b17ae8,0x00000000f3400000)
  to   space 13312K, 0% used [0x00000000f6380000,0x00000000f6380000,0x00000000f7080000)
 ParOldGen       total 58880K, used 18537K [0x00000000c0000000, 0x00000000c3980000, 0x00000000eab00000)
  object space 58880K, 31% used [0x00000000c0000000,0x00000000c121a770,0x00000000c3980000)
 Metaspace       used 34670K, capacity 35404K, committed 35496K, reserved 1079296K
  class space    used 4589K, capacity 4808K, committed 4864K, reserved 1048576K
}
Event: 10.264 GC heap before
{Heap before GC invocations=13 (full 2):
 PSYoungGen      total 140288K, used 4702K [0x00000000eab00000, 0x00000000f7080000, 0x0000000100000000)
  eden space 126464K, 0% used [0x00000000eab00000,0x00000000eab00000,0x00000000f2680000)
  from space 13824K, 34% used [0x00000000f2680000,0x00000000f2b17ae8,0x00000000f3400000)
  to   space 13312K, 0% used [0x00000000f6380000,0x00000000f6380000,0x00000000f7080000)
 ParOldGen       total 58880K, used 18537K [0x00000000c0000000, 0x00000000c3980000, 0x00000000eab00000)
  object space 58880K, 31% used [0x00000000c0000000,0x00000000c121a770,0x00000000c3980000)
 Metaspace       used 34670K, capacity 35404K, committed 35496K, reserved 1079296K
  class space    used 4589K, capacity 4808K, committed 4864K, reserved 1048576K
Event: 10.344 GC heap after
Heap after GC invocations=13 (full 2):
 PSYoungGen      total 140288K, used 0K [0x00000000eab00000, 0x00000000f7080000, 0x0000000100000000)
  eden space 126464K, 0% used [0x00000000eab00000,0x00000000eab00000,0x00000000f2680000)
  from space 13824K, 0% used [0x00000000f2680000,0x00000000f2680000,0x00000000f3400000)
  to   space 13312K, 0% used [0x00000000f6380000,0x00000000f6380000,0x00000000f7080000)
 ParOldGen       total 90624K, used 18866K [0x00000000c0000000, 0x00000000c5880000, 0x00000000eab00000)
  object space 90624K, 20% used [0x00000000c0000000,0x00000000c126c960,0x00000000c5880000)
 Metaspace       used 34623K, capacity 35288K, committed 35496K, reserved 1079296K
  class space    used 4575K, capacity 4792K, committed 4864K, reserved 1048576K
}

Deoptimization events (10 events):
Event: 11.342 Thread 0x0000000019fc4000 Uncommon trap: reason=unstable_if action=reinterpret pc=0x0000000002a5c9fc method=java.net.URI$Parser.scan(IIJJ)I @ 25
Event: 11.459 Thread 0x0000000019fc4000 Uncommon trap: reason=bimorphic action=maybe_recompile pc=0x0000000002c9039c method=java.security.MessageDigest$Delegate.engineUpdate([BII)V @ 7
Event: 11.461 Thread 0x0000000019fc4000 Uncommon trap: reason=bimorphic action=maybe_recompile pc=0x0000000002c9039c method=java.security.MessageDigest$Delegate.engineUpdate([BII)V @ 7
Event: 11.462 Thread 0x0000000019fc4000 Uncommon trap: reason=bimorphic action=maybe_recompile pc=0x0000000002c9039c method=java.security.MessageDigest$Delegate.engineUpdate([BII)V @ 7
Event: 11.462 Thread 0x0000000019fc4000 Uncommon trap: reason=bimorphic action=maybe_recompile pc=0x0000000002c9039c method=java.security.MessageDigest$Delegate.engineUpdate([BII)V @ 7
Event: 11.503 Thread 0x0000000019fc4000 Uncommon trap: reason=unstable_if action=reinterpret pc=0x00000000028bb038 method=java.lang.Integer.getChars(II[C)V @ 20
Event: 11.606 Thread 0x0000000019fc4000 Uncommon trap: reason=unstable_if action=reinterpret pc=0x000000000389fe60 method=java.util.jar.JarFile.maybeInstantiateVerifier()V @ 75
Event: 11.608 Thread 0x0000000019fc4000 Uncommon trap: reason=unstable_if action=reinterpret pc=0x0000000002bb2504 method=java.lang.String.regionMatches(ZILjava/lang/String;II)Z @ 123
Event: 11.608 Thread 0x0000000019fc4000 Uncommon trap: reason=unstable_if action=reinterpret pc=0x0000000003123e38 method=java.lang.String.regionMatches(ZILjava/lang/String;II)Z @ 123
Event: 11.610 Thread 0x0000000019fc4000 Uncommon trap: reason=unstable_if action=reinterpret pc=0x000000000391c050 method=java.io.ByteArrayInputStream.read()I @ 8

Internal exceptions (10 events):
Event: 10.764 Thread 0x0000000019fc4000 Exception <a 'java/lang/ClassNotFoundException': org/gradle/api/NamedDomainObjectCollectionBeanInfo> (0x00000000edaafef8) thrown at [D:\re\puppet\workspace\8-2-build-windows-amd64-cygwin\jdk8u73\6086\hotspot\src\share\vm\classfile\systemDictionary.cpp, lin¥Ë7ST‡%@
Event: 10.764 Thread 0x0000000019fc4000 Exception <a 'java/lang/ClassNotFoundException': org/gradle/api/NamedDomainObjectCollectionCustomizer> (0x00000000edad6d38) thrown at [D:\re\puppet\workspace\8-2-build-windows-amd64-cygwin\jdk8u73\6086\hotspot\src\share\vm\classfile\systemDictionary.cpp, lÍ#0ˆ%@
Event: 10.766 Thread 0x0000000019fc4000 Exception <a 'java/lang/ClassNotFoundException': org/gradle/api/NamedDomainObjectSetBeanInfo> (0x00000000edb1eed0) thrown at [D:\re\puppet\workspace\8-2-build-windows-amd64-cygwin\jdk8u73\6086\hotspot\src\share\vm\classfile\systemDictionary.cpp, line 210]
Event: 10.767 Thread 0x0000000019fc4000 Exception <a 'java/lang/ClassNotFoundException': org/gradle/api/NamedDomainObjectSetCustomizer> (0x00000000edb42ee0) thrown at [D:\re\puppet\workspace\8-2-build-windows-amd64-cygwin\jdk8u73\6086\hotspot\src\share\vm\classfile\systemDictionary.cpp, line 210*{_j‰%@
Event: 10.768 Thread 0x0000000019fc4000 Exception <a 'java/lang/ClassNotFoundException': java/util/SetBeanInfo> (0x00000000edb612c8) thrown at [D:\re\puppet\workspace\8-2-build-windows-amd64-cygwin\jdk8u73\6086\hotspot\src\share\vm\classfile\systemDictionary.cpp, line 210]
Event: 10.768 Thread 0x0000000019fc4000 Exception <a 'java/lang/ClassNotFoundException': java/util/SetCustomizer> (0x00000000edb68e40) thrown at [D:\re\puppet\workspace\8-2-build-windows-amd64-cygwin\jdk8u73\6086\hotspot\src\share\vm\classfile\systemDictionary.cpp, line 210]
Event: 10.770 Thread 0x0000000019fc4000 Exception <a 'java/lang/ClassNotFoundException': org/gradle/api/NamedDomainObjectContainerBeanInfo> (0x00000000edbaa4c8) thrown at [D:\re\puppet\workspace\8-2-build-windows-amd64-cygwin\jdk8u73\6086\hotspot\src\share\vm\classfile\systemDictionary.cpp, linežä²ÂŠ%@
Event: 10.771 Thread 0x0000000019fc4000 Exception <a 'java/lang/ClassNotFoundException': org/gradle/api/NamedDomainObjectContainerCustomizer> (0x00000000edbd0f30) thrown at [D:\re\puppet\workspace\8-2-build-windows-amd64-cygwin\jdk8u73\6086\hotspot\src\share\vm\classfile\systemDictionary.cpp, liM¼!Ú£²%@
Event: 10.849 Thread 0x0000000019fc4000 Exception <a 'java/lang/ClassNotFoundException': com/sun/org/glassfish/hk2/osgiresourcelocator/ServiceLoader> (0x00000000ee2b9478) thrown at [D:\re\puppet\workspace\8-2-build-windows-amd64-cygwin\jdk8u73\6086\hotspot\src\share\vm\classfile\systemDictionaryâp
—Ÿ¶%@
Event: 10.857 Thread 0x0000000019fc4000 Exception <a 'java/lang/NullPointerException'> (0x00000000ee2ec060) thrown at [D:\re\puppet\workspace\8-2-build-windows-amd64-cygwin\jdk8u73\6086\hotspot\src\share\vm\interpreter\linkResolver.cpp, line 1280]

Events (10 events):
Event: 11.610 Executing VM operation: RevokeBias
Event: 11.610 Executing VM operation: RevokeBias done
Event: 11.610 Thread 0x0000000019fc4000 DEOPT PACKING pc=0x000000000391c050 sp=0x000000001adb68a0
Event: 11.610 Thread 0x0000000019fc4000 DEOPT UNPACKING pc=0x00000000027e582a sp=0x000000001adb6850 mode 2
Event: 11.611 loading class sun/security/validator/Validator
Event: 11.611 loading class sun/security/validator/Validator done
Event: 11.611 loading class sun/security/validator/SimpleValidator
Event: 11.611 loading class sun/security/validator/SimpleValidator done
Event: 11.611 loading class sun/security/validator/EndEntityChecker
Event: 11.612 loading class sun/security/validator/EndEntityChecker done


Dynamic libraries:
0x00007ff6f4dd0000 - 0x00007ff6f4e07000 	D:\Java\jdk1.8.0_73\bin\java.exe
0x00007ffad6990000 - 0x00007ffad6b51000 	C:\WINDOWS\SYSTEM32\ntdll.dll
0x00007ffad68e0000 - 0x00007ffad698d000 	C:\WINDOWS\system32\KERNEL32.DLL
0x00007ffad3ba0000 - 0x00007ffad3d88000 	C:\WINDOWS\system32\KERNELBASE.dll
0x00007ffad3d90000 - 0x00007ffad3e37000 	C:\WINDOWS\system32\ADVAPI32.dll
0x00007ffad4020000 - 0x00007ffad40bd000 	C:\WINDOWS\system32\msvcrt.dll
0x00007ffad4930000 - 0x00007ffad498b000 	C:\WINDOWS\system32\sechost.dll
0x00007ffad4290000 - 0x00007ffad43ac000 	C:\WINDOWS\system32\RPCRT4.dll
0x00007ffad6520000 - 0x00007ffad6676000 	C:\WINDOWS\system32\USER32.dll
0x00007ffad6680000 - 0x00007ffad6806000 	C:\WINDOWS\system32\GDI32.dll
0x00007ffacb810000 - 0x00007ffacba84000 	C:\WINDOWS\WinSxS\amd64_microsoft.windows.common-controls_6595b64144ccf1df_6.0.10586.0_none_8c15ae12515e1c22\COMCTL32.dll
0x00007ffad4a00000 - 0x00007ffad4c7d000 	C:\WINDOWS\system32\combase.dll
0x00007ffad3490000 - 0x00007ffad34fa000 	C:\WINDOWS\system32\bcryptPrimitives.dll
0x00007ffad43b0000 - 0x00007ffad43eb000 	C:\WINDOWS\system32\IMM32.DLL
0x00000000522d0000 - 0x00000000523a2000 	D:\Java\jdk1.8.0_73\jre\bin\msvcr100.dll
0x00000000523b0000 - 0x0000000052c40000 	D:\Java\jdk1.8.0_73\jre\bin\server\jvm.dll
0x00007ffad4280000 - 0x00007ffad4288000 	C:\WINDOWS\system32\PSAPI.DLL
0x00007ffacfca0000 - 0x00007ffacfca9000 	C:\WINDOWS\SYSTEM32\WSOCK32.dll
0x00007ffad1180000 - 0x00007ffad11a3000 	C:\WINDOWS\SYSTEM32\WINMM.dll
0x00007ffad1e20000 - 0x00007ffad1e2a000 	C:\WINDOWS\SYSTEM32\VERSION.dll
0x00007ffad1150000 - 0x00007ffad117c000 	C:\WINDOWS\SYSTEM32\WINMMBASE.dll
0x00007ffad3500000 - 0x00007ffad3543000 	C:\WINDOWS\system32\cfgmgr32.dll
0x00007ffad4990000 - 0x00007ffad49fb000 	C:\WINDOWS\system32\WS2_32.dll
0x00000000522c0000 - 0x00000000522cf000 	D:\Java\jdk1.8.0_73\jre\bin\verify.dll
0x0000000052290000 - 0x00000000522b9000 	D:\Java\jdk1.8.0_73\jre\bin\java.dll
0x0000000052270000 - 0x0000000052286000 	D:\Java\jdk1.8.0_73\jre\bin\zip.dll
0x00007ffad4fa0000 - 0x00007ffad64fc000 	C:\WINDOWS\system32\SHELL32.dll
0x00007ffad3550000 - 0x00007ffad3b95000 	C:\WINDOWS\system32\windows.storage.dll
0x00007ffad43f0000 - 0x00007ffad4442000 	C:\WINDOWS\system32\shlwapi.dll
0x00007ffad2fe0000 - 0x00007ffad2fef000 	C:\WINDOWS\system32\kernel.appcore.dll
0x00007ffad3200000 - 0x00007ffad32b5000 	C:\WINDOWS\system32\shcore.dll
0x00007ffad2ff0000 - 0x00007ffad303b000 	C:\WINDOWS\system32\powrprof.dll
0x00007ffad2fc0000 - 0x00007ffad2fd4000 	C:\WINDOWS\system32\profapi.dll
0x0000000052250000 - 0x000000005226a000 	D:\Java\jdk1.8.0_73\jre\bin\net.dll
0x0000000180000000 - 0x000000018008c000 	C:\WINDOWS\system32\ASProxy64.dll
0x00007ffad4df0000 - 0x00007ffad4f33000 	C:\WINDOWS\system32\ole32.dll
0x00007ffad6810000 - 0x00007ffad68d1000 	C:\WINDOWS\system32\OLEAUT32.dll
0x00007ffad2880000 - 0x00007ffad28dc000 	C:\WINDOWS\SYSTEM32\MSWSOCK.dll
0x00007ffad1e30000 - 0x00007ffad1e68000 	C:\WINDOWS\SYSTEM32\IPHLPAPI.DLL
0x00007ffad2c30000 - 0x00007ffad2c5d000 	C:\WINDOWS\SYSTEM32\SspiCli.dll
0x00007ffad1960000 - 0x00007ffad19f6000 	C:\WINDOWS\system32\uxtheme.dll
0x00007ffad4880000 - 0x00007ffad4927000 	C:\WINDOWS\system32\clbcatq.dll
0x00007ffad2de0000 - 0x00007ffad2e79000 	C:\WINDOWS\SYSTEM32\sxs.dll
0x0000000052230000 - 0x0000000052241000 	D:\Java\jdk1.8.0_73\jre\bin\nio.dll
0x00007ffaccdc0000 - 0x00007ffaccdd2000 	C:\Users\psuwg\.gradle\native\19\windows-amd64\native-platform.dll
0x00007ffad4c80000 - 0x00007ffad4c88000 	C:\WINDOWS\system32\NSI.dll
0x00007ffacda60000 - 0x00007ffacda76000 	C:\WINDOWS\SYSTEM32\dhcpcsvc6.DLL
0x00007ffacda40000 - 0x00007ffacda5a000 	C:\WINDOWS\SYSTEM32\dhcpcsvc.DLL
0x00007ffad2930000 - 0x00007ffad2947000 	C:\WINDOWS\SYSTEM32\CRYPTSP.dll
0x00007ffad25c0000 - 0x00007ffad25f4000 	C:\WINDOWS\system32\rsaenh.dll
0x00007ffad2ee0000 - 0x00007ffad2f09000 	C:\WINDOWS\SYSTEM32\bcrypt.dll
0x00007ffad2710000 - 0x00007ffad272f000 	C:\WINDOWS\SYSTEM32\USERENV.dll
0x00007ffad2a50000 - 0x00007ffad2a5b000 	C:\WINDOWS\SYSTEM32\CRYPTBASE.dll
0x0000000052030000 - 0x000000005203d000 	D:\Java\jdk1.8.0_73\jre\bin\management.dll
0x0000000051f60000 - 0x0000000051f84000 	D:\Java\jdk1.8.0_73\jre\bin\sunec.dll
0x00007ffac4170000 - 0x00007ffac4186000 	C:\WINDOWS\system32\napinsp.dll
0x00007ffac4190000 - 0x00007ffac41aa000 	C:\WINDOWS\system32\pnrpnsp.dll
0x00007ffad0fa0000 - 0x00007ffad0fb8000 	C:\WINDOWS\system32\NLAapi.dll
0x00007ffad18b0000 - 0x00007ffad195a000 	C:\WINDOWS\SYSTEM32\DNSAPI.dll
0x00007ffac4460000 - 0x00007ffac446d000 	C:\WINDOWS\System32\winrnr.dll
0x00007ffacb640000 - 0x00007ffacb64a000 	C:\Windows\System32\rasadhlp.dll
0x00007ffacd4d0000 - 0x00007ffacd537000 	C:\WINDOWS\System32\fwpuclnt.dll
0x00007ffab43d0000 - 0x00007ffab455c000 	C:\WINDOWS\SYSTEM32\dbghelp.dll

VM Arguments:
jvm_args: -XX:MaxPermSize=256m -XX:+HeapDumpOnOutOfMemoryError -Xmx1024m -Dfile.encoding=GBK -Duser.country=CN -Duser.language=zh -Duser.variant 
java_command: org.gradle.launcher.daemon.bootstrap.GradleDaemon 2.10
java_class_path (initial): D:\android-studio\gradle\gradle-2.10\lib\gradle-launcher-2.10.jar
Launcher Type: SUN_STANDARD

Environment Variables:
PATH=D:\Python34;D:\Python34\Scripts;C:\WINDOWS\system32;C:\WINDOWS;C:\WINDOWS\System32\Wbem;C:\WINDOWS\System32\WindowsPowerShell\v1.0\;D:\sdk\platform-tools;D:\Node.JS\;C:\Users\psuwg\AppData\Roaming\npm;F:\gradle-2.11/bin;C:\ProgramData\Oracle\Java\javapath;D:\Java\jdk1.8.0_73\bin;D:\Git\bin;d:\Program Files (x86)\Microsoft VS Code Insiders\bin
USERNAME=psuwg
OS=Windows_NT
PROCESSOR_IDENTIFIER=Intel64 Family 6 Model 58 Stepping 9, GenuineIntel



---------------  S Y S T E M  ---------------

OS: Windows 10.0 , 64 bit Build 10586 (10.0.10586.0)

CPU:total 8 (4 cores per cpu, 2 threads per core) family 6 model 58 stepping 9, cmov, cx8, fxsr, mmx, sse, sse2, sse3, ssse3, sse4.1, sse4.2, popcnt, avx, aes, clmul, erms, ht, tsc, tscinvbit, tscinv

Memory: 4k page, physical 8268136k(948248k free), swap 9761944k(1666968k free)

vm_info: Java HotSpot(TM) 64-Bit Server VM (25.73-b02) for windows-amd64 JRE (1.8.0_73-b02), built on Jan 29 2016 17:38:49 by "java_re" with MS VC++ 10.0 (VS2010)

time: Mon Apr 04 17:18:57 2016
elapsed time: 11 seconds (0d 0h 0m 11s)

